【登录信息】
*0a62c18e26790886093c447330334361*
`登陆天数: 3天 / 641天
等级: 130
石头: 4010
呼符: 40
体力: 12792.563333333334 / 138
友情点: 0 / 466205`
*連続ログイン3日目
※ログインが途切れるか、7日到達すると
1日目から再開されます*
`叡智の業火 X 1
5月交換券(2024) X 1
`*カルデア・サマーアドベンチャー！ アンケート復刻版 開幕記念 ログインボーナス*
*開催期間中、1日1回 最大21回 ログインボーナスをプレゼント！*
`白銀の果実 X 1
`_2024-05-26 10:11:34_
--------
*794b11a146cf4e5bfd8bf1dfb37f8cf5*
`登陆天数: 3天 / 641天
等级: 130
石头: 4017
呼符: 304
体力: 12792.59 / 138
友情点: 0 / 467575`
*連続ログイン3日目
※ログインが途切れるか、7日到達すると
1日目から再開されます*
`叡智の業火 X 1
5月交換券(2024) X 1
`*カルデア・サマーアドベンチャー！ アンケート復刻版 開幕記念 ログインボーナス*
*開催期間中、1日1回 最大21回 ログインボーナスをプレゼント！*
`白銀の果実 X 1
`_2024-05-26 10:11:42_
--------
*869935bdb3f557990e9463c39a5fc84e*
`登陆天数: 3天 / 641天
等级: 130
石头: 4007
呼符: 310
体力: 12792.616666666667 / 138
友情点: 0 / 465460`
*連続ログイン3日目
※ログインが途切れるか、7日到達すると
1日目から再開されます*
`叡智の業火 X 1
5月交換券(2024) X 1
`*カルデア・サマーアドベンチャー！ アンケート復刻版 開幕記念 ログインボーナス*
*開催期間中、1日1回 最大21回 ログインボーナスをプレゼント！*
`白銀の果実 X 1
`_2024-05-26 10:11:50_
--------
*4204891a7ad304e59437ba6e9fcf888d*
`登陆天数: 3天 / 641天
等级: 130
石头: 4015
呼符: 289
体力: 12792.643333333333 / 138
友情点: 0 / 466075`
*連続ログイン3日目
※ログインが途切れるか、7日到達すると
1日目から再開されます*
`叡智の業火 X 1
5月交換券(2024) X 1
`*カルデア・サマーアドベンチャー！ アンケート復刻版 開幕記念 ログインボーナス*
*開催期間中、1日1回 最大21回 ログインボーナスをプレゼント！*
`白銀の果実 X 1
`_2024-05-26 10:11:59_
--------
*612a2ba04fa9b4b4eae112c013e39283*
`登陆天数: 3天 / 640天
等级: 130
石头: 4010
呼符: 24
体力: 12792.673333333334 / 138
友情点: 0 / 468590`
*連続ログイン3日目
※ログインが途切れるか、7日到達すると
1日目から再開されます*
`叡智の業火 X 1
5月交換券(2024) X 1
`*カルデア・サマーアドベンチャー！ アンケート復刻版 開幕記念 ログインボーナス*
*開催期間中、1日1回 最大21回 ログインボーナスをプレゼント！*
`白銀の果実 X 1
`_2024-05-26 10:12:07_
--------
*e33b82ae8f432438164e3188479adfd4*
`登陆天数: 3天 / 640天
等级: 130
石头: 3961
呼符: 310
体力: 12792.7 / 138
友情点: 0 / 468420`
*連続ログイン3日目
※ログインが途切れるか、7日到達すると
1日目から再開されます*
`叡智の業火 X 1
5月交換券(2024) X 1
`*カルデア・サマーアドベンチャー！ アンケート復刻版 開幕記念 ログインボーナス*
*開催期間中、1日1回 最大21回 ログインボーナスをプレゼント！*
`白銀の果実 X 1
`_2024-05-26 10:12:15_
--------
*5cb3fc21ffde8ff97331bf2bc615f922*
`登陆天数: 3天 / 640天
等级: 130
石头: 4008
呼符: 92
体力: 12792.73 / 138
友情点: 0 / 469555`
*連続ログイン3日目
※ログインが途切れるか、7日到達すると
1日目から再開されます*
`叡智の業火 X 1
5月交換券(2024) X 1
`*カルデア・サマーアドベンチャー！ アンケート復刻版 開幕記念 ログインボーナス*
*開催期間中、1日1回 最大21回 ログインボーナスをプレゼント！*
`白銀の果実 X 1
`_2024-05-26 10:12:24_
--------
*1424fb88578fb0510168b43bdb942bdd*
`登陆天数: 3天 / 640天
等级: 130
石头: 4008
呼符: 58
体力: 12792.76 / 138
友情点: 0 / 469355`
*連続ログイン3日目
※ログインが途切れるか、7日到達すると
1日目から再開されます*
`叡智の業火 X 1
5月交換券(2024) X 1
`*カルデア・サマーアドベンチャー！ アンケート復刻版 開幕記念 ログインボーナス*
*開催期間中、1日1回 最大21回 ログインボーナスをプレゼント！*
`白銀の果実 X 1
`_2024-05-26 10:12:33_
--------
*2348592468fe7a90dffabbca982e5b10*
`登陆天数: 3天 / 640天
等级: 130
石头: 4007
呼符: 24
体力: 12792.786666666667 / 138
友情点: 0 / 470740`
*連続ログイン3日目
※ログインが途切れるか、7日到達すると
1日目から再開されます*
`叡智の業火 X 1
5月交換券(2024) X 1
`*カルデア・サマーアドベンチャー！ アンケート復刻版 開幕記念 ログインボーナス*
*開催期間中、1日1回 最大21回 ログインボーナスをプレゼント！*
`白銀の果実 X 1
`_2024-05-26 10:12:41_
--------
*9b233ec48f0aebf215db9099f75e2314*
`登陆天数: 3天 / 641天
等级: 130
石头: 4003
呼符: 321
体力: 12792.813333333334 / 138
友情点: 0 / 466985`
*連続ログイン3日目
※ログインが途切れるか、7日到達すると
1日目から再開されます*
`叡智の業火 X 1
5月交換券(2024) X 1
`*カルデア・サマーアドベンチャー！ アンケート復刻版 開幕記念 ログインボーナス*
*開催期間中、1日1回 最大21回 ログインボーナスをプレゼント！*
`白銀の果実 X 1
`_2024-05-26 10:12:50_
--------
*fd318cb78011cd5d1af546eeb7bb4b94*
`登陆天数: 3天 / 641天
等级: 130
石头: 3968
呼符: 318
体力: 12792.843333333334 / 138
友情点: 0 / 465750`
*連続ログイン3日目
※ログインが途切れるか、7日到達すると
1日目から再開されます*
`叡智の業火 X 1
5月交換券(2024) X 1
`*カルデア・サマーアドベンチャー！ アンケート復刻版 開幕記念 ログインボーナス*
*開催期間中、1日1回 最大21回 ログインボーナスをプレゼント！*
`白銀の果実 X 1
`_2024-05-26 10:12:58_
--------
*692604e9941cbeec2b0b3ee54ae7804d*
`登陆天数: 3天 / 641天
等级: 130
石头: 4008
呼符: 255
体力: 12792.87 / 138
友情点: 0 / 465675`
*連続ログイン3日目
※ログインが途切れるか、7日到達すると
1日目から再開されます*
`叡智の業火 X 1
5月交換券(2024) X 1
`*カルデア・サマーアドベンチャー！ アンケート復刻版 開幕記念 ログインボーナス*
*開催期間中、1日1回 最大21回 ログインボーナスをプレゼント！*
`白銀の果実 X 1
`_2024-05-26 10:13:06_
--------
*19b0e1a2228ce591e28b0d022b6da1ca*
`登陆天数: 3天 / 641天
等级: 130
石头: 4013
呼符: 75
体力: 12792.893333333333 / 138
友情点: 0 / 466560`
*連続ログイン3日目
※ログインが途切れるか、7日到達すると
1日目から再開されます*
`叡智の業火 X 1
5月交換券(2024) X 1
`*カルデア・サマーアドベンチャー！ アンケート復刻版 開幕記念 ログインボーナス*
*開催期間中、1日1回 最大21回 ログインボーナスをプレゼント！*
`白銀の果実 X 1
`_2024-05-26 10:13:15_
--------
*19ef3504c876bd29e4c5eb178d504bca*
`登陆天数: 3天 / 640天
等级: 130
石头: 3986
呼符: 266
体力: 12792.926666666666 / 138
友情点: 0 / 467950`
*連続ログイン3日目
※ログインが途切れるか、7日到達すると
1日目から再開されます*
`叡智の業火 X 1
5月交換券(2024) X 1
`*カルデア・サマーアドベンチャー！ アンケート復刻版 開幕記念 ログインボーナス*
*開催期間中、1日1回 最大21回 ログインボーナスをプレゼント！*
`白銀の果実 X 1
`_2024-05-26 10:13:23_
--------
*5e2131975b61e566df8ab7d3533f01d2*
`登陆天数: 3天 / 640天
等级: 130
石头: 4009
呼符: 203
体力: 12792.953333333333 / 138
友情点: 0 / 468150`
*連続ログイン3日目
※ログインが途切れるか、7日到達すると
1日目から再開されます*
`叡智の業火 X 1
5月交換券(2024) X 1
`*カルデア・サマーアドベンチャー！ アンケート復刻版 開幕記念 ログインボーナス*
*開催期間中、1日1回 最大21回 ログインボーナスをプレゼント！*
`白銀の果実 X 1
`_2024-05-26 10:13:31_
--------
*77183952f89cd2befcb60d93f6f3b0fb*
`登陆天数: 3天 / 640天
等级: 130
石头: 4005
呼符: 118
体力: 12792.983333333334 / 138
友情点: 0 / 467935`
*連続ログイン3日目
※ログインが途切れるか、7日到達すると
1日目から再開されます*
`叡智の業火 X 1
5月交換券(2024) X 1
`*カルデア・サマーアドベンチャー！ アンケート復刻版 開幕記念 ログインボーナス*
*開催期間中、1日1回 最大21回 ログインボーナスをプレゼント！*
`白銀の果実 X 1
`_2024-05-26 10:13:40_
--------
*a2d111d33adad87037fe3d9ae11c00ef*
`登陆天数: 3天 / 640天
等级: 130
石头: 4007
呼符: 24
体力: 12793.01 / 138
友情点: 0 / 468035`
*連続ログイン3日目
※ログインが途切れるか、7日到達すると
1日目から再開されます*
`叡智の業火 X 1
5月交換券(2024) X 1
`*カルデア・サマーアドベンチャー！ アンケート復刻版 開幕記念 ログインボーナス*
*開催期間中、1日1回 最大21回 ログインボーナスをプレゼント！*
`白銀の果実 X 1
`_2024-05-26 10:13:48_
--------
*92b9264415d56def0af7b3d01e734896*
`登陆天数: 4天 / 642天
等级: 130
石头: 4016
呼符: 281
体力: 12793.04 / 138
友情点: 0 / 465315`
*連続ログイン4日目
※ログインが途切れるか、7日到達すると
1日目から再開されます*
`聖晶石 X 1
5月交換券(2024) X 1
`*カルデア・サマーアドベンチャー！ アンケート復刻版 開幕記念 ログインボーナス*
*開催期間中、1日1回 最大21回 ログインボーナスをプレゼント！*
`白銀の果実 X 1
`_2024-05-26 10:13:57_
--------
*d95136c6a9962e3429ac9025bc2be43d*
`登陆天数: 4天 / 641天
等级: 130
石头: 4008
呼符: 160
体力: 12793.066666666668 / 138
友情点: 0 / 468440`
*連続ログイン4日目
※ログインが途切れるか、7日到達すると
1日目から再開されます*
`聖晶石 X 1
5月交換券(2024) X 1
`*カルデア・サマーアドベンチャー！ アンケート復刻版 開幕記念 ログインボーナス*
*開催期間中、1日1回 最大21回 ログインボーナスをプレゼント！*
`白銀の果実 X 1
`_2024-05-26 10:14:05_
--------
*c1903336d6a4a100128eb0db008e7338*
`登陆天数: 3天 / 641天
等级: 130
石头: 4001
呼符: 207
体力: 12793.096666666666 / 138
友情点: 0 / 468520`
*連続ログイン3日目
※ログインが途切れるか、7日到達すると
1日目から再開されます*
`叡智の業火 X 1
5月交換券(2024) X 1
`*カルデア・サマーアドベンチャー！ アンケート復刻版 開幕記念 ログインボーナス*
*開催期間中、1日1回 最大21回 ログインボーナスをプレゼント！*
`白銀の果実 X 1
`_2024-05-26 10:14:14_
--------
*e86d748fa3290322649a8680760f0519*
`登陆天数: 3天 / 640天
等级: 130
石头: 4012
呼符: 171
体力: 12793.12 / 138
友情点: 0 / 470190`
*連続ログイン3日目
※ログインが途切れるか、7日到達すると
1日目から再開されます*
`叡智の業火 X 1
5月交換券(2024) X 1
`*カルデア・サマーアドベンチャー！ アンケート復刻版 開幕記念 ログインボーナス*
*開催期間中、1日1回 最大21回 ログインボーナスをプレゼント！*
`白銀の果実 X 1
`_2024-05-26 10:14:22_
--------
*25c4b0f5786e8cbae7de775e47ea797d*
`登陆天数: 3天 / 640天
等级: 130
石头: 4015
呼符: 117
体力: 12793.153333333334 / 138
友情点: 0 / 468295`
*連続ログイン3日目
※ログインが途切れるか、7日到達すると
1日目から再開されます*
`叡智の業火 X 1
5月交換券(2024) X 1
`*カルデア・サマーアドベンチャー！ アンケート復刻版 開幕記念 ログインボーナス*
*開催期間中、1日1回 最大21回 ログインボーナスをプレゼント！*
`白銀の果実 X 1
`_2024-05-26 10:14:31_
--------
*c94f8fb36a40f6022e81c3fac4426aa0*
`登陆天数: 3天 / 640天
等级: 130
石头: 3989
呼符: 80
体力: 12793.176666666666 / 138
友情点: 0 / 468335`
*連続ログイン3日目
※ログインが途切れるか、7日到達すると
1日目から再開されます*
`叡智の業火 X 1
5月交換券(2024) X 1
`*カルデア・サマーアドベンチャー！ アンケート復刻版 開幕記念 ログインボーナス*
*開催期間中、1日1回 最大21回 ログインボーナスをプレゼント！*
`白銀の果実 X 1
`_2024-05-26 10:14:39_
--------
*55ddef8f1bc8f01e1753b3e72dc30a5f*
`登陆天数: 3天 / 640天
等级: 130
石头: 3997
呼符: 310
体力: 12793.21 / 138
友情点: 0 / 468505`
*連続ログイン3日目
※ログインが途切れるか、7日到達すると
1日目から再開されます*
`叡智の業火 X 1
5月交換券(2024) X 1
`*カルデア・サマーアドベンチャー！ アンケート復刻版 開幕記念 ログインボーナス*
*開催期間中、1日1回 最大21回 ログインボーナスをプレゼント！*
`白銀の果実 X 1
`_2024-05-26 10:14:48_
--------
*16decacabe495a74848cfc1b7124673d*
`登陆天数: 3天 / 641天
等级: 130
石头: 3998
呼符: 285
体力: 12793.236666666666 / 138
友情点: 0 / 467800`
*連続ログイン3日目
※ログインが途切れるか、7日到達すると
1日目から再開されます*
`叡智の業火 X 1
5月交換券(2024) X 1
`*カルデア・サマーアドベンチャー！ アンケート復刻版 開幕記念 ログインボーナス*
*開催期間中、1日1回 最大21回 ログインボーナスをプレゼント！*
`白銀の果実 X 1
`_2024-05-26 10:14:56_
--------
*f287e413d279c4ebbef4732751cab640*
`登陆天数: 3天 / 640天
等级: 130
石头: 4006
呼符: 153
体力: 12793.253333333334 / 138
友情点: 0 / 468750`
*連続ログイン3日目
※ログインが途切れるか、7日到達すると
1日目から再開されます*
`叡智の業火 X 1
5月交換券(2024) X 1
`*カルデア・サマーアドベンチャー！ アンケート復刻版 開幕記念 ログインボーナス*
*開催期間中、1日1回 最大21回 ログインボーナスをプレゼント！*
`白銀の果実 X 1
`_2024-05-26 10:15:04_
--------
*57cf3a3a73d2edebd9f130be3d16efa8*
`登陆天数: 3天 / 640天
等级: 130
石头: 4009
呼符: 318
体力: 12793.29 / 138
友情点: 0 / 468770`
*連続ログイン3日目
※ログインが途切れるか、7日到達すると
1日目から再開されます*
`叡智の業火 X 1
5月交換券(2024) X 1
`*カルデア・サマーアドベンチャー！ アンケート復刻版 開幕記念 ログインボーナス*
*開催期間中、1日1回 最大21回 ログインボーナスをプレゼント！*
`白銀の果実 X 1
`_2024-05-26 10:15:13_
--------
*d350c31765994643f0e6ddea1e9d06bc*
`登陆天数: 3天 / 640天
等级: 130
石头: 4005
呼符: 44
体力: 12793.32 / 138
友情点: 0 / 467985`
*連続ログイン3日目
※ログインが途切れるか、7日到達すると
1日目から再開されます*
`叡智の業火 X 1
5月交換券(2024) X 1
`*カルデア・サマーアドベンチャー！ アンケート復刻版 開幕記念 ログインボーナス*
*開催期間中、1日1回 最大21回 ログインボーナスをプレゼント！*
`白銀の果実 X 1
`_2024-05-26 10:15:21_
--------
*4e55cf445ee0c2ef6253265cd6a3a929*
`登陆天数: 3天 / 641天
等级: 130
石头: 3991
呼符: 261
体力: 12793.35 / 138
友情点: 0 / 468230`
*連続ログイン3日目
※ログインが途切れるか、7日到達すると
1日目から再開されます*
`叡智の業火 X 1
5月交換券(2024) X 1
`*カルデア・サマーアドベンチャー！ アンケート復刻版 開幕記念 ログインボーナス*
*開催期間中、1日1回 最大21回 ログインボーナスをプレゼント！*
`白銀の果実 X 1
`_2024-05-26 10:15:30_
--------
*dad5adc84ce5abe077fda114f16a9d05*
`登陆天数: 3天 / 641天
等级: 130
石头: 4003
呼符: 320
体力: 12793.376666666667 / 138
友情点: 0 / 466680`
*連続ログイン3日目
※ログインが途切れるか、7日到達すると
1日目から再開されます*
`叡智の業火 X 1
5月交換券(2024) X 1
`*カルデア・サマーアドベンチャー！ アンケート復刻版 開幕記念 ログインボーナス*
*開催期間中、1日1回 最大21回 ログインボーナスをプレゼント！*
`白銀の果実 X 1
`_2024-05-26 10:15:38_
--------
*921d1c4ed87ac1ab10c1b0a04bd2c8ed*
`登陆天数: 3天 / 640天
等级: 130
石头: 4008
呼符: 186
体力: 12793.403333333334 / 138
友情点: 0 / 469000`
*連続ログイン3日目
※ログインが途切れるか、7日到達すると
1日目から再開されます*
`叡智の業火 X 1
5月交換券(2024) X 1
`*カルデア・サマーアドベンチャー！ アンケート復刻版 開幕記念 ログインボーナス*
*開催期間中、1日1回 最大21回 ログインボーナスをプレゼント！*
`白銀の果実 X 1
`_2024-05-26 10:15:46_
--------
*40f3d861aee0cf84d4a0840d8c372a5b*
`登陆天数: 3天 / 641天
等级: 130
石头: 4014
呼符: 25
体力: 12793.433333333332 / 138
友情点: 0 / 465945`
*連続ログイン3日目
※ログインが途切れるか、7日到達すると
1日目から再開されます*
`叡智の業火 X 1
5月交換券(2024) X 1
`*カルデア・サマーアドベンチャー！ アンケート復刻版 開幕記念 ログインボーナス*
*開催期間中、1日1回 最大21回 ログインボーナスをプレゼント！*
`白銀の果実 X 1
`_2024-05-26 10:15:55_
--------
*603275524416c3912f5024c92d0f961c*
`登陆天数: 3天 / 641天
等级: 130
石头: 4007
呼符: 109
体力: 12793.46 / 138
友情点: 0 / 465960`
*連続ログイン3日目
※ログインが途切れるか、7日到達すると
1日目から再開されます*
`叡智の業火 X 1
5月交換券(2024) X 1
`*カルデア・サマーアドベンチャー！ アンケート復刻版 開幕記念 ログインボーナス*
*開催期間中、1日1回 最大21回 ログインボーナスをプレゼント！*
`白銀の果実 X 1
`_2024-05-26 10:16:03_
--------
*8bf7f0b496e73e90108108064c8d1025*
`登陆天数: 3天 / 641天
等级: 130
石头: 4014
呼符: 306
体力: 12793.49 / 138
友情点: 0 / 466470`
*連続ログイン3日目
※ログインが途切れるか、7日到達すると
1日目から再開されます*
`叡智の業火 X 1
5月交換券(2024) X 1
`*カルデア・サマーアドベンチャー！ アンケート復刻版 開幕記念 ログインボーナス*
*開催期間中、1日1回 最大21回 ログインボーナスをプレゼント！*
`白銀の果実 X 1
`_2024-05-26 10:16:12_
--------
*b38de19acd62fb60fb8f48094a7e6813*
`登陆天数: 3天 / 640天
等级: 130
石头: 3998
呼符: 264
体力: 12793.513333333334 / 138
友情点: 0 / 469815`
*連続ログイン3日目
※ログインが途切れるか、7日到達すると
1日目から再開されます*
`叡智の業火 X 1
5月交換券(2024) X 1
`*カルデア・サマーアドベンチャー！ アンケート復刻版 開幕記念 ログインボーナス*
*開催期間中、1日1回 最大21回 ログインボーナスをプレゼント！*
`白銀の果実 X 1
`_2024-05-26 10:16:20_
--------
*f6068f076a4e7f9a194989fc309aa340*
`登陆天数: 3天 / 641天
等级: 130
石头: 4007
呼符: 287
体力: 12793.543333333333 / 138
友情点: 0 / 468150`
*連続ログイン3日目
※ログインが途切れるか、7日到達すると
1日目から再開されます*
`叡智の業火 X 1
5月交換券(2024) X 1
`*カルデア・サマーアドベンチャー！ アンケート復刻版 開幕記念 ログインボーナス*
*開催期間中、1日1回 最大21回 ログインボーナスをプレゼント！*
`白銀の果実 X 1
`_2024-05-26 10:16:29_
--------
*3d3c0c635910338891ca3735b496d68b*
`登陆天数: 3天 / 641天
等级: 130
石头: 4013
呼符: 251
体力: 12793.573333333334 / 138
友情点: 0 / 467440`
*連続ログイン3日目
※ログインが途切れるか、7日到達すると
1日目から再開されます*
`叡智の業火 X 1
5月交換券(2024) X 1
`*カルデア・サマーアドベンチャー！ アンケート復刻版 開幕記念 ログインボーナス*
*開催期間中、1日1回 最大21回 ログインボーナスをプレゼント！*
`白銀の果実 X 1
`_2024-05-26 10:16:37_
--------
*f85936368c865168333f51d37af18328*
`登陆天数: 3天 / 640天
等级: 130
石头: 4013
呼符: 292
体力: 12793.596666666666 / 138
友情点: 0 / 468415`
*連続ログイン3日目
※ログインが途切れるか、7日到達すると
1日目から再開されます*
`叡智の業火 X 1
5月交換券(2024) X 1
`*カルデア・サマーアドベンチャー！ アンケート復刻版 開幕記念 ログインボーナス*
*開催期間中、1日1回 最大21回 ログインボーナスをプレゼント！*
`白銀の果実 X 1
`_2024-05-26 10:16:45_
--------
*0e127942d2b21f0f50bb59b200354392*
`登陆天数: 3天 / 640天
等级: 130
石头: 3965
呼符: 24
体力: 12793.626666666667 / 138
友情点: 0 / 468935`
*連続ログイン3日目
※ログインが途切れるか、7日到達すると
1日目から再開されます*
`叡智の業火 X 1
5月交換券(2024) X 1
`*カルデア・サマーアドベンチャー！ アンケート復刻版 開幕記念 ログインボーナス*
*開催期間中、1日1回 最大21回 ログインボーナスをプレゼント！*
`白銀の果実 X 1
`_2024-05-26 10:16:54_
--------
*9278fb48ad8e6de8eea81e0bacf56a50*
`登陆天数: 3天 / 640天
等级: 130
石头: 3980
呼符: 315
体力: 12793.653333333334 / 138
友情点: 0 / 469065`
*連続ログイン3日目
※ログインが途切れるか、7日到達すると
1日目から再開されます*
`叡智の業火 X 1
5月交換券(2024) X 1
`*カルデア・サマーアドベンチャー！ アンケート復刻版 開幕記念 ログインボーナス*
*開催期間中、1日1回 最大21回 ログインボーナスをプレゼント！*
`白銀の果実 X 1
`_2024-05-26 10:17:03_
--------
*fccb293dd278a1ddbe1c4e640e5d8090*
`登陆天数: 3天 / 640天
等级: 130
石头: 4014
呼符: 34
体力: 12793.686666666666 / 138
友情点: 0 / 468425`
*連続ログイン3日目
※ログインが途切れるか、7日到達すると
1日目から再開されます*
`叡智の業火 X 1
5月交換券(2024) X 1
`*カルデア・サマーアドベンチャー！ アンケート復刻版 開幕記念 ログインボーナス*
*開催期間中、1日1回 最大21回 ログインボーナスをプレゼント！*
`白銀の果実 X 1
`_2024-05-26 10:17:11_
--------
*e26c99efcc945ff9fce53bea9cbbd044*
`登陆天数: 3天 / 640天
等级: 130
石头: 3996
呼符: 139
体力: 12793.71 / 138
友情点: 0 / 468595`
*連続ログイン3日目
※ログインが途切れるか、7日到達すると
1日目から再開されます*
`叡智の業火 X 1
5月交換券(2024) X 1
`*カルデア・サマーアドベンチャー！ アンケート復刻版 開幕記念 ログインボーナス*
*開催期間中、1日1回 最大21回 ログインボーナスをプレゼント！*
`白銀の果実 X 1
`_2024-05-26 10:17:19_
--------
*fc7a7e0a25e6e85660990a6936b8a0f0*
`登陆天数: 3天 / 640天
等级: 130
石头: 4013
呼符: 294
体力: 12793.74 / 138
友情点: 0 / 469775`
*連続ログイン3日目
※ログインが途切れるか、7日到達すると
1日目から再開されます*
`叡智の業火 X 1
5月交換券(2024) X 1
`*カルデア・サマーアドベンチャー！ アンケート復刻版 開幕記念 ログインボーナス*
*開催期間中、1日1回 最大21回 ログインボーナスをプレゼント！*
`白銀の果実 X 1
`_2024-05-26 10:17:28_
--------
*cebfff55ba19ca3a7e5a1f3940a83ac0*
`登陆天数: 3天 / 640天
等级: 130
石头: 4008
呼符: 229
体力: 12793.77 / 138
友情点: 0 / 467585`
*連続ログイン3日目
※ログインが途切れるか、7日到達すると
1日目から再開されます*
`叡智の業火 X 1
5月交換券(2024) X 1
`*カルデア・サマーアドベンチャー！ アンケート復刻版 開幕記念 ログインボーナス*
*開催期間中、1日1回 最大21回 ログインボーナスをプレゼント！*
`白銀の果実 X 1
`_2024-05-26 10:17:36_
--------
*6767965d649129adb0955418f8601cee*
`登陆天数: 3天 / 640天
等级: 130
石头: 4006
呼符: 273
体力: 12793.796666666667 / 138
友情点: 0 / 471925`
*連続ログイン3日目
※ログインが途切れるか、7日到達すると
1日目から再開されます*
`叡智の業火 X 1
5月交換券(2024) X 1
`*カルデア・サマーアドベンチャー！ アンケート復刻版 開幕記念 ログインボーナス*
*開催期間中、1日1回 最大21回 ログインボーナスをプレゼント！*
`白銀の果実 X 1
`_2024-05-26 10:17:44_
--------
*979aafaf82d347a492d0bbf372a5b43a*
`登陆天数: 3天 / 641天
等级: 130
石头: 4006
呼符: 25
体力: 12793.826666666666 / 138
友情点: 0 / 466405`
*連続ログイン3日目
※ログインが途切れるか、7日到達すると
1日目から再開されます*
`叡智の業火 X 1
5月交換券(2024) X 1
`*カルデア・サマーアドベンチャー！ アンケート復刻版 開幕記念 ログインボーナス*
*開催期間中、1日1回 最大21回 ログインボーナスをプレゼント！*
`白銀の果実 X 1
`_2024-05-26 10:17:53_
--------
*2447b142c61b9ad7ceaac321c88153cb*
`登陆天数: 3天 / 641天
等级: 130
石头: 4009
呼符: 311
体力: 12793.853333333333 / 138
友情点: 0 / 465640`
*連続ログイン3日目
※ログインが途切れるか、7日到達すると
1日目から再開されます*
`叡智の業火 X 1
5月交換券(2024) X 1
`*カルデア・サマーアドベンチャー！ アンケート復刻版 開幕記念 ログインボーナス*
*開催期間中、1日1回 最大21回 ログインボーナスをプレゼント！*
`白銀の果実 X 1
`_2024-05-26 10:18:01_
--------
*58e2bbca08853ce0bb8071a5e9d0ee89*
`登陆天数: 3天 / 640天
等级: 130
石头: 3999
呼符: 132
体力: 12793.88 / 138
友情点: 0 / 467065`
*連続ログイン3日目
※ログインが途切れるか、7日到達すると
1日目から再開されます*
`叡智の業火 X 1
5月交換券(2024) X 1
`*カルデア・サマーアドベンチャー！ アンケート復刻版 開幕記念 ログインボーナス*
*開催期間中、1日1回 最大21回 ログインボーナスをプレゼント！*
`白銀の果実 X 1
`_2024-05-26 10:18:10_
--------
*25d49ff78b6eb76ebd8cdee0b5df4e05*
`登陆天数: 3天 / 641天
等级: 130
石头: 4011
呼符: 193
体力: 12793.906666666666 / 138
友情点: 0 / 465655`
*連続ログイン3日目
※ログインが途切れるか、7日到達すると
1日目から再開されます*
`叡智の業火 X 1
5月交換券(2024) X 1
`*カルデア・サマーアドベンチャー！ アンケート復刻版 開幕記念 ログインボーナス*
*開催期間中、1日1回 最大21回 ログインボーナスをプレゼント！*
`白銀の果実 X 1
`_2024-05-26 10:18:18_
--------
*d4e316ee7b1f93fb6a25aae62d13847d*
`登陆天数: 3天 / 641天
等级: 130
石头: 4006
呼符: 275
体力: 12793.936666666666 / 138
友情点: 0 / 467320`
*連続ログイン3日目
※ログインが途切れるか、7日到達すると
1日目から再開されます*
`叡智の業火 X 1
5月交換券(2024) X 1
`*カルデア・サマーアドベンチャー！ アンケート復刻版 開幕記念 ログインボーナス*
*開催期間中、1日1回 最大21回 ログインボーナスをプレゼント！*
`白銀の果実 X 1
`_2024-05-26 10:18:27_
--------
