【登录信息】
*141277de0c6c75d6fef1d51db132b647*
`登陆天数: 4天 / 641天
等级: 130
石头: 4015
呼符: 323
体力: 13104.76 / 138
友情点: 0 / 470010`
*連続ログイン4日目
※ログインが途切れるか、7日到達すると
1日目から再開されます*
`聖晶石 X 1
5月交換券(2024) X 1
`*カルデア・サマーアドベンチャー！ アンケート復刻版 開幕記念 ログインボーナス*
*開催期間中、1日1回 最大21回 ログインボーナスをプレゼント！*
`白銀の果実 X 1
`_2024-05-27 12:12:33_
--------
*dd1478490f0923e83e82e0d9462ab4c7*
`登陆天数: 4天 / 642天
等级: 130
石头: 4030
呼符: 262
体力: 13104.79 / 138
友情点: 0 / 467205`
*連続ログイン4日目
※ログインが途切れるか、7日到達すると
1日目から再開されます*
`聖晶石 X 1
5月交換券(2024) X 1
`*カルデア・サマーアドベンチャー！ アンケート復刻版 開幕記念 ログインボーナス*
*開催期間中、1日1回 最大21回 ログインボーナスをプレゼント！*
`白銀の果実 X 1
`_2024-05-27 12:12:41_
--------
*98239d709de6e01096a38e62bdf79ef3*
`登陆天数: 4天 / 641天
等级: 130
石头: 4012
呼符: 309
体力: 13104.82 / 138
友情点: 0 / 468310`
*連続ログイン4日目
※ログインが途切れるか、7日到達すると
1日目から再開されます*
`聖晶石 X 1
5月交換券(2024) X 1
`*カルデア・サマーアドベンチャー！ アンケート復刻版 開幕記念 ログインボーナス*
*開催期間中、1日1回 最大21回 ログインボーナスをプレゼント！*
`白銀の果実 X 1
`_2024-05-27 12:12:50_
--------
*299736d03529135480f59e914b132031*
`登陆天数: 4天 / 642天
等级: 130
石头: 4008
呼符: 209
体力: 13104.846666666666 / 138
友情点: 0 / 466025`
*連続ログイン4日目
※ログインが途切れるか、7日到達すると
1日目から再開されます*
`聖晶石 X 1
5月交換券(2024) X 1
`*カルデア・サマーアドベンチャー！ アンケート復刻版 開幕記念 ログインボーナス*
*開催期間中、1日1回 最大21回 ログインボーナスをプレゼント！*
`白銀の果実 X 1
`_2024-05-27 12:12:58_
--------
*e0a2dd39e92f0ccb2931797eaf9eaf5c*
`登陆天数: 4天 / 641天
等级: 130
石头: 3996
呼符: 155
体力: 13104.876666666667 / 138
友情点: 0 / 468695`
*連続ログイン4日目
※ログインが途切れるか、7日到達すると
1日目から再開されます*
`聖晶石 X 1
5月交換券(2024) X 1
`*カルデア・サマーアドベンチャー！ アンケート復刻版 開幕記念 ログインボーナス*
*開催期間中、1日1回 最大21回 ログインボーナスをプレゼント！*
`白銀の果実 X 1
`_2024-05-27 12:13:07_
--------
*e181726bfabda682901bc0334152dd06*
`登陆天数: 4天 / 641天
等级: 130
石头: 4005
呼符: 24
体力: 13104.9 / 138
友情点: 0 / 467185`
*連続ログイン4日目
※ログインが途切れるか、7日到達すると
1日目から再開されます*
`聖晶石 X 1
5月交換券(2024) X 1
`*カルデア・サマーアドベンチャー！ アンケート復刻版 開幕記念 ログインボーナス*
*開催期間中、1日1回 最大21回 ログインボーナスをプレゼント！*
`白銀の果実 X 1
`_2024-05-27 12:13:15_
--------
*eece88bb653428e82db863d4157b0f33*
`登陆天数: 4天 / 641天
等级: 130
石头: 4001
呼符: 255
体力: 13104.93 / 138
友情点: 0 / 469185`
*連続ログイン4日目
※ログインが途切れるか、7日到達すると
1日目から再開されます*
`聖晶石 X 1
5月交換券(2024) X 1
`*カルデア・サマーアドベンチャー！ アンケート復刻版 開幕記念 ログインボーナス*
*開催期間中、1日1回 最大21回 ログインボーナスをプレゼント！*
`白銀の果実 X 1
`_2024-05-27 12:13:24_
--------
*65ef8b242817d25fd2d076b520f89429*
`登陆天数: 4天 / 641天
等级: 130
石头: 4007
呼符: 204
体力: 13104.96 / 138
友情点: 0 / 467660`
*連続ログイン4日目
※ログインが途切れるか、7日到達すると
1日目から再開されます*
`聖晶石 X 1
5月交換券(2024) X 1
`*カルデア・サマーアドベンチャー！ アンケート復刻版 開幕記念 ログインボーナス*
*開催期間中、1日1回 最大21回 ログインボーナスをプレゼント！*
`白銀の果実 X 1
`_2024-05-27 12:13:32_
--------
*e770773fb98a198b7c520831f126db7a*
`登陆天数: 4天 / 641天
等级: 130
石头: 3990
呼符: 271
体力: 13104.99 / 138
友情点: 0 / 467615`
*連続ログイン4日目
※ログインが途切れるか、7日到達すると
1日目から再開されます*
`聖晶石 X 1
5月交換券(2024) X 1
`*カルデア・サマーアドベンチャー！ アンケート復刻版 開幕記念 ログインボーナス*
*開催期間中、1日1回 最大21回 ログインボーナスをプレゼント！*
`白銀の果実 X 1
`_2024-05-27 12:13:41_
--------
*e0a93af10759e7c22563d88477bade9d*
`登陆天数: 4天 / 641天
等级: 130
石头: 3996
呼符: 29
体力: 13105.02 / 138
友情点: 0 / 468125`
*連続ログイン4日目
※ログインが途切れるか、7日到達すると
1日目から再開されます*
`聖晶石 X 1
5月交換券(2024) X 1
`*カルデア・サマーアドベンチャー！ アンケート復刻版 開幕記念 ログインボーナス*
*開催期間中、1日1回 最大21回 ログインボーナスをプレゼント！*
`白銀の果実 X 1
`_2024-05-27 12:13:50_
--------
*86acfdfc1ed9f2c822d31fcc0e0e0dec*
`登陆天数: 4天 / 641天
等级: 130
石头: 3996
呼符: 149
体力: 13105.046666666667 / 138
友情点: 0 / 468505`
*連続ログイン4日目
※ログインが途切れるか、7日到達すると
1日目から再開されます*
`聖晶石 X 1
5月交換券(2024) X 1
`*カルデア・サマーアドベンチャー！ アンケート復刻版 開幕記念 ログインボーナス*
*開催期間中、1日1回 最大21回 ログインボーナスをプレゼント！*
`白銀の果実 X 1
`_2024-05-27 12:13:58_
--------
*193f2b96f476b938283df65f88726f58*
`登陆天数: 4天 / 642天
等级: 130
石头: 3981
呼符: 275
体力: 13105.073333333334 / 138
友情点: 0 / 465845`
*連続ログイン4日目
※ログインが途切れるか、7日到達すると
1日目から再開されます*
`聖晶石 X 1
5月交換券(2024) X 1
`*カルデア・サマーアドベンチャー！ アンケート復刻版 開幕記念 ログインボーナス*
*開催期間中、1日1回 最大21回 ログインボーナスをプレゼント！*
`白銀の果実 X 1
`_2024-05-27 12:14:07_
--------
*6d7d3eef567106c05f7574752788cfe5*
`登陆天数: 4天 / 641天
等级: 130
石头: 4020
呼符: 143
体力: 13105.106666666667 / 138
友情点: 0 / 468460`
*連続ログイン4日目
※ログインが途切れるか、7日到達すると
1日目から再開されます*
`聖晶石 X 1
5月交換券(2024) X 1
`*カルデア・サマーアドベンチャー！ アンケート復刻版 開幕記念 ログインボーナス*
*開催期間中、1日1回 最大21回 ログインボーナスをプレゼント！*
`白銀の果実 X 1
`_2024-05-27 12:14:15_
--------
*bd0494f5f49d3b6dcf01172361625e7d*
`登陆天数: 4天 / 641天
等级: 130
石头: 4016
呼符: 266
体力: 13105.133333333333 / 138
友情点: 0 / 468355`
*連続ログイン4日目
※ログインが途切れるか、7日到達すると
1日目から再開されます*
`聖晶石 X 1
5月交換券(2024) X 1
`*カルデア・サマーアドベンチャー！ アンケート復刻版 開幕記念 ログインボーナス*
*開催期間中、1日1回 最大21回 ログインボーナスをプレゼント！*
`白銀の果実 X 1
`_2024-05-27 12:14:24_
--------
*fc0ad2d37387e5cea92ddfd45b0d7b37*
`登陆天数: 4天 / 641天
等级: 130
石头: 4047
呼符: 104
体力: 13105.163333333334 / 138
友情点: 0 / 469845`
*連続ログイン4日目
※ログインが途切れるか、7日到達すると
1日目から再開されます*
`聖晶石 X 1
5月交換券(2024) X 1
`*カルデア・サマーアドベンチャー！ アンケート復刻版 開幕記念 ログインボーナス*
*開催期間中、1日1回 最大21回 ログインボーナスをプレゼント！*
`白銀の果実 X 1
`_2024-05-27 12:14:33_
--------
*76511083dad51d1fba52bed528085f50*
`登陆天数: 4天 / 641天
等级: 130
石头: 4008
呼符: 283
体力: 13105.193333333333 / 138
友情点: 0 / 469650`
*連続ログイン4日目
※ログインが途切れるか、7日到達すると
1日目から再開されます*
`聖晶石 X 1
5月交換券(2024) X 1
`*カルデア・サマーアドベンチャー！ アンケート復刻版 開幕記念 ログインボーナス*
*開催期間中、1日1回 最大21回 ログインボーナスをプレゼント！*
`白銀の果実 X 1
`_2024-05-27 12:14:42_
--------
*d7ad9fd972b788dfed5336419afb514b*
`登陆天数: 4天 / 641天
等级: 130
石头: 4008
呼符: 166
体力: 13105.223333333333 / 138
友情点: 0 / 468425`
*連続ログイン4日目
※ログインが途切れるか、7日到達すると
1日目から再開されます*
`聖晶石 X 1
5月交換券(2024) X 1
`*カルデア・サマーアドベンチャー！ アンケート復刻版 開幕記念 ログインボーナス*
*開催期間中、1日1回 最大21回 ログインボーナスをプレゼント！*
`白銀の果実 X 1
`_2024-05-27 12:14:51_
--------
*746392085d94995c62fa0ac2b143151f*
`登陆天数: 4天 / 641天
等级: 130
石头: 4006
呼符: 265
体力: 13105.246666666666 / 138
友情点: 0 / 468110`
*連続ログイン4日目
※ログインが途切れるか、7日到達すると
1日目から再開されます*
`聖晶石 X 1
5月交換券(2024) X 1
`*カルデア・サマーアドベンチャー！ アンケート復刻版 開幕記念 ログインボーナス*
*開催期間中、1日1回 最大21回 ログインボーナスをプレゼント！*
`白銀の果実 X 1
`_2024-05-27 12:14:59_
--------
*e7552423672bfffeb458f5e501f465ef*
`登陆天数: 4天 / 642天
等级: 130
石头: 4003
呼符: 307
体力: 13105.28 / 138
友情点: 0 / 466995`
*連続ログイン4日目
※ログインが途切れるか、7日到達すると
1日目から再開されます*
`聖晶石 X 1
5月交換券(2024) X 1
`*カルデア・サマーアドベンチャー！ アンケート復刻版 開幕記念 ログインボーナス*
*開催期間中、1日1回 最大21回 ログインボーナスをプレゼント！*
`白銀の果実 X 1
`_2024-05-27 12:15:08_
--------
*86e91afbc09c80f3838de04cc41b3dce*
`登陆天数: 4天 / 642天
等级: 130
石头: 3989
呼符: 317
体力: 13105.31 / 138
友情点: 0 / 466120`
*連続ログイン4日目
※ログインが途切れるか、7日到達すると
1日目から再開されます*
`聖晶石 X 1
5月交換券(2024) X 1
`*カルデア・サマーアドベンチャー！ アンケート復刻版 開幕記念 ログインボーナス*
*開催期間中、1日1回 最大21回 ログインボーナスをプレゼント！*
`白銀の果実 X 1
`_2024-05-27 12:15:17_
--------
*dd6e1de4839a9c7ca8cba75faae4493d*
`登陆天数: 4天 / 641天
等级: 130
石头: 4011
呼符: 262
体力: 13105.336666666666 / 138
友情点: 0 / 468475`
*連続ログイン4日目
※ログインが途切れるか、7日到達すると
1日目から再開されます*
`聖晶石 X 1
5月交換券(2024) X 1
`*カルデア・サマーアドベンチャー！ アンケート復刻版 開幕記念 ログインボーナス*
*開催期間中、1日1回 最大21回 ログインボーナスをプレゼント！*
`白銀の果実 X 1
`_2024-05-27 12:15:25_
--------
*522239772739659557effc23809f94bd*
`登陆天数: 4天 / 641天
等级: 130
石头: 3970
呼符: 237
体力: 13105.366666666667 / 138
友情点: 0 / 468665`
*連続ログイン4日目
※ログインが途切れるか、7日到達すると
1日目から再開されます*
`聖晶石 X 1
5月交換券(2024) X 1
`*カルデア・サマーアドベンチャー！ アンケート復刻版 開幕記念 ログインボーナス*
*開催期間中、1日1回 最大21回 ログインボーナスをプレゼント！*
`白銀の果実 X 1
`_2024-05-27 12:15:34_
--------
*107eb42ca9d4f61704ca888465dd0962*
`登陆天数: 4天 / 642天
等级: 130
石头: 4012
呼符: 308
体力: 13105.393333333333 / 138
友情点: 0 / 466215`
*連続ログイン4日目
※ログインが途切れるか、7日到達すると
1日目から再開されます*
`聖晶石 X 1
5月交換券(2024) X 1
`*カルデア・サマーアドベンチャー！ アンケート復刻版 開幕記念 ログインボーナス*
*開催期間中、1日1回 最大21回 ログインボーナスをプレゼント！*
`白銀の果実 X 1
`_2024-05-27 12:15:43_
--------
*e974e403a7de40a4fd5ac94f24bb0834*
`登陆天数: 4天 / 641天
等级: 130
石头: 4014
呼符: 298
体力: 13105.416666666666 / 138
友情点: 0 / 468685`
*連続ログイン4日目
※ログインが途切れるか、7日到達すると
1日目から再開されます*
`聖晶石 X 1
5月交換券(2024) X 1
`*カルデア・サマーアドベンチャー！ アンケート復刻版 開幕記念 ログインボーナス*
*開催期間中、1日1回 最大21回 ログインボーナスをプレゼント！*
`白銀の果実 X 1
`_2024-05-27 12:15:51_
--------
*cc0c2d119e0c2d36d701542f0f1a4a03*
`登陆天数: 4天 / 641天
等级: 130
石头: 4005
呼符: 264
体力: 13105.453333333333 / 138
友情点: 0 / 470905`
*連続ログイン4日目
※ログインが途切れるか、7日到達すると
1日目から再開されます*
`聖晶石 X 1
5月交換券(2024) X 1
`*カルデア・サマーアドベンチャー！ アンケート復刻版 開幕記念 ログインボーナス*
*開催期間中、1日1回 最大21回 ログインボーナスをプレゼント！*
`白銀の果実 X 1
`_2024-05-27 12:16:00_
--------
*f2a6fe82cd506802dff6d7d591f71f2c*
`登陆天数: 4天 / 641天
等级: 130
石头: 4006
呼符: 230
体力: 13105.476666666667 / 138
友情点: 0 / 469395`
*連続ログイン4日目
※ログインが途切れるか、7日到達すると
1日目から再開されます*
`聖晶石 X 1
5月交換券(2024) X 1
`*カルデア・サマーアドベンチャー！ アンケート復刻版 開幕記念 ログインボーナス*
*開催期間中、1日1回 最大21回 ログインボーナスをプレゼント！*
`白銀の果実 X 1
`_2024-05-27 12:16:08_
--------
*c60ee5cfee36c33ea1e8207f5c9dce01*
`登陆天数: 4天 / 642天
等级: 130
石头: 4016
呼符: 67
体力: 13105.51 / 138
友情点: 0 / 466580`
*連続ログイン4日目
※ログインが途切れるか、7日到達すると
1日目から再開されます*
`聖晶石 X 1
5月交換券(2024) X 1
`*カルデア・サマーアドベンチャー！ アンケート復刻版 開幕記念 ログインボーナス*
*開催期間中、1日1回 最大21回 ログインボーナスをプレゼント！*
`白銀の果実 X 1
`_2024-05-27 12:16:17_
--------
*ec472d80b620d9fbba63c7f35db87eaa*
`登陆天数: 4天 / 641天
等级: 130
石头: 4013
呼符: 133
体力: 13105.533333333333 / 138
友情点: 0 / 467560`
*連続ログイン4日目
※ログインが途切れるか、7日到達すると
1日目から再開されます*
`聖晶石 X 1
5月交換券(2024) X 1
`*カルデア・サマーアドベンチャー！ アンケート復刻版 開幕記念 ログインボーナス*
*開催期間中、1日1回 最大21回 ログインボーナスをプレゼント！*
`白銀の果実 X 1
`_2024-05-27 12:16:25_
--------
*c105c8e100822d96094fcf01c92da216*
`登陆天数: 4天 / 642天
等级: 130
石头: 4010
呼符: 121
体力: 13105.566666666668 / 138
友情点: 0 / 466610`
*連続ログイン4日目
※ログインが途切れるか、7日到達すると
1日目から再開されます*
`聖晶石 X 1
5月交換券(2024) X 1
`*カルデア・サマーアドベンチャー！ アンケート復刻版 開幕記念 ログインボーナス*
*開催期間中、1日1回 最大21回 ログインボーナスをプレゼント！*
`白銀の果実 X 1
`_2024-05-27 12:16:34_
--------
*abb07509768ead9fecc8c4f260955dd2*
`登陆天数: 4天 / 641天
等级: 130
石头: 3996
呼符: 112
体力: 13105.596666666666 / 138
友情点: 0 / 468425`
*連続ログイン4日目
※ログインが途切れるか、7日到達すると
1日目から再開されます*
`聖晶石 X 1
5月交換券(2024) X 1
`*カルデア・サマーアドベンチャー！ アンケート復刻版 開幕記念 ログインボーナス*
*開催期間中、1日1回 最大21回 ログインボーナスをプレゼント！*
`白銀の果実 X 1
`_2024-05-27 12:16:43_
--------
*447fe6afd55db903bf3e2470e0ba7078*
`登陆天数: 4天 / 642天
等级: 130
石头: 4007
呼符: 269
体力: 13105.623333333333 / 138
友情点: 0 / 466515`
*連続ログイン4日目
※ログインが途切れるか、7日到達すると
1日目から再開されます*
`聖晶石 X 1
5月交換券(2024) X 1
`*カルデア・サマーアドベンチャー！ アンケート復刻版 開幕記念 ログインボーナス*
*開催期間中、1日1回 最大21回 ログインボーナスをプレゼント！*
`白銀の果実 X 1
`_2024-05-27 12:16:52_
--------
*84a7018410e84af84a669176186ae875*
`登陆天数: 4天 / 642天
等级: 130
石头: 4006
呼符: 72
体力: 13105.653333333334 / 138
友情点: 0 / 468140`
*連続ログイン4日目
※ログインが途切れるか、7日到達すると
1日目から再開されます*
`聖晶石 X 1
5月交換券(2024) X 1
`*カルデア・サマーアドベンチャー！ アンケート復刻版 開幕記念 ログインボーナス*
*開催期間中、1日1回 最大21回 ログインボーナスをプレゼント！*
`白銀の果実 X 1
`_2024-05-27 12:17:00_
--------
*7a1f24a244dcdf60f36534f419dbb908*
`登陆天数: 4天 / 642天
等级: 130
石头: 4015
呼符: 253
体力: 13105.683333333332 / 138
友情点: 0 / 465630`
*連続ログイン4日目
※ログインが途切れるか、7日到達すると
1日目から再開されます*
`聖晶石 X 1
5月交換券(2024) X 1
`*カルデア・サマーアドベンチャー！ アンケート復刻版 開幕記念 ログインボーナス*
*開催期間中、1日1回 最大21回 ログインボーナスをプレゼント！*
`白銀の果実 X 1
`_2024-05-27 12:17:09_
--------
*9840fe32dffd17a37d865eb561e48706*
`登陆天数: 4天 / 641天
等级: 130
石头: 4017
呼符: 303
体力: 13105.703333333333 / 138
友情点: 0 / 469215`
*連続ログイン4日目
※ログインが途切れるか、7日到達すると
1日目から再開されます*
`聖晶石 X 1
5月交換券(2024) X 1
`*カルデア・サマーアドベンチャー！ アンケート復刻版 開幕記念 ログインボーナス*
*開催期間中、1日1回 最大21回 ログインボーナスをプレゼント！*
`白銀の果実 X 1
`_2024-05-27 12:17:17_
--------
*fedd4b98bcabc582a26ebb7d9218839c*
`登陆天数: 4天 / 642天
等级: 130
石头: 3982
呼符: 236
体力: 13105.74 / 138
友情点: 0 / 466210`
*連続ログイン4日目
※ログインが途切れるか、7日到達すると
1日目から再開されます*
`聖晶石 X 1
5月交換券(2024) X 1
`*カルデア・サマーアドベンチャー！ アンケート復刻版 開幕記念 ログインボーナス*
*開催期間中、1日1回 最大21回 ログインボーナスをプレゼント！*
`白銀の果実 X 1
`_2024-05-27 12:17:26_
--------
*e3473d7da1ea2849e657ff7b2f763372*
`登陆天数: 4天 / 641天
等级: 130
石头: 3966
呼符: 231
体力: 13105.766666666666 / 138
友情点: 0 / 468160`
*連続ログイン4日目
※ログインが途切れるか、7日到達すると
1日目から再開されます*
`聖晶石 X 1
5月交換券(2024) X 1
`*カルデア・サマーアドベンチャー！ アンケート復刻版 開幕記念 ログインボーナス*
*開催期間中、1日1回 最大21回 ログインボーナスをプレゼント！*
`白銀の果実 X 1
`_2024-05-27 12:17:35_
--------
*999dafd482871ce4d71758002f760eee*
`登陆天数: 4天 / 642天
等级: 130
石头: 4001
呼符: 279
体力: 13105.796666666667 / 138
友情点: 0 / 465590`
*連続ログイン4日目
※ログインが途切れるか、7日到達すると
1日目から再開されます*
`聖晶石 X 1
5月交換券(2024) X 1
`*カルデア・サマーアドベンチャー！ アンケート復刻版 開幕記念 ログインボーナス*
*開催期間中、1日1回 最大21回 ログインボーナスをプレゼント！*
`白銀の果実 X 1
`_2024-05-27 12:17:43_
--------
*a0045c34dc879882d839d73b274b4d58*
`登陆天数: 4天 / 641天
等级: 130
石头: 4006
呼符: 321
体力: 13105.823333333334 / 138
友情点: 0 / 468880`
*連続ログイン4日目
※ログインが途切れるか、7日到達すると
1日目から再開されます*
`聖晶石 X 1
5月交換券(2024) X 1
`*カルデア・サマーアドベンチャー！ アンケート復刻版 開幕記念 ログインボーナス*
*開催期間中、1日1回 最大21回 ログインボーナスをプレゼント！*
`白銀の果実 X 1
`_2024-05-27 12:17:52_
--------
*00299b672478a235f710d99394badc20*
`登陆天数: 4天 / 642天
等级: 130
石头: 4008
呼符: 313
体力: 13105.853333333333 / 138
友情点: 0 / 465650`
*連続ログイン4日目
※ログインが途切れるか、7日到達すると
1日目から再開されます*
`聖晶石 X 1
5月交換券(2024) X 1
`*カルデア・サマーアドベンチャー！ アンケート復刻版 開幕記念 ログインボーナス*
*開催期間中、1日1回 最大21回 ログインボーナスをプレゼント！*
`白銀の果実 X 1
`_2024-05-27 12:18:00_
--------
*ec94a9fec37509a6b90cf874d588a882*
`登陆天数: 4天 / 641天
等级: 130
石头: 4006
呼符: 276
体力: 13105.88 / 138
友情点: 0 / 467540`
*連続ログイン4日目
※ログインが途切れるか、7日到達すると
1日目から再開されます*
`聖晶石 X 1
5月交換券(2024) X 1
`*カルデア・サマーアドベンチャー！ アンケート復刻版 開幕記念 ログインボーナス*
*開催期間中、1日1回 最大21回 ログインボーナスをプレゼント！*
`白銀の果実 X 1
`_2024-05-27 12:18:09_
--------
*da49e755867411850ee56a1c30da8b22*
`登陆天数: 4天 / 641天
等级: 130
石头: 4011
呼符: 166
体力: 13105.913333333334 / 138
友情点: 0 / 467855`
*連続ログイン4日目
※ログインが途切れるか、7日到達すると
1日目から再開されます*
`聖晶石 X 1
5月交換券(2024) X 1
`*カルデア・サマーアドベンチャー！ アンケート復刻版 開幕記念 ログインボーナス*
*開催期間中、1日1回 最大21回 ログインボーナスをプレゼント！*
`白銀の果実 X 1
`_2024-05-27 12:18:18_
--------
*cab2ad7f4db21a0bcfc36cf659bea263*
`登陆天数: 4天 / 642天
等级: 130
石头: 4001
呼符: 123
体力: 13105.94 / 138
友情点: 0 / 467075`
*連続ログイン4日目
※ログインが途切れるか、7日到達すると
1日目から再開されます*
`聖晶石 X 1
5月交換券(2024) X 1
`*カルデア・サマーアドベンチャー！ アンケート復刻版 開幕記念 ログインボーナス*
*開催期間中、1日1回 最大21回 ログインボーナスをプレゼント！*
`白銀の果実 X 1
`_2024-05-27 12:18:26_
--------
*35b65258ae4a0736ac0a02c4848260d8*
`登陆天数: 4天 / 641天
等级: 130
石头: 4006
呼符: 24
体力: 13105.97 / 138
友情点: 0 / 470255`
*連続ログイン4日目
※ログインが途切れるか、7日到達すると
1日目から再開されます*
`聖晶石 X 1
5月交換券(2024) X 1
`*カルデア・サマーアドベンチャー！ アンケート復刻版 開幕記念 ログインボーナス*
*開催期間中、1日1回 最大21回 ログインボーナスをプレゼント！*
`白銀の果実 X 1
`_2024-05-27 12:18:35_
--------
*c3537e542a8d4a88124fd7512d8b86cf*
`登陆天数: 4天 / 642天
等级: 130
石头: 4010
呼符: 303
体力: 13105.996666666666 / 138
友情点: 0 / 467400`
*連続ログイン4日目
※ログインが途切れるか、7日到達すると
1日目から再開されます*
`聖晶石 X 1
5月交換券(2024) X 1
`*カルデア・サマーアドベンチャー！ アンケート復刻版 開幕記念 ログインボーナス*
*開催期間中、1日1回 最大21回 ログインボーナスをプレゼント！*
`白銀の果実 X 1
`_2024-05-27 12:18:44_
--------
*1f7f506e36c47ff0f513f433fe827f5a*
`登陆天数: 4天 / 642天
等级: 130
石头: 4011
呼符: 25
体力: 13106.026666666667 / 138
友情点: 0 / 466670`
*連続ログイン4日目
※ログインが途切れるか、7日到達すると
1日目から再開されます*
`聖晶石 X 1
5月交換券(2024) X 1
`*カルデア・サマーアドベンチャー！ アンケート復刻版 開幕記念 ログインボーナス*
*開催期間中、1日1回 最大21回 ログインボーナスをプレゼント！*
`白銀の果実 X 1
`_2024-05-27 12:18:53_
--------
*f5dc7639ed1cbd7381ce526d77956686*
`登陆天数: 4天 / 641天
等级: 130
石头: 4000
呼符: 253
体力: 13106.053333333333 / 138
友情点: 0 / 467495`
*連続ログイン4日目
※ログインが途切れるか、7日到達すると
1日目から再開されます*
`聖晶石 X 1
5月交換券(2024) X 1
`*カルデア・サマーアドベンチャー！ アンケート復刻版 開幕記念 ログインボーナス*
*開催期間中、1日1回 最大21回 ログインボーナスをプレゼント！*
`白銀の果実 X 1
`_2024-05-27 12:19:02_
--------
*6ed6ae9faaeb1ae1e4330085c597c517*
`登陆天数: 4天 / 641天
等级: 130
石头: 3983
呼符: 315
体力: 13106.086666666666 / 138
友情点: 0 / 468365`
*連続ログイン4日目
※ログインが途切れるか、7日到達すると
1日目から再開されます*
`聖晶石 X 1
5月交換券(2024) X 1
`*カルデア・サマーアドベンチャー！ アンケート復刻版 開幕記念 ログインボーナス*
*開催期間中、1日1回 最大21回 ログインボーナスをプレゼント！*
`白銀の果実 X 1
`_2024-05-27 12:19:11_
--------
*526ff769cafe8799e697e452413308df*
`登陆天数: 4天 / 641天
等级: 130
石头: 4010
呼符: 24
体力: 13106.116666666667 / 138
友情点: 0 / 467870`
*連続ログイン4日目
※ログインが途切れるか、7日到達すると
1日目から再開されます*
`聖晶石 X 1
5月交換券(2024) X 1
`*カルデア・サマーアドベンチャー！ アンケート復刻版 開幕記念 ログインボーナス*
*開催期間中、1日1回 最大21回 ログインボーナスをプレゼント！*
`白銀の果実 X 1
`_2024-05-27 12:19:19_
--------
*6611f6468b92247d0811ffd6a0eb44ff*
`登陆天数: 4天 / 642天
等级: 130
石头: 3999
呼符: 305
体力: 13106.143333333333 / 138
友情点: 0 / 465950`
*連続ログイン4日目
※ログインが途切れるか、7日到達すると
1日目から再開されます*
`聖晶石 X 1
5月交換券(2024) X 1
`*カルデア・サマーアドベンチャー！ アンケート復刻版 開幕記念 ログインボーナス*
*開催期間中、1日1回 最大21回 ログインボーナスをプレゼント！*
`白銀の果実 X 1
`_2024-05-27 12:19:28_
--------
*f8554d09b8cd0f2c9b275478819db328*
`登陆天数: 4天 / 641天
等级: 130
石头: 3995
呼符: 181
体力: 13106.17 / 138
友情点: 0 / 468260`
*連続ログイン4日目
※ログインが途切れるか、7日到達すると
1日目から再開されます*
`聖晶石 X 1
5月交換券(2024) X 1
`*カルデア・サマーアドベンチャー！ アンケート復刻版 開幕記念 ログインボーナス*
*開催期間中、1日1回 最大21回 ログインボーナスをプレゼント！*
`白銀の果実 X 1
`_2024-05-27 12:19:37_
--------
