【登录信息】
*90301b31ff737306eff5bc4c463524ec*
`登陆天数: 39天 / 677天
等级: 130
石头: 4092
呼符: 337
体力: 26.180000000000007 / 138
友情点: 0 / 362025`
_2024-07-01 04:12:16_
--------
*d627beaffe7ea26fa0ce70b982ed8711*
`登陆天数: 39天 / 677天
等级: 130
石头: 4103
呼符: 306
体力: 26.153333333333336 / 138
友情点: 0 / 363030`
_2024-07-01 04:12:23_
--------
*0bed67e05fde5e8a83ba7307e7205171*
`登陆天数: 39天 / 676天
等级: 130
石头: 4104
呼符: 339
体力: 26.123333333333335 / 138
友情点: 0 / 362730`
_2024-07-01 04:12:31_
--------
*024b07d9e6192253b4d33dd76dea8c5f*
`登陆天数: 39天 / 677天
等级: 130
石头: 4107
呼符: 168
体力: 26.096666666666664 / 138
友情点: 0 / 375070`
_2024-07-01 04:12:39_
--------
*4ec26b91e516487dc55ae6f2cff4ae4a*
`登陆天数: 39天 / 676天
等级: 130
石头: 4107
呼符: 163
体力: 26.069999999999993 / 138
友情点: 0 / 391030`
_2024-07-01 04:12:46_
--------
*acb9ab1e99e3456ea336f8ef1b260e65*
`登陆天数: 39天 / 676天
等级: 130
石头: 4106
呼符: 270
体力: 26.046666666666667 / 138
友情点: 0 / 362045`
_2024-07-01 04:12:54_
--------
*078bb44cfb86dac756da3684e84b9886*
`登陆天数: 39天 / 677天
等级: 130
石头: 4101
呼符: 294
体力: 26.019999999999996 / 138
友情点: 0 / 362095`
_2024-07-01 04:13:02_
--------
*bb97b3a67b6ff2424e674a1dbdde81f7*
`登陆天数: 39天 / 677天
等级: 130
石头: 4100
呼符: 337
体力: 25.989999999999995 / 138
友情点: 0 / 364620`
_2024-07-01 04:13:10_
--------
*652095a74b2c64f328d1f4cea9a00973*
`登陆天数: 39天 / 677天
等级: 130
石头: 4065
呼符: 91
体力: 25.96333333333334 / 138
友情点: 0 / 385765`
_2024-07-01 04:13:18_
--------
*6ceb088359e6b062de289ca0cefc362e*
`登陆天数: 39天 / 676天
等级: 130
石头: 4097
呼符: 236
体力: 25.936666666666667 / 138
友情点: 0 / 362600`
_2024-07-01 04:13:26_
--------
*28d7798f8c903152e0d92f3bc8f63c33*
`登陆天数: 39天 / 677天
等级: 130
石头: 4114
呼符: 296
体力: 25.913333333333327 / 138
友情点: 0 / 362580`
_2024-07-01 04:13:34_
--------
*ba76096a9cdc3452141b904867a19276*
`登陆天数: 39天 / 676天
等级: 130
石头: 4097
呼符: 148
体力: 25.879999999999995 / 138
友情点: 0 / 378660`
_2024-07-01 04:13:42_
--------
*2e2039f81bd4dda30e028207208c5dbd*
`登陆天数: 39天 / 676天
等级: 130
石头: 4089
呼符: 292
体力: 25.85333333333334 / 138
友情点: 0 / 364315`
_2024-07-01 04:13:49_
--------
*df04ab639f8dc708aa4aca95b9b1899a*
`登陆天数: 39天 / 677天
等级: 130
石头: 4100
呼符: 254
体力: 25.823333333333338 / 138
友情点: 0 / 366120`
_2024-07-01 04:13:57_
--------
*f1b51fa0aeeeb31221d2601de6270375*
`登陆天数: 39天 / 676天
等级: 130
石头: 4103
呼符: 233
体力: 25.790000000000006 / 138
友情点: 0 / 368610`
_2024-07-01 04:14:05_
--------
*575e1648626f6d7f217abd5c9a92ab0c*
`登陆天数: 39天 / 677天
等级: 130
石头: 4089
呼符: 337
体力: 25.766666666666666 / 138
友情点: 0 / 362735`
_2024-07-01 04:14:13_
--------
*1b6a1c2f7514792daa0659f60ddd3fb4*
`登陆天数: 39天 / 677天
等级: 130
石头: 4104
呼符: 234
体力: 25.739999999999995 / 138
友情点: 0 / 369230`
_2024-07-01 04:14:21_
--------
*ba6a0431edf4d1f2e78f3e1ce12776c2*
`登陆天数: 39天 / 676天
等级: 130
石头: 4097
呼符: 333
体力: 25.71666666666667 / 138
友情点: 0 / 363515`
_2024-07-01 04:14:29_
--------
*de8ff01719830a881ffdd5e805cb8ce9*
`登陆天数: 39天 / 676天
等级: 130
石头: 4106
呼符: 328
体力: 25.686666666666667 / 138
友情点: 0 / 361160`
_2024-07-01 04:14:36_
--------
*4f8c843fd29092eae7bbd5df4199358a*
`登陆天数: 39天 / 676天
等级: 130
石头: 4097
呼符: 253
体力: 25.656666666666666 / 138
友情点: 0 / 361800`
_2024-07-01 04:14:44_
--------
*edf4337a6f6115da4b675b8571f3c270*
`登陆天数: 39天 / 676天
等级: 130
石头: 4093
呼符: 317
体力: 25.626666666666665 / 138
友情点: 0 / 362145`
_2024-07-01 04:14:52_
--------
*e5659ab2c932702f7cde8e9800ff2df2*
`登陆天数: 39天 / 676天
等级: 130
石头: 4098
呼符: 317
体力: 25.596666666666664 / 138
友情点: 0 / 364550`
_2024-07-01 04:15:00_
--------
*dc0201d800fd7973e57bed9368e3669c*
`登陆天数: 39天 / 676天
等级: 130
石头: 4105
呼符: 262
体力: 25.560000000000002 / 138
友情点: 0 / 363730`
_2024-07-01 04:15:08_
--------
*a1d669971e16b1810f3d19886b03db4e*
`登陆天数: 39天 / 677天
等级: 130
石头: 4098
呼符: 296
体力: 25.53 / 138
友情点: 0 / 362265`
_2024-07-01 04:15:15_
--------
*3f9614d2b2be18cbb252d877de6e5976*
`登陆天数: 39天 / 677天
等级: 130
石头: 4097
呼符: 338
体力: 25.5 / 138
友情点: 0 / 363145`
_2024-07-01 04:15:23_
--------
*fbf90a2444f3e91414e127fe29878609*
`登陆天数: 39天 / 677天
等级: 130
石头: 4107
呼符: 184
体力: 25.47 / 138
友情点: 0 / 365590`
_2024-07-01 04:15:31_
--------
*22568b38f19b6f1e313be015f5781f36*
`登陆天数: 39天 / 677天
等级: 130
石头: 4058
呼符: 274
体力: 25.439999999999998 / 138
友情点: 0 / 362485`
_2024-07-01 04:15:39_
--------
*7d4c09c768073669c77eba8afcb79b94*
`登陆天数: 39天 / 677天
等级: 130
石头: 4103
呼符: 197
体力: 25.409999999999997 / 138
友情点: 0 / 369090`
_2024-07-01 04:15:46_
--------
*31f768b7e667ac351f7de7eb98f322e5*
`登陆天数: 39天 / 676天
等级: 130
石头: 4105
呼符: 295
体力: 25.379999999999995 / 138
友情点: 0 / 364185`
_2024-07-01 04:15:54_
--------
*8154268d3c8c393b3ae07867303ba088*
`登陆天数: 39天 / 676天
等级: 130
石头: 4090
呼符: 233
体力: 25.349999999999994 / 138
友情点: 0 / 366835`
_2024-07-01 04:16:02_
--------
*ba3256674349b0bce287aa0f33ccbb26*
`登陆天数: 39天 / 676天
等级: 130
石头: 4096
呼符: 263
体力: 25.316666666666663 / 138
友情点: 0 / 362825`
_2024-07-01 04:16:10_
--------
*4668a716582763efe9debb601b8f79a6*
`登陆天数: 39天 / 676天
等级: 130
石头: 4096
呼符: 295
体力: 25.290000000000006 / 138
友情点: 0 / 362560`
_2024-07-01 04:16:18_
--------
*951c1fe79d9afe9e37051c0f8bb69197*
`登陆天数: 39天 / 676天
等级: 130
石头: 4081
呼符: 249
体力: 25.263333333333335 / 138
友情点: 0 / 363100`
_2024-07-01 04:16:26_
--------
*3c95d5ea18a0c3e5afa60eb7102ecb22*
`登陆天数: 39天 / 676天
等级: 130
石头: 4110
呼符: 220
体力: 25.233333333333334 / 138
友情点: 0 / 373310`
_2024-07-01 04:16:34_
--------
*f2be3360cbd3e934490636e484f2ff1e*
`登陆天数: 39天 / 676天
等级: 130
石头: 4100
呼符: 325
体力: 25.206666666666663 / 138
友情点: 0 / 363140`
_2024-07-01 04:16:42_
--------
*18d99410ac22a2645efb41b6af0c1eb1*
`登陆天数: 39天 / 677天
等级: 130
石头: 4110
呼符: 177
体力: 25.176666666666662 / 138
友情点: 0 / 367765`
_2024-07-01 04:16:49_
--------
*9f0a0d72fae19f5bcbc3351e52c42ee4*
`登陆天数: 39天 / 677天
等级: 130
石头: 4095
呼符: 276
体力: 25.153333333333336 / 138
友情点: 0 / 364720`
_2024-07-01 04:16:57_
--------
*49bc7e0047e2d56f14ae4fef74268be1*
`登陆天数: 39天 / 676天
等级: 130
石头: 4103
呼符: 309
体力: 25.126666666666665 / 138
友情点: 0 / 363825`
_2024-07-01 04:17:05_
--------
*5422108ee210360aaf177108c239bf16*
`登陆天数: 39天 / 676天
等级: 130
石头: 4105
呼符: 253
体力: 25.096666666666664 / 138
友情点: 0 / 362230`
_2024-07-01 04:17:13_
--------
*2784ddd03912679de1baa38f27f0f0f6*
`登陆天数: 39天 / 676天
等级: 130
石头: 4105
呼符: 327
体力: 25.069999999999993 / 138
友情点: 0 / 364610`
_2024-07-01 04:17:21_
--------
*04832a11fa463d4b86f861ec3e0e8d47*
`登陆天数: 39天 / 676天
等级: 130
石头: 4103
呼符: 290
体力: 25.043333333333337 / 138
友情点: 0 / 362195`
_2024-07-01 04:17:28_
--------
*77c7bcee0ca27f10718f799d8d210992*
`登陆天数: 39天 / 677天
等级: 130
石头: 4096
呼符: 315
体力: 25.013333333333335 / 138
友情点: 0 / 362585`
_2024-07-01 04:17:36_
--------
*49a0af4df2f9b0b1352b491c26a5f91e*
`登陆天数: 39天 / 677天
等级: 130
石头: 4087
呼符: 314
体力: 24.983333333333334 / 138
友情点: 0 / 361935`
_2024-07-01 04:17:44_
--------
*31fab70708fc44393178111a7c8022f6*
`登陆天数: 39天 / 677天
等级: 130
石头: 4100
呼符: 239
体力: 24.953333333333333 / 138
友情点: 0 / 374945`
_2024-07-01 04:17:52_
--------
*06415322c4df70ec3f1563c7860ec61c*
`登陆天数: 39天 / 676天
等级: 130
石头: 4106
呼符: 254
体力: 24.923333333333332 / 138
友情点: 0 / 364870`
_2024-07-01 04:17:59_
--------
*7a9d141954314f8ddf7bde7bcca02a37*
`登陆天数: 39天 / 676天
等级: 130
石头: 4073
呼符: 291
体力: 24.89333333333333 / 138
友情点: 0 / 361605`
_2024-07-01 04:18:07_
--------
*ba0e05d2f8a5acf52cecd934898dce75*
`登陆天数: 39天 / 677天
等级: 130
石头: 4106
呼符: 162
体力: 24.86333333333333 / 138
友情点: 0 / 374425`
_2024-07-01 04:18:15_
--------
*969c5d020945c5baa71a2b86463802be*
`登陆天数: 39天 / 676天
等级: 130
石头: 4098
呼符: 240
体力: 24.836666666666673 / 138
友情点: 0 / 364445`
_2024-07-01 04:18:23_
--------
*48603db78368bc4e9a7349875167f11e*
`登陆天数: 39天 / 676天
等级: 130
石头: 4013
呼符: 234
体力: 23089.956666666665 / 138
友情点: 0 / 468135`
_2024-07-01 04:18:30_
--------
*a6cb2b7ce54392cffd443b13e1d727e0*
`登陆天数: 3天 / 676天
等级: 130
石头: 4004
呼符: 182
体力: 23089.98 / 138
友情点: 0 / 467165`
*連続ログイン3日目
※ログインが途切れるか、7日到達すると
1日目から再開されます*
`叡智の業火 X 1
7月交換券(2024) X 1
`*踊るドラゴン・キャッスル！ ～深海の姫君とふたつの宝玉～ 開幕記念 ログインボーナス*
*開催期間中、1日1回 最大21回 ログインボーナスをプレゼント！*
`白銀の果実 X 1
`_2024-07-01 04:18:38_
--------
