【登录信息】
*90301b31ff737306eff5bc4c463524ec*
`登陆天数: 14天 / 652天
等级: 130
石头: 4003
呼符: 318
体力: 15892.306666666667 / 138
友情点: 0 / 466025`
*連続ログイン7日間到達おめでとうございます！
明日は1日目からリスタートされます。*
`獣の足跡 X 1
呼符 X 1
6月交換券(2024) X 1
`*カルデア・サマーアドベンチャー！ アンケート復刻版 開幕記念 ログインボーナス*
*開催期間中、1日1回 最大21回 ログインボーナスをプレゼント！*
`白銀の果実 X 1
`_2024-06-06 04:30:14_
--------
*d627beaffe7ea26fa0ce70b982ed8711*
`登陆天数: 14天 / 652天
等级: 130
石头: 4014
呼符: 287
体力: 15892.333333333334 / 138
友情点: 0 / 467030`
*連続ログイン7日間到達おめでとうございます！
明日は1日目からリスタートされます。*
`獣の足跡 X 1
呼符 X 1
6月交換券(2024) X 1
`*カルデア・サマーアドベンチャー！ アンケート復刻版 開幕記念 ログインボーナス*
*開催期間中、1日1回 最大21回 ログインボーナスをプレゼント！*
`白銀の果実 X 1
`_2024-06-06 04:30:22_
--------
*0bed67e05fde5e8a83ba7307e7205171*
`登陆天数: 14天 / 651天
等级: 130
石头: 4013
呼符: 320
体力: 15892.36 / 138
友情点: 0 / 468730`
*連続ログイン7日間到達おめでとうございます！
明日は1日目からリスタートされます。*
`獣の足跡 X 1
呼符 X 1
6月交換券(2024) X 1
`*カルデア・サマーアドベンチャー！ アンケート復刻版 開幕記念 ログインボーナス*
*開催期間中、1日1回 最大21回 ログインボーナスをプレゼント！*
`白銀の果実 X 1
`_2024-06-06 04:30:30_
--------
*024b07d9e6192253b4d33dd76dea8c5f*
`登陆天数: 14天 / 652天
等级: 130
石头: 4018
呼符: 149
体力: 15892.386666666667 / 138
友情点: 0 / 467070`
*連続ログイン7日間到達おめでとうございます！
明日は1日目からリスタートされます。*
`獣の足跡 X 1
呼符 X 1
6月交換券(2024) X 1
`*カルデア・サマーアドベンチャー！ アンケート復刻版 開幕記念 ログインボーナス*
*開催期間中、1日1回 最大21回 ログインボーナスをプレゼント！*
`白銀の果実 X 1
`_2024-06-06 04:30:38_
--------
*4ec26b91e516487dc55ae6f2cff4ae4a*
`登陆天数: 14天 / 651天
等级: 130
石头: 4016
呼符: 144
体力: 15892.406666666666 / 138
友情点: 0 / 471030`
*連続ログイン7日間到達おめでとうございます！
明日は1日目からリスタートされます。*
`獣の足跡 X 1
呼符 X 1
6月交換券(2024) X 1
`*カルデア・サマーアドベンチャー！ アンケート復刻版 開幕記念 ログインボーナス*
*開催期間中、1日1回 最大21回 ログインボーナスをプレゼント！*
`白銀の果実 X 1
`_2024-06-06 04:30:46_
--------
*acb9ab1e99e3456ea336f8ef1b260e65*
`登陆天数: 14天 / 651天
等级: 130
石头: 4015
呼符: 251
体力: 15892.436666666666 / 138
友情点: 0 / 468045`
*連続ログイン7日間到達おめでとうございます！
明日は1日目からリスタートされます。*
`獣の足跡 X 1
呼符 X 1
6月交換券(2024) X 1
`*カルデア・サマーアドベンチャー！ アンケート復刻版 開幕記念 ログインボーナス*
*開催期間中、1日1回 最大21回 ログインボーナスをプレゼント！*
`白銀の果実 X 1
`_2024-06-06 04:30:54_
--------
*078bb44cfb86dac756da3684e84b9886*
`登陆天数: 14天 / 652天
等级: 130
石头: 4012
呼符: 275
体力: 15892.46 / 138
友情点: 0 / 466095`
*連続ログイン7日間到達おめでとうございます！
明日は1日目からリスタートされます。*
`獣の足跡 X 1
呼符 X 1
6月交換券(2024) X 1
`*カルデア・サマーアドベンチャー！ アンケート復刻版 開幕記念 ログインボーナス*
*開催期間中、1日1回 最大21回 ログインボーナスをプレゼント！*
`白銀の果実 X 1
`_2024-06-06 04:31:01_
--------
*bb97b3a67b6ff2424e674a1dbdde81f7*
`登陆天数: 14天 / 652天
等级: 130
石头: 4011
呼符: 318
体力: 15892.49 / 138
友情点: 0 / 468620`
*連続ログイン7日間到達おめでとうございます！
明日は1日目からリスタートされます。*
`獣の足跡 X 1
呼符 X 1
6月交換券(2024) X 1
`*カルデア・サマーアドベンチャー！ アンケート復刻版 開幕記念 ログインボーナス*
*開催期間中、1日1回 最大21回 ログインボーナスをプレゼント！*
`白銀の果実 X 1
`_2024-06-06 04:31:09_
--------
*652095a74b2c64f328d1f4cea9a00973*
`登陆天数: 14天 / 652天
等级: 130
石头: 3976
呼符: 72
体力: 15892.516666666666 / 138
友情点: 0 / 465765`
*連続ログイン7日間到達おめでとうございます！
明日は1日目からリスタートされます。*
`獣の足跡 X 1
呼符 X 1
6月交換券(2024) X 1
`*カルデア・サマーアドベンチャー！ アンケート復刻版 開幕記念 ログインボーナス*
*開催期間中、1日1回 最大21回 ログインボーナスをプレゼント！*
`白銀の果実 X 1
`_2024-06-06 04:31:17_
--------
*6ceb088359e6b062de289ca0cefc362e*
`登陆天数: 14天 / 651天
等级: 130
石头: 4006
呼符: 217
体力: 15892.543333333333 / 138
友情点: 0 / 468600`
*連続ログイン7日間到達おめでとうございます！
明日は1日目からリスタートされます。*
`獣の足跡 X 1
呼符 X 1
6月交換券(2024) X 1
`*カルデア・サマーアドベンチャー！ アンケート復刻版 開幕記念 ログインボーナス*
*開催期間中、1日1回 最大21回 ログインボーナスをプレゼント！*
`白銀の果実 X 1
`_2024-06-06 04:31:25_
--------
*28d7798f8c903152e0d92f3bc8f63c33*
`登陆天数: 14天 / 652天
等级: 130
石头: 4025
呼符: 277
体力: 15892.566666666668 / 138
友情点: 0 / 466580`
*連続ログイン7日間到達おめでとうございます！
明日は1日目からリスタートされます。*
`獣の足跡 X 1
呼符 X 1
6月交換券(2024) X 1
`*カルデア・サマーアドベンチャー！ アンケート復刻版 開幕記念 ログインボーナス*
*開催期間中、1日1回 最大21回 ログインボーナスをプレゼント！*
`白銀の果実 X 1
`_2024-06-06 04:31:33_
--------
*ba76096a9cdc3452141b904867a19276*
`登陆天数: 14天 / 651天
等级: 130
石头: 4006
呼符: 129
体力: 15892.596666666666 / 138
友情点: 0 / 468660`
*連続ログイン7日間到達おめでとうございます！
明日は1日目からリスタートされます。*
`獣の足跡 X 1
呼符 X 1
6月交換券(2024) X 1
`*カルデア・サマーアドベンチャー！ アンケート復刻版 開幕記念 ログインボーナス*
*開催期間中、1日1回 最大21回 ログインボーナスをプレゼント！*
`白銀の果実 X 1
`_2024-06-06 04:31:41_
--------
*2e2039f81bd4dda30e028207208c5dbd*
`登陆天数: 14天 / 651天
等级: 130
石头: 3998
呼符: 273
体力: 15892.62 / 138
友情点: 0 / 470315`
*連続ログイン7日間到達おめでとうございます！
明日は1日目からリスタートされます。*
`獣の足跡 X 1
呼符 X 1
6月交換券(2024) X 1
`*カルデア・サマーアドベンチャー！ アンケート復刻版 開幕記念 ログインボーナス*
*開催期間中、1日1回 最大21回 ログインボーナスをプレゼント！*
`白銀の果実 X 1
`_2024-06-06 04:31:49_
--------
*df04ab639f8dc708aa4aca95b9b1899a*
`登陆天数: 14天 / 652天
等级: 130
石头: 4011
呼符: 235
体力: 15892.643333333333 / 138
友情点: 0 / 468120`
*連続ログイン7日間到達おめでとうございます！
明日は1日目からリスタートされます。*
`獣の足跡 X 1
呼符 X 1
6月交換券(2024) X 1
`*カルデア・サマーアドベンチャー！ アンケート復刻版 開幕記念 ログインボーナス*
*開催期間中、1日1回 最大21回 ログインボーナスをプレゼント！*
`白銀の果実 X 1
`_2024-06-06 04:31:57_
--------
*f1b51fa0aeeeb31221d2601de6270375*
`登陆天数: 14天 / 651天
等级: 130
石头: 4012
呼符: 214
体力: 15892.67 / 138
友情点: 0 / 468610`
*連続ログイン7日間到達おめでとうございます！
明日は1日目からリスタートされます。*
`獣の足跡 X 1
呼符 X 1
6月交換券(2024) X 1
`*カルデア・サマーアドベンチャー！ アンケート復刻版 開幕記念 ログインボーナス*
*開催期間中、1日1回 最大21回 ログインボーナスをプレゼント！*
`白銀の果実 X 1
`_2024-06-06 04:32:04_
--------
*575e1648626f6d7f217abd5c9a92ab0c*
`登陆天数: 14天 / 652天
等级: 130
石头: 4000
呼符: 318
体力: 15892.696666666667 / 138
友情点: 0 / 466735`
*連続ログイン7日間到達おめでとうございます！
明日は1日目からリスタートされます。*
`獣の足跡 X 1
呼符 X 1
6月交換券(2024) X 1
`*カルデア・サマーアドベンチャー！ アンケート復刻版 開幕記念 ログインボーナス*
*開催期間中、1日1回 最大21回 ログインボーナスをプレゼント！*
`白銀の果実 X 1
`_2024-06-06 04:32:13_
--------
*1b6a1c2f7514792daa0659f60ddd3fb4*
`登陆天数: 14天 / 652天
等级: 130
石头: 4015
呼符: 215
体力: 15892.723333333333 / 138
友情点: 0 / 467230`
*連続ログイン7日間到達おめでとうございます！
明日は1日目からリスタートされます。*
`獣の足跡 X 1
呼符 X 1
6月交換券(2024) X 1
`*カルデア・サマーアドベンチャー！ アンケート復刻版 開幕記念 ログインボーナス*
*開催期間中、1日1回 最大21回 ログインボーナスをプレゼント！*
`白銀の果実 X 1
`_2024-06-06 04:32:21_
--------
*ba6a0431edf4d1f2e78f3e1ce12776c2*
`登陆天数: 14天 / 651天
等级: 130
石头: 4006
呼符: 314
体力: 15892.75 / 138
友情点: 0 / 469515`
*連続ログイン7日間到達おめでとうございます！
明日は1日目からリスタートされます。*
`獣の足跡 X 1
呼符 X 1
6月交換券(2024) X 1
`*カルデア・サマーアドベンチャー！ アンケート復刻版 開幕記念 ログインボーナス*
*開催期間中、1日1回 最大21回 ログインボーナスをプレゼント！*
`白銀の果実 X 1
`_2024-06-06 04:32:29_
--------
*de8ff01719830a881ffdd5e805cb8ce9*
`登陆天数: 14天 / 651天
等级: 130
石头: 4015
呼符: 309
体力: 15892.776666666667 / 138
友情点: 0 / 467160`
*連続ログイン7日間到達おめでとうございます！
明日は1日目からリスタートされます。*
`獣の足跡 X 1
呼符 X 1
6月交換券(2024) X 1
`*カルデア・サマーアドベンチャー！ アンケート復刻版 開幕記念 ログインボーナス*
*開催期間中、1日1回 最大21回 ログインボーナスをプレゼント！*
`白銀の果実 X 1
`_2024-06-06 04:32:37_
--------
*4f8c843fd29092eae7bbd5df4199358a*
`登陆天数: 14天 / 651天
等级: 130
石头: 4006
呼符: 234
体力: 15892.806666666667 / 138
友情点: 0 / 467800`
*連続ログイン7日間到達おめでとうございます！
明日は1日目からリスタートされます。*
`獣の足跡 X 1
呼符 X 1
6月交換券(2024) X 1
`*カルデア・サマーアドベンチャー！ アンケート復刻版 開幕記念 ログインボーナス*
*開催期間中、1日1回 最大21回 ログインボーナスをプレゼント！*
`白銀の果実 X 1
`_2024-06-06 04:32:44_
--------
*edf4337a6f6115da4b675b8571f3c270*
`登陆天数: 14天 / 651天
等级: 130
石头: 4002
呼符: 298
体力: 15892.83 / 138
友情点: 0 / 468145`
*連続ログイン7日間到達おめでとうございます！
明日は1日目からリスタートされます。*
`獣の足跡 X 1
呼符 X 1
6月交換券(2024) X 1
`*カルデア・サマーアドベンチャー！ アンケート復刻版 開幕記念 ログインボーナス*
*開催期間中、1日1回 最大21回 ログインボーナスをプレゼント！*
`白銀の果実 X 1
`_2024-06-06 04:32:52_
--------
*e5659ab2c932702f7cde8e9800ff2df2*
`登陆天数: 14天 / 651天
等级: 130
石头: 4007
呼符: 298
体力: 15892.856666666667 / 138
友情点: 0 / 470550`
*連続ログイン7日間到達おめでとうございます！
明日は1日目からリスタートされます。*
`獣の足跡 X 1
呼符 X 1
6月交換券(2024) X 1
`*カルデア・サマーアドベンチャー！ アンケート復刻版 開幕記念 ログインボーナス*
*開催期間中、1日1回 最大21回 ログインボーナスをプレゼント！*
`白銀の果実 X 1
`_2024-06-06 04:33:00_
--------
*dc0201d800fd7973e57bed9368e3669c*
`登陆天数: 14天 / 651天
等级: 130
石头: 4014
呼符: 243
体力: 15892.88 / 138
友情点: 0 / 469730`
*連続ログイン7日間到達おめでとうございます！
明日は1日目からリスタートされます。*
`獣の足跡 X 1
呼符 X 1
6月交換券(2024) X 1
`*カルデア・サマーアドベンチャー！ アンケート復刻版 開幕記念 ログインボーナス*
*開催期間中、1日1回 最大21回 ログインボーナスをプレゼント！*
`白銀の果実 X 1
`_2024-06-06 04:33:08_
--------
*a1d669971e16b1810f3d19886b03db4e*
`登陆天数: 14天 / 652天
等级: 130
石头: 4009
呼符: 277
体力: 15892.906666666666 / 138
友情点: 0 / 466265`
*連続ログイン7日間到達おめでとうございます！
明日は1日目からリスタートされます。*
`獣の足跡 X 1
呼符 X 1
6月交換券(2024) X 1
`*カルデア・サマーアドベンチャー！ アンケート復刻版 開幕記念 ログインボーナス*
*開催期間中、1日1回 最大21回 ログインボーナスをプレゼント！*
`白銀の果実 X 1
`_2024-06-06 04:33:16_
--------
*3f9614d2b2be18cbb252d877de6e5976*
`登陆天数: 14天 / 652天
等级: 130
石头: 4008
呼符: 319
体力: 15892.936666666666 / 138
友情点: 0 / 467145`
*連続ログイン7日間到達おめでとうございます！
明日は1日目からリスタートされます。*
`獣の足跡 X 1
呼符 X 1
6月交換券(2024) X 1
`*カルデア・サマーアドベンチャー！ アンケート復刻版 開幕記念 ログインボーナス*
*開催期間中、1日1回 最大21回 ログインボーナスをプレゼント！*
`白銀の果実 X 1
`_2024-06-06 04:33:24_
--------
*fbf90a2444f3e91414e127fe29878609*
`登陆天数: 14天 / 652天
等级: 130
石头: 4018
呼符: 165
体力: 15892.963333333333 / 138
友情点: 0 / 465590`
*連続ログイン7日間到達おめでとうございます！
明日は1日目からリスタートされます。*
`獣の足跡 X 1
呼符 X 1
6月交換券(2024) X 1
`*カルデア・サマーアドベンチャー！ アンケート復刻版 開幕記念 ログインボーナス*
*開催期間中、1日1回 最大21回 ログインボーナスをプレゼント！*
`白銀の果実 X 1
`_2024-06-06 04:33:32_
--------
*22568b38f19b6f1e313be015f5781f36*
`登陆天数: 14天 / 652天
等级: 130
石头: 3969
呼符: 255
体力: 15892.99 / 138
友情点: 0 / 466485`
*連続ログイン7日間到達おめでとうございます！
明日は1日目からリスタートされます。*
`獣の足跡 X 1
呼符 X 1
6月交換券(2024) X 1
`*カルデア・サマーアドベンチャー！ アンケート復刻版 開幕記念 ログインボーナス*
*開催期間中、1日1回 最大21回 ログインボーナスをプレゼント！*
`白銀の果実 X 1
`_2024-06-06 04:33:40_
--------
*7d4c09c768073669c77eba8afcb79b94*
`登陆天数: 14天 / 652天
等级: 130
石头: 4014
呼符: 178
体力: 15893.013333333334 / 138
友情点: 0 / 467090`
*連続ログイン7日間到達おめでとうございます！
明日は1日目からリスタートされます。*
`獣の足跡 X 1
呼符 X 1
6月交換券(2024) X 1
`*カルデア・サマーアドベンチャー！ アンケート復刻版 開幕記念 ログインボーナス*
*開催期間中、1日1回 最大21回 ログインボーナスをプレゼント！*
`白銀の果実 X 1
`_2024-06-06 04:33:48_
--------
*31f768b7e667ac351f7de7eb98f322e5*
`登陆天数: 14天 / 651天
等级: 130
石头: 4014
呼符: 276
体力: 15893.04 / 138
友情点: 0 / 470185`
*連続ログイン7日間到達おめでとうございます！
明日は1日目からリスタートされます。*
`獣の足跡 X 1
呼符 X 1
6月交換券(2024) X 1
`*カルデア・サマーアドベンチャー！ アンケート復刻版 開幕記念 ログインボーナス*
*開催期間中、1日1回 最大21回 ログインボーナスをプレゼント！*
`白銀の果実 X 1
`_2024-06-06 04:33:55_
--------
*8154268d3c8c393b3ae07867303ba088*
`登陆天数: 14天 / 651天
等级: 130
石头: 3999
呼符: 214
体力: 15893.07 / 138
友情点: 0 / 468835`
*連続ログイン7日間到達おめでとうございます！
明日は1日目からリスタートされます。*
`獣の足跡 X 1
呼符 X 1
6月交換券(2024) X 1
`*カルデア・サマーアドベンチャー！ アンケート復刻版 開幕記念 ログインボーナス*
*開催期間中、1日1回 最大21回 ログインボーナスをプレゼント！*
`白銀の果実 X 1
`_2024-06-06 04:34:03_
--------
*ba3256674349b0bce287aa0f33ccbb26*
`登陆天数: 14天 / 651天
等级: 130
石头: 4005
呼符: 244
体力: 15893.096666666666 / 138
友情点: 0 / 468825`
*連続ログイン7日間到達おめでとうございます！
明日は1日目からリスタートされます。*
`獣の足跡 X 1
呼符 X 1
6月交換券(2024) X 1
`*カルデア・サマーアドベンチャー！ アンケート復刻版 開幕記念 ログインボーナス*
*開催期間中、1日1回 最大21回 ログインボーナスをプレゼント！*
`白銀の果実 X 1
`_2024-06-06 04:34:11_
--------
*4668a716582763efe9debb601b8f79a6*
`登陆天数: 14天 / 651天
等级: 130
石头: 4005
呼符: 276
体力: 15893.123333333333 / 138
友情点: 0 / 468560`
*連続ログイン7日間到達おめでとうございます！
明日は1日目からリスタートされます。*
`獣の足跡 X 1
呼符 X 1
6月交換券(2024) X 1
`*カルデア・サマーアドベンチャー！ アンケート復刻版 開幕記念 ログインボーナス*
*開催期間中、1日1回 最大21回 ログインボーナスをプレゼント！*
`白銀の果実 X 1
`_2024-06-06 04:34:19_
--------
*951c1fe79d9afe9e37051c0f8bb69197*
`登陆天数: 14天 / 651天
等级: 130
石头: 3990
呼符: 230
体力: 15893.146666666667 / 138
友情点: 0 / 469100`
*連続ログイン7日間到達おめでとうございます！
明日は1日目からリスタートされます。*
`獣の足跡 X 1
呼符 X 1
6月交換券(2024) X 1
`*カルデア・サマーアドベンチャー！ アンケート復刻版 開幕記念 ログインボーナス*
*開催期間中、1日1回 最大21回 ログインボーナスをプレゼント！*
`白銀の果実 X 1
`_2024-06-06 04:34:27_
--------
*3c95d5ea18a0c3e5afa60eb7102ecb22*
`登陆天数: 14天 / 651天
等级: 130
石头: 4019
呼符: 201
体力: 15893.17 / 138
友情点: 0 / 469310`
*連続ログイン7日間到達おめでとうございます！
明日は1日目からリスタートされます。*
`獣の足跡 X 1
呼符 X 1
6月交換券(2024) X 1
`*カルデア・サマーアドベンチャー！ アンケート復刻版 開幕記念 ログインボーナス*
*開催期間中、1日1回 最大21回 ログインボーナスをプレゼント！*
`白銀の果実 X 1
`_2024-06-06 04:34:35_
--------
*f2be3360cbd3e934490636e484f2ff1e*
`登陆天数: 14天 / 651天
等级: 130
石头: 4009
呼符: 306
体力: 15893.193333333333 / 138
友情点: 0 / 469140`
*連続ログイン7日間到達おめでとうございます！
明日は1日目からリスタートされます。*
`獣の足跡 X 1
呼符 X 1
6月交換券(2024) X 1
`*カルデア・サマーアドベンチャー！ アンケート復刻版 開幕記念 ログインボーナス*
*開催期間中、1日1回 最大21回 ログインボーナスをプレゼント！*
`白銀の果実 X 1
`_2024-06-06 04:34:43_
--------
*18d99410ac22a2645efb41b6af0c1eb1*
`登陆天数: 14天 / 652天
等级: 130
石头: 4021
呼符: 158
体力: 15893.226666666667 / 138
友情点: 0 / 465765`
*連続ログイン7日間到達おめでとうございます！
明日は1日目からリスタートされます。*
`獣の足跡 X 1
呼符 X 1
6月交換券(2024) X 1
`*カルデア・サマーアドベンチャー！ アンケート復刻版 開幕記念 ログインボーナス*
*開催期間中、1日1回 最大21回 ログインボーナスをプレゼント！*
`白銀の果実 X 1
`_2024-06-06 04:34:51_
--------
*9f0a0d72fae19f5bcbc3351e52c42ee4*
`登陆天数: 14天 / 652天
等级: 130
石头: 4006
呼符: 257
体力: 15893.25 / 138
友情点: 0 / 466720`
*連続ログイン7日間到達おめでとうございます！
明日は1日目からリスタートされます。*
`獣の足跡 X 1
呼符 X 1
6月交換券(2024) X 1
`*カルデア・サマーアドベンチャー！ アンケート復刻版 開幕記念 ログインボーナス*
*開催期間中、1日1回 最大21回 ログインボーナスをプレゼント！*
`白銀の果実 X 1
`_2024-06-06 04:34:58_
--------
*49bc7e0047e2d56f14ae4fef74268be1*
`登陆天数: 14天 / 651天
等级: 130
石头: 4012
呼符: 290
体力: 15893.28 / 138
友情点: 0 / 469825`
*連続ログイン7日間到達おめでとうございます！
明日は1日目からリスタートされます。*
`獣の足跡 X 1
呼符 X 1
6月交換券(2024) X 1
`*カルデア・サマーアドベンチャー！ アンケート復刻版 開幕記念 ログインボーナス*
*開催期間中、1日1回 最大21回 ログインボーナスをプレゼント！*
`白銀の果実 X 1
`_2024-06-06 04:35:06_
--------
*5422108ee210360aaf177108c239bf16*
`登陆天数: 14天 / 651天
等级: 130
石头: 4014
呼符: 234
体力: 15893.303333333333 / 138
友情点: 0 / 468230`
*連続ログイン7日間到達おめでとうございます！
明日は1日目からリスタートされます。*
`獣の足跡 X 1
呼符 X 1
6月交換券(2024) X 1
`*カルデア・サマーアドベンチャー！ アンケート復刻版 開幕記念 ログインボーナス*
*開催期間中、1日1回 最大21回 ログインボーナスをプレゼント！*
`白銀の果実 X 1
`_2024-06-06 04:35:14_
--------
*2784ddd03912679de1baa38f27f0f0f6*
`登陆天数: 14天 / 651天
等级: 130
石头: 4014
呼符: 308
体力: 15893.326666666666 / 138
友情点: 0 / 470610`
*連続ログイン7日間到達おめでとうございます！
明日は1日目からリスタートされます。*
`獣の足跡 X 1
呼符 X 1
6月交換券(2024) X 1
`*カルデア・サマーアドベンチャー！ アンケート復刻版 開幕記念 ログインボーナス*
*開催期間中、1日1回 最大21回 ログインボーナスをプレゼント！*
`白銀の果実 X 1
`_2024-06-06 04:35:22_
--------
*04832a11fa463d4b86f861ec3e0e8d47*
`登陆天数: 14天 / 651天
等级: 130
石头: 4012
呼符: 271
体力: 15893.356666666667 / 138
友情点: 0 / 468195`
*連続ログイン7日間到達おめでとうございます！
明日は1日目からリスタートされます。*
`獣の足跡 X 1
呼符 X 1
6月交換券(2024) X 1
`*カルデア・サマーアドベンチャー！ アンケート復刻版 開幕記念 ログインボーナス*
*開催期間中、1日1回 最大21回 ログインボーナスをプレゼント！*
`白銀の果実 X 1
`_2024-06-06 04:35:30_
--------
*77c7bcee0ca27f10718f799d8d210992*
`登陆天数: 14天 / 652天
等级: 130
石头: 4007
呼符: 296
体力: 15893.38 / 138
友情点: 0 / 466585`
*連続ログイン7日間到達おめでとうございます！
明日は1日目からリスタートされます。*
`獣の足跡 X 1
呼符 X 1
6月交換券(2024) X 1
`*カルデア・サマーアドベンチャー！ アンケート復刻版 開幕記念 ログインボーナス*
*開催期間中、1日1回 最大21回 ログインボーナスをプレゼント！*
`白銀の果実 X 1
`_2024-06-06 04:35:38_
--------
*49a0af4df2f9b0b1352b491c26a5f91e*
`登陆天数: 14天 / 652天
等级: 130
石头: 3998
呼符: 295
体力: 15893.406666666666 / 138
友情点: 0 / 465935`
*連続ログイン7日間到達おめでとうございます！
明日は1日目からリスタートされます。*
`獣の足跡 X 1
呼符 X 1
6月交換券(2024) X 1
`*カルデア・サマーアドベンチャー！ アンケート復刻版 開幕記念 ログインボーナス*
*開催期間中、1日1回 最大21回 ログインボーナスをプレゼント！*
`白銀の果実 X 1
`_2024-06-06 04:35:45_
--------
*31fab70708fc44393178111a7c8022f6*
`登陆天数: 14天 / 652天
等级: 130
石头: 4011
呼符: 220
体力: 15893.43 / 138
友情点: 0 / 466945`
*連続ログイン7日間到達おめでとうございます！
明日は1日目からリスタートされます。*
`獣の足跡 X 1
呼符 X 1
6月交換券(2024) X 1
`*カルデア・サマーアドベンチャー！ アンケート復刻版 開幕記念 ログインボーナス*
*開催期間中、1日1回 最大21回 ログインボーナスをプレゼント！*
`白銀の果実 X 1
`_2024-06-06 04:35:53_
--------
*06415322c4df70ec3f1563c7860ec61c*
`登陆天数: 14天 / 651天
等级: 130
石头: 4015
呼符: 235
体力: 15893.46 / 138
友情点: 0 / 468870`
*連続ログイン7日間到達おめでとうございます！
明日は1日目からリスタートされます。*
`獣の足跡 X 1
呼符 X 1
6月交換券(2024) X 1
`*カルデア・サマーアドベンチャー！ アンケート復刻版 開幕記念 ログインボーナス*
*開催期間中、1日1回 最大21回 ログインボーナスをプレゼント！*
`白銀の果実 X 1
`_2024-06-06 04:36:01_
--------
*7a9d141954314f8ddf7bde7bcca02a37*
`登陆天数: 14天 / 651天
等级: 130
石头: 3982
呼符: 272
体力: 15893.49 / 138
友情点: 0 / 467605`
*連続ログイン7日間到達おめでとうございます！
明日は1日目からリスタートされます。*
`獣の足跡 X 1
呼符 X 1
6月交換券(2024) X 1
`*カルデア・サマーアドベンチャー！ アンケート復刻版 開幕記念 ログインボーナス*
*開催期間中、1日1回 最大21回 ログインボーナスをプレゼント！*
`白銀の果実 X 1
`_2024-06-06 04:36:09_
--------
*ba0e05d2f8a5acf52cecd934898dce75*
`登陆天数: 14天 / 652天
等级: 130
石头: 4017
呼符: 143
体力: 15893.513333333334 / 138
友情点: 0 / 468425`
*連続ログイン7日間到達おめでとうございます！
明日は1日目からリスタートされます。*
`獣の足跡 X 1
呼符 X 1
6月交換券(2024) X 1
`*カルデア・サマーアドベンチャー！ アンケート復刻版 開幕記念 ログインボーナス*
*開催期間中、1日1回 最大21回 ログインボーナスをプレゼント！*
`白銀の果実 X 1
`_2024-06-06 04:36:17_
--------
*969c5d020945c5baa71a2b86463802be*
`登陆天数: 14天 / 651天
等级: 130
石头: 4007
呼符: 221
体力: 15893.536666666667 / 138
友情点: 0 / 468445`
*連続ログイン7日間到達おめでとうございます！
明日は1日目からリスタートされます。*
`獣の足跡 X 1
呼符 X 1
6月交換券(2024) X 1
`*カルデア・サマーアドベンチャー！ アンケート復刻版 開幕記念 ログインボーナス*
*開催期間中、1日1回 最大21回 ログインボーナスをプレゼント！*
`白銀の果実 X 1
`_2024-06-06 04:36:25_
--------
*48603db78368bc4e9a7349875167f11e*
`登陆天数: 14天 / 651天
等级: 130
石头: 4013
呼符: 234
体力: 15893.566666666668 / 138
友情点: 0 / 468135`
*連続ログイン7日間到達おめでとうございます！
明日は1日目からリスタートされます。*
`獣の足跡 X 1
呼符 X 1
6月交換券(2024) X 1
`*カルデア・サマーアドベンチャー！ アンケート復刻版 開幕記念 ログインボーナス*
*開催期間中、1日1回 最大21回 ログインボーナスをプレゼント！*
`白銀の果実 X 1
`_2024-06-06 04:36:33_
--------
*a6cb2b7ce54392cffd443b13e1d727e0*
`登陆天数: 14天 / 652天
等级: 130
石头: 4004
呼符: 182
体力: 15893.59 / 138
友情点: 0 / 467165`
*連続ログイン7日間到達おめでとうございます！
明日は1日目からリスタートされます。*
`獣の足跡 X 1
呼符 X 1
6月交換券(2024) X 1
`*カルデア・サマーアドベンチャー！ アンケート復刻版 開幕記念 ログインボーナス*
*開催期間中、1日1回 最大21回 ログインボーナスをプレゼント！*
`白銀の果実 X 1
`_2024-06-06 04:36:41_
--------
