【登录信息】
*90301b31ff737306eff5bc4c463524ec*
`登陆天数: 16天 / 654天
等级: 130
石头: 4003
呼符: 318
体力: 16468.356666666667 / 138
友情点: 0 / 466025`
*連続ログイン2日目
※ログインが途切れるか、7日到達すると
1日目から再開されます*
`聖晶石 X 1
6月交換券(2024) X 1
`*螺旋証明世界 リリムハーロット ～喝采なき薔薇～ アンケート復刻版
開幕記念 ログインボーナス*
*開催期間中、1日1回 最大21回 ログインボーナスをプレゼント！*
`白銀の果実 X 1
`_2024-06-08 04:30:29_
--------
*d627beaffe7ea26fa0ce70b982ed8711*
`登陆天数: 16天 / 654天
等级: 130
石头: 4014
呼符: 287
体力: 16468.38333333333 / 138
友情点: 0 / 467030`
*連続ログイン2日目
※ログインが途切れるか、7日到達すると
1日目から再開されます*
`聖晶石 X 1
6月交換券(2024) X 1
`*螺旋証明世界 リリムハーロット ～喝采なき薔薇～ アンケート復刻版
開幕記念 ログインボーナス*
*開催期間中、1日1回 最大21回 ログインボーナスをプレゼント！*
`白銀の果実 X 1
`_2024-06-08 04:30:38_
--------
*0bed67e05fde5e8a83ba7307e7205171*
`登陆天数: 16天 / 653天
等级: 130
石头: 4013
呼符: 320
体力: 16468.41 / 138
友情点: 0 / 468730`
*連続ログイン2日目
※ログインが途切れるか、7日到達すると
1日目から再開されます*
`聖晶石 X 1
6月交換券(2024) X 1
`*螺旋証明世界 リリムハーロット ～喝采なき薔薇～ アンケート復刻版
開幕記念 ログインボーナス*
*開催期間中、1日1回 最大21回 ログインボーナスをプレゼント！*
`白銀の果実 X 1
`_2024-06-08 04:30:46_
--------
*024b07d9e6192253b4d33dd76dea8c5f*
`登陆天数: 16天 / 654天
等级: 130
石头: 4018
呼符: 149
体力: 16468.440000000002 / 138
友情点: 0 / 467070`
*連続ログイン2日目
※ログインが途切れるか、7日到達すると
1日目から再開されます*
`聖晶石 X 1
6月交換券(2024) X 1
`*螺旋証明世界 リリムハーロット ～喝采なき薔薇～ アンケート復刻版
開幕記念 ログインボーナス*
*開催期間中、1日1回 最大21回 ログインボーナスをプレゼント！*
`白銀の果実 X 1
`_2024-06-08 04:30:54_
--------
*4ec26b91e516487dc55ae6f2cff4ae4a*
`登陆天数: 16天 / 653天
等级: 130
石头: 4016
呼符: 144
体力: 16468.463333333333 / 138
友情点: 0 / 471030`
*連続ログイン2日目
※ログインが途切れるか、7日到達すると
1日目から再開されます*
`聖晶石 X 1
6月交換券(2024) X 1
`*螺旋証明世界 リリムハーロット ～喝采なき薔薇～ アンケート復刻版
開幕記念 ログインボーナス*
*開催期間中、1日1回 最大21回 ログインボーナスをプレゼント！*
`白銀の果実 X 1
`_2024-06-08 04:31:02_
--------
*acb9ab1e99e3456ea336f8ef1b260e65*
`登陆天数: 16天 / 653天
等级: 130
石头: 4015
呼符: 251
体力: 16468.493333333332 / 138
友情点: 0 / 468045`
*連続ログイン2日目
※ログインが途切れるか、7日到達すると
1日目から再開されます*
`聖晶石 X 1
6月交換券(2024) X 1
`*螺旋証明世界 リリムハーロット ～喝采なき薔薇～ アンケート復刻版
開幕記念 ログインボーナス*
*開催期間中、1日1回 最大21回 ログインボーナスをプレゼント！*
`白銀の果実 X 1
`_2024-06-08 04:31:10_
--------
*078bb44cfb86dac756da3684e84b9886*
`登陆天数: 16天 / 654天
等级: 130
石头: 4012
呼符: 275
体力: 16468.516666666666 / 138
友情点: 0 / 466095`
*連続ログイン2日目
※ログインが途切れるか、7日到達すると
1日目から再開されます*
`聖晶石 X 1
6月交換券(2024) X 1
`*螺旋証明世界 リリムハーロット ～喝采なき薔薇～ アンケート復刻版
開幕記念 ログインボーナス*
*開催期間中、1日1回 最大21回 ログインボーナスをプレゼント！*
`白銀の果実 X 1
`_2024-06-08 04:31:19_
--------
*bb97b3a67b6ff2424e674a1dbdde81f7*
`登陆天数: 16天 / 654天
等级: 130
石头: 4011
呼符: 318
体力: 16468.55 / 138
友情点: 0 / 468620`
*連続ログイン2日目
※ログインが途切れるか、7日到達すると
1日目から再開されます*
`聖晶石 X 1
6月交換券(2024) X 1
`*螺旋証明世界 リリムハーロット ～喝采なき薔薇～ アンケート復刻版
開幕記念 ログインボーナス*
*開催期間中、1日1回 最大21回 ログインボーナスをプレゼント！*
`白銀の果実 X 1
`_2024-06-08 04:31:27_
--------
*652095a74b2c64f328d1f4cea9a00973*
`登陆天数: 16天 / 654天
等级: 130
石头: 3976
呼符: 72
体力: 16468.576666666668 / 138
友情点: 0 / 465765`
*連続ログイン2日目
※ログインが途切れるか、7日到達すると
1日目から再開されます*
`聖晶石 X 1
6月交換券(2024) X 1
`*螺旋証明世界 リリムハーロット ～喝采なき薔薇～ アンケート復刻版
開幕記念 ログインボーナス*
*開催期間中、1日1回 最大21回 ログインボーナスをプレゼント！*
`白銀の果実 X 1
`_2024-06-08 04:31:35_
--------
*6ceb088359e6b062de289ca0cefc362e*
`登陆天数: 16天 / 653天
等级: 130
石头: 4006
呼符: 217
体力: 16468.603333333333 / 138
友情点: 0 / 468600`
*連続ログイン2日目
※ログインが途切れるか、7日到達すると
1日目から再開されます*
`聖晶石 X 1
6月交換券(2024) X 1
`*螺旋証明世界 リリムハーロット ～喝采なき薔薇～ アンケート復刻版
開幕記念 ログインボーナス*
*開催期間中、1日1回 最大21回 ログインボーナスをプレゼント！*
`白銀の果実 X 1
`_2024-06-08 04:31:43_
--------
*28d7798f8c903152e0d92f3bc8f63c33*
`登陆天数: 16天 / 654天
等级: 130
石头: 4025
呼符: 277
体力: 16468.629999999997 / 138
友情点: 0 / 466580`
*連続ログイン2日目
※ログインが途切れるか、7日到達すると
1日目から再開されます*
`聖晶石 X 1
6月交換券(2024) X 1
`*螺旋証明世界 リリムハーロット ～喝采なき薔薇～ アンケート復刻版
開幕記念 ログインボーナス*
*開催期間中、1日1回 最大21回 ログインボーナスをプレゼント！*
`白銀の果実 X 1
`_2024-06-08 04:31:51_
--------
*ba76096a9cdc3452141b904867a19276*
`登陆天数: 16天 / 653天
等级: 130
石头: 4006
呼符: 129
体力: 16468.656666666666 / 138
友情点: 0 / 468660`
*連続ログイン2日目
※ログインが途切れるか、7日到達すると
1日目から再開されます*
`聖晶石 X 1
6月交換券(2024) X 1
`*螺旋証明世界 リリムハーロット ～喝采なき薔薇～ アンケート復刻版
開幕記念 ログインボーナス*
*開催期間中、1日1回 最大21回 ログインボーナスをプレゼント！*
`白銀の果実 X 1
`_2024-06-08 04:31:59_
--------
*2e2039f81bd4dda30e028207208c5dbd*
`登陆天数: 16天 / 653天
等级: 130
石头: 3998
呼符: 273
体力: 16468.683333333334 / 138
友情点: 0 / 470315`
*連続ログイン2日目
※ログインが途切れるか、7日到達すると
1日目から再開されます*
`聖晶石 X 1
6月交換券(2024) X 1
`*螺旋証明世界 リリムハーロット ～喝采なき薔薇～ アンケート復刻版
開幕記念 ログインボーナス*
*開催期間中、1日1回 最大21回 ログインボーナスをプレゼント！*
`白銀の果実 X 1
`_2024-06-08 04:32:07_
--------
*df04ab639f8dc708aa4aca95b9b1899a*
`登陆天数: 16天 / 654天
等级: 130
石头: 4011
呼符: 235
体力: 16468.706666666665 / 138
友情点: 0 / 468120`
*連続ログイン2日目
※ログインが途切れるか、7日到達すると
1日目から再開されます*
`聖晶石 X 1
6月交換券(2024) X 1
`*螺旋証明世界 リリムハーロット ～喝采なき薔薇～ アンケート復刻版
開幕記念 ログインボーナス*
*開催期間中、1日1回 最大21回 ログインボーナスをプレゼント！*
`白銀の果実 X 1
`_2024-06-08 04:32:15_
--------
*f1b51fa0aeeeb31221d2601de6270375*
`登陆天数: 16天 / 653天
等级: 130
石头: 4012
呼符: 214
体力: 16468.733333333334 / 138
友情点: 0 / 468610`
*連続ログイン2日目
※ログインが途切れるか、7日到達すると
1日目から再開されます*
`聖晶石 X 1
6月交換券(2024) X 1
`*螺旋証明世界 リリムハーロット ～喝采なき薔薇～ アンケート復刻版
開幕記念 ログインボーナス*
*開催期間中、1日1回 最大21回 ログインボーナスをプレゼント！*
`白銀の果実 X 1
`_2024-06-08 04:32:23_
--------
*575e1648626f6d7f217abd5c9a92ab0c*
`登陆天数: 16天 / 654天
等级: 130
石头: 4000
呼符: 318
体力: 16468.760000000002 / 138
友情点: 0 / 466735`
*連続ログイン2日目
※ログインが途切れるか、7日到達すると
1日目から再開されます*
`聖晶石 X 1
6月交換券(2024) X 1
`*螺旋証明世界 リリムハーロット ～喝采なき薔薇～ アンケート復刻版
開幕記念 ログインボーナス*
*開催期間中、1日1回 最大21回 ログインボーナスをプレゼント！*
`白銀の果実 X 1
`_2024-06-08 04:32:32_
--------
*1b6a1c2f7514792daa0659f60ddd3fb4*
`登陆天数: 16天 / 654天
等级: 130
石头: 4015
呼符: 215
体力: 16468.786666666667 / 138
友情点: 0 / 467230`
*連続ログイン2日目
※ログインが途切れるか、7日到達すると
1日目から再開されます*
`聖晶石 X 1
6月交換券(2024) X 1
`*螺旋証明世界 リリムハーロット ～喝采なき薔薇～ アンケート復刻版
開幕記念 ログインボーナス*
*開催期間中、1日1回 最大21回 ログインボーナスをプレゼント！*
`白銀の果実 X 1
`_2024-06-08 04:32:39_
--------
*ba6a0431edf4d1f2e78f3e1ce12776c2*
`登陆天数: 16天 / 653天
等级: 130
石头: 4006
呼符: 314
体力: 16468.81333333333 / 138
友情点: 0 / 469515`
*連続ログイン2日目
※ログインが途切れるか、7日到達すると
1日目から再開されます*
`聖晶石 X 1
6月交換券(2024) X 1
`*螺旋証明世界 リリムハーロット ～喝采なき薔薇～ アンケート復刻版
開幕記念 ログインボーナス*
*開催期間中、1日1回 最大21回 ログインボーナスをプレゼント！*
`白銀の果実 X 1
`_2024-06-08 04:32:47_
--------
*de8ff01719830a881ffdd5e805cb8ce9*
`登陆天数: 16天 / 653天
等级: 130
石头: 4015
呼符: 309
体力: 16468.84 / 138
友情点: 0 / 467160`
*連続ログイン2日目
※ログインが途切れるか、7日到達すると
1日目から再開されます*
`聖晶石 X 1
6月交換券(2024) X 1
`*螺旋証明世界 リリムハーロット ～喝采なき薔薇～ アンケート復刻版
開幕記念 ログインボーナス*
*開催期間中、1日1回 最大21回 ログインボーナスをプレゼント！*
`白銀の果実 X 1
`_2024-06-08 04:32:55_
--------
*4f8c843fd29092eae7bbd5df4199358a*
`登陆天数: 16天 / 653天
等级: 130
石头: 4006
呼符: 234
体力: 16468.870000000003 / 138
友情点: 0 / 467800`
*連続ログイン2日目
※ログインが途切れるか、7日到達すると
1日目から再開されます*
`聖晶石 X 1
6月交換券(2024) X 1
`*螺旋証明世界 リリムハーロット ～喝采なき薔薇～ アンケート復刻版
開幕記念 ログインボーナス*
*開催期間中、1日1回 最大21回 ログインボーナスをプレゼント！*
`白銀の果実 X 1
`_2024-06-08 04:33:03_
--------
*edf4337a6f6115da4b675b8571f3c270*
`登陆天数: 16天 / 653天
等级: 130
石头: 4002
呼符: 298
体力: 16468.893333333333 / 138
友情点: 0 / 468145`
*連続ログイン2日目
※ログインが途切れるか、7日到達すると
1日目から再開されます*
`聖晶石 X 1
6月交換券(2024) X 1
`*螺旋証明世界 リリムハーロット ～喝采なき薔薇～ アンケート復刻版
開幕記念 ログインボーナス*
*開催期間中、1日1回 最大21回 ログインボーナスをプレゼント！*
`白銀の果実 X 1
`_2024-06-08 04:33:11_
--------
*e5659ab2c932702f7cde8e9800ff2df2*
`登陆天数: 16天 / 653天
等级: 130
石头: 4007
呼符: 298
体力: 16468.92 / 138
友情点: 0 / 470550`
*連続ログイン2日目
※ログインが途切れるか、7日到達すると
1日目から再開されます*
`聖晶石 X 1
6月交換券(2024) X 1
`*螺旋証明世界 リリムハーロット ～喝采なき薔薇～ アンケート復刻版
開幕記念 ログインボーナス*
*開催期間中、1日1回 最大21回 ログインボーナスをプレゼント！*
`白銀の果実 X 1
`_2024-06-08 04:33:19_
--------
*dc0201d800fd7973e57bed9368e3669c*
`登陆天数: 16天 / 653天
等级: 130
石头: 4014
呼符: 243
体力: 16468.943333333333 / 138
友情点: 0 / 469730`
*連続ログイン2日目
※ログインが途切れるか、7日到達すると
1日目から再開されます*
`聖晶石 X 1
6月交換券(2024) X 1
`*螺旋証明世界 リリムハーロット ～喝采なき薔薇～ アンケート復刻版
開幕記念 ログインボーナス*
*開催期間中、1日1回 最大21回 ログインボーナスをプレゼント！*
`白銀の果実 X 1
`_2024-06-08 04:33:27_
--------
*a1d669971e16b1810f3d19886b03db4e*
`登陆天数: 16天 / 654天
等级: 130
石头: 4009
呼符: 277
体力: 16468.973333333335 / 138
友情点: 0 / 466265`
*連続ログイン2日目
※ログインが途切れるか、7日到達すると
1日目から再開されます*
`聖晶石 X 1
6月交換券(2024) X 1
`*螺旋証明世界 リリムハーロット ～喝采なき薔薇～ アンケート復刻版
開幕記念 ログインボーナス*
*開催期間中、1日1回 最大21回 ログインボーナスをプレゼント！*
`白銀の果実 X 1
`_2024-06-08 04:33:35_
--------
*3f9614d2b2be18cbb252d877de6e5976*
`登陆天数: 16天 / 654天
等级: 130
石头: 4008
呼符: 319
体力: 16469.003333333334 / 138
友情点: 0 / 467145`
*連続ログイン2日目
※ログインが途切れるか、7日到達すると
1日目から再開されます*
`聖晶石 X 1
6月交換券(2024) X 1
`*螺旋証明世界 リリムハーロット ～喝采なき薔薇～ アンケート復刻版
開幕記念 ログインボーナス*
*開催期間中、1日1回 最大21回 ログインボーナスをプレゼント！*
`白銀の果実 X 1
`_2024-06-08 04:33:44_
--------
*fbf90a2444f3e91414e127fe29878609*
`登陆天数: 16天 / 654天
等级: 130
石头: 4018
呼符: 165
体力: 16469.03 / 138
友情点: 0 / 465590`
*連続ログイン2日目
※ログインが途切れるか、7日到達すると
1日目から再開されます*
`聖晶石 X 1
6月交換券(2024) X 1
`*螺旋証明世界 リリムハーロット ～喝采なき薔薇～ アンケート復刻版
開幕記念 ログインボーナス*
*開催期間中、1日1回 最大21回 ログインボーナスをプレゼント！*
`白銀の果実 X 1
`_2024-06-08 04:33:52_
--------
*22568b38f19b6f1e313be015f5781f36*
`登陆天数: 16天 / 654天
等级: 130
石头: 3969
呼符: 255
体力: 16469.059999999998 / 138
友情点: 0 / 466485`
*連続ログイン2日目
※ログインが途切れるか、7日到達すると
1日目から再開されます*
`聖晶石 X 1
6月交換券(2024) X 1
`*螺旋証明世界 リリムハーロット ～喝采なき薔薇～ アンケート復刻版
開幕記念 ログインボーナス*
*開催期間中、1日1回 最大21回 ログインボーナスをプレゼント！*
`白銀の果実 X 1
`_2024-06-08 04:34:00_
--------
*7d4c09c768073669c77eba8afcb79b94*
`登陆天数: 16天 / 654天
等级: 130
石头: 4014
呼符: 178
体力: 16469.083333333336 / 138
友情点: 0 / 467090`
*連続ログイン2日目
※ログインが途切れるか、7日到達すると
1日目から再開されます*
`聖晶石 X 1
6月交換券(2024) X 1
`*螺旋証明世界 リリムハーロット ～喝采なき薔薇～ アンケート復刻版
開幕記念 ログインボーナス*
*開催期間中、1日1回 最大21回 ログインボーナスをプレゼント！*
`白銀の果実 X 1
`_2024-06-08 04:34:08_
--------
*31f768b7e667ac351f7de7eb98f322e5*
`登陆天数: 16天 / 653天
等级: 130
石头: 4014
呼符: 276
体力: 16469.11 / 138
友情点: 0 / 470185`
*連続ログイン2日目
※ログインが途切れるか、7日到達すると
1日目から再開されます*
`聖晶石 X 1
6月交換券(2024) X 1
`*螺旋証明世界 リリムハーロット ～喝采なき薔薇～ アンケート復刻版
開幕記念 ログインボーナス*
*開催期間中、1日1回 最大21回 ログインボーナスをプレゼント！*
`白銀の果実 X 1
`_2024-06-08 04:34:16_
--------
*8154268d3c8c393b3ae07867303ba088*
`登陆天数: 16天 / 653天
等级: 130
石头: 3999
呼符: 214
体力: 16469.14 / 138
友情点: 0 / 468835`
*連続ログイン2日目
※ログインが途切れるか、7日到達すると
1日目から再開されます*
`聖晶石 X 1
6月交換券(2024) X 1
`*螺旋証明世界 リリムハーロット ～喝采なき薔薇～ アンケート復刻版
開幕記念 ログインボーナス*
*開催期間中、1日1回 最大21回 ログインボーナスをプレゼント！*
`白銀の果実 X 1
`_2024-06-08 04:34:24_
--------
*ba3256674349b0bce287aa0f33ccbb26*
`登陆天数: 16天 / 653天
等级: 130
石头: 4005
呼符: 244
体力: 16469.166666666664 / 138
友情点: 0 / 468825`
*連続ログイン2日目
※ログインが途切れるか、7日到達すると
1日目から再開されます*
`聖晶石 X 1
6月交換券(2024) X 1
`*螺旋証明世界 リリムハーロット ～喝采なき薔薇～ アンケート復刻版
開幕記念 ログインボーナス*
*開催期間中、1日1回 最大21回 ログインボーナスをプレゼント！*
`白銀の果実 X 1
`_2024-06-08 04:34:32_
--------
*4668a716582763efe9debb601b8f79a6*
`登陆天数: 16天 / 653天
等级: 130
石头: 4005
呼符: 276
体力: 16469.193333333333 / 138
友情点: 0 / 468560`
*連続ログイン2日目
※ログインが途切れるか、7日到達すると
1日目から再開されます*
`聖晶石 X 1
6月交換券(2024) X 1
`*螺旋証明世界 リリムハーロット ～喝采なき薔薇～ アンケート復刻版
開幕記念 ログインボーナス*
*開催期間中、1日1回 最大21回 ログインボーナスをプレゼント！*
`白銀の果実 X 1
`_2024-06-08 04:34:41_
--------
*951c1fe79d9afe9e37051c0f8bb69197*
`登陆天数: 16天 / 653天
等级: 130
石头: 3990
呼符: 230
体力: 16469.216666666667 / 138
友情点: 0 / 469100`
*連続ログイン2日目
※ログインが途切れるか、7日到達すると
1日目から再開されます*
`聖晶石 X 1
6月交換券(2024) X 1
`*螺旋証明世界 リリムハーロット ～喝采なき薔薇～ アンケート復刻版
開幕記念 ログインボーナス*
*開催期間中、1日1回 最大21回 ログインボーナスをプレゼント！*
`白銀の果実 X 1
`_2024-06-08 04:34:48_
--------
*3c95d5ea18a0c3e5afa60eb7102ecb22*
`登陆天数: 16天 / 653天
等级: 130
石头: 4019
呼符: 201
体力: 16469.243333333332 / 138
友情点: 0 / 469310`
*連続ログイン2日目
※ログインが途切れるか、7日到達すると
1日目から再開されます*
`聖晶石 X 1
6月交換券(2024) X 1
`*螺旋証明世界 リリムハーロット ～喝采なき薔薇～ アンケート復刻版
開幕記念 ログインボーナス*
*開催期間中、1日1回 最大21回 ログインボーナスをプレゼント！*
`白銀の果実 X 1
`_2024-06-08 04:34:57_
--------
*f2be3360cbd3e934490636e484f2ff1e*
`登陆天数: 16天 / 653天
等级: 130
石头: 4009
呼符: 306
体力: 16469.266666666666 / 138
友情点: 0 / 469140`
*連続ログイン2日目
※ログインが途切れるか、7日到達すると
1日目から再開されます*
`聖晶石 X 1
6月交換券(2024) X 1
`*螺旋証明世界 リリムハーロット ～喝采なき薔薇～ アンケート復刻版
開幕記念 ログインボーナス*
*開催期間中、1日1回 最大21回 ログインボーナスをプレゼント！*
`白銀の果実 X 1
`_2024-06-08 04:35:05_
--------
*18d99410ac22a2645efb41b6af0c1eb1*
`登陆天数: 16天 / 654天
等级: 130
石头: 4021
呼符: 158
体力: 16469.3 / 138
友情点: 0 / 465765`
*連続ログイン2日目
※ログインが途切れるか、7日到達すると
1日目から再開されます*
`聖晶石 X 1
6月交換券(2024) X 1
`*螺旋証明世界 リリムハーロット ～喝采なき薔薇～ アンケート復刻版
開幕記念 ログインボーナス*
*開催期間中、1日1回 最大21回 ログインボーナスをプレゼント！*
`白銀の果実 X 1
`_2024-06-08 04:35:13_
--------
*9f0a0d72fae19f5bcbc3351e52c42ee4*
`登陆天数: 16天 / 654天
等级: 130
石头: 4006
呼符: 257
体力: 16469.326666666668 / 138
友情点: 0 / 466720`
*連続ログイン2日目
※ログインが途切れるか、7日到達すると
1日目から再開されます*
`聖晶石 X 1
6月交換券(2024) X 1
`*螺旋証明世界 リリムハーロット ～喝采なき薔薇～ アンケート復刻版
開幕記念 ログインボーナス*
*開催期間中、1日1回 最大21回 ログインボーナスをプレゼント！*
`白銀の果実 X 1
`_2024-06-08 04:35:21_
--------
*49bc7e0047e2d56f14ae4fef74268be1*
`登陆天数: 16天 / 653天
等级: 130
石头: 4012
呼符: 290
体力: 16469.356666666667 / 138
友情点: 0 / 469825`
*連続ログイン2日目
※ログインが途切れるか、7日到達すると
1日目から再開されます*
`聖晶石 X 1
6月交換券(2024) X 1
`*螺旋証明世界 リリムハーロット ～喝采なき薔薇～ アンケート復刻版
開幕記念 ログインボーナス*
*開催期間中、1日1回 最大21回 ログインボーナスをプレゼント！*
`白銀の果実 X 1
`_2024-06-08 04:35:29_
--------
*5422108ee210360aaf177108c239bf16*
`登陆天数: 16天 / 653天
等级: 130
石头: 4014
呼符: 234
体力: 16469.379999999997 / 138
友情点: 0 / 468230`
*連続ログイン2日目
※ログインが途切れるか、7日到達すると
1日目から再開されます*
`聖晶石 X 1
6月交換券(2024) X 1
`*螺旋証明世界 リリムハーロット ～喝采なき薔薇～ アンケート復刻版
開幕記念 ログインボーナス*
*開催期間中、1日1回 最大21回 ログインボーナスをプレゼント！*
`白銀の果実 X 1
`_2024-06-08 04:35:37_
--------
*2784ddd03912679de1baa38f27f0f0f6*
`登陆天数: 16天 / 653天
等级: 130
石头: 4014
呼符: 308
体力: 16469.41 / 138
友情点: 0 / 470610`
*連続ログイン2日目
※ログインが途切れるか、7日到達すると
1日目から再開されます*
`聖晶石 X 1
6月交換券(2024) X 1
`*螺旋証明世界 リリムハーロット ～喝采なき薔薇～ アンケート復刻版
開幕記念 ログインボーナス*
*開催期間中、1日1回 最大21回 ログインボーナスをプレゼント！*
`白銀の果実 X 1
`_2024-06-08 04:35:46_
--------
*04832a11fa463d4b86f861ec3e0e8d47*
`登陆天数: 16天 / 653天
等级: 130
石头: 4012
呼符: 271
体力: 16469.43666666667 / 138
友情点: 0 / 468195`
*連続ログイン2日目
※ログインが途切れるか、7日到達すると
1日目から再開されます*
`聖晶石 X 1
6月交換券(2024) X 1
`*螺旋証明世界 リリムハーロット ～喝采なき薔薇～ アンケート復刻版
開幕記念 ログインボーナス*
*開催期間中、1日1回 最大21回 ログインボーナスをプレゼント！*
`白銀の果実 X 1
`_2024-06-08 04:35:54_
--------
*77c7bcee0ca27f10718f799d8d210992*
`登陆天数: 16天 / 654天
等级: 130
石头: 4007
呼符: 296
体力: 16469.463333333333 / 138
友情点: 0 / 466585`
*連続ログイン2日目
※ログインが途切れるか、7日到達すると
1日目から再開されます*
`聖晶石 X 1
6月交換券(2024) X 1
`*螺旋証明世界 リリムハーロット ～喝采なき薔薇～ アンケート復刻版
開幕記念 ログインボーナス*
*開催期間中、1日1回 最大21回 ログインボーナスをプレゼント！*
`白銀の果実 X 1
`_2024-06-08 04:36:02_
--------
*49a0af4df2f9b0b1352b491c26a5f91e*
`登陆天数: 16天 / 654天
等级: 130
石头: 3998
呼符: 295
体力: 16469.486666666664 / 138
友情点: 0 / 465935`
*連続ログイン2日目
※ログインが途切れるか、7日到達すると
1日目から再開されます*
`聖晶石 X 1
6月交換券(2024) X 1
`*螺旋証明世界 リリムハーロット ～喝采なき薔薇～ アンケート復刻版
開幕記念 ログインボーナス*
*開催期間中、1日1回 最大21回 ログインボーナスをプレゼント！*
`白銀の果実 X 1
`_2024-06-08 04:36:10_
--------
*31fab70708fc44393178111a7c8022f6*
`登陆天数: 16天 / 654天
等级: 130
石头: 4011
呼符: 220
体力: 16469.510000000002 / 138
友情点: 0 / 466945`
*連続ログイン2日目
※ログインが途切れるか、7日到達すると
1日目から再開されます*
`聖晶石 X 1
6月交換券(2024) X 1
`*螺旋証明世界 リリムハーロット ～喝采なき薔薇～ アンケート復刻版
開幕記念 ログインボーナス*
*開催期間中、1日1回 最大21回 ログインボーナスをプレゼント！*
`白銀の果実 X 1
`_2024-06-08 04:36:18_
--------
*06415322c4df70ec3f1563c7860ec61c*
`登陆天数: 16天 / 653天
等级: 130
石头: 4015
呼符: 235
体力: 16469.54 / 138
友情点: 0 / 468870`
*連続ログイン2日目
※ログインが途切れるか、7日到達すると
1日目から再開されます*
`聖晶石 X 1
6月交換券(2024) X 1
`*螺旋証明世界 リリムハーロット ～喝采なき薔薇～ アンケート復刻版
開幕記念 ログインボーナス*
*開催期間中、1日1回 最大21回 ログインボーナスをプレゼント！*
`白銀の果実 X 1
`_2024-06-08 04:36:26_
--------
*7a9d141954314f8ddf7bde7bcca02a37*
`登陆天数: 16天 / 653天
等级: 130
石头: 3982
呼符: 272
体力: 16469.57 / 138
友情点: 0 / 467605`
*連続ログイン2日目
※ログインが途切れるか、7日到達すると
1日目から再開されます*
`聖晶石 X 1
6月交換券(2024) X 1
`*螺旋証明世界 リリムハーロット ～喝采なき薔薇～ アンケート復刻版
開幕記念 ログインボーナス*
*開催期間中、1日1回 最大21回 ログインボーナスをプレゼント！*
`白銀の果実 X 1
`_2024-06-08 04:36:34_
--------
*ba0e05d2f8a5acf52cecd934898dce75*
`登陆天数: 16天 / 654天
等级: 130
石头: 4017
呼符: 143
体力: 16469.593333333334 / 138
友情点: 0 / 468425`
*連続ログイン2日目
※ログインが途切れるか、7日到達すると
1日目から再開されます*
`聖晶石 X 1
6月交換券(2024) X 1
`*螺旋証明世界 リリムハーロット ～喝采なき薔薇～ アンケート復刻版
開幕記念 ログインボーナス*
*開催期間中、1日1回 最大21回 ログインボーナスをプレゼント！*
`白銀の果実 X 1
`_2024-06-08 04:36:42_
--------
*969c5d020945c5baa71a2b86463802be*
`登陆天数: 16天 / 653天
等级: 130
石头: 4007
呼符: 221
体力: 16469.623333333333 / 138
友情点: 0 / 468445`
*連続ログイン2日目
※ログインが途切れるか、7日到達すると
1日目から再開されます*
`聖晶石 X 1
6月交換券(2024) X 1
`*螺旋証明世界 リリムハーロット ～喝采なき薔薇～ アンケート復刻版
開幕記念 ログインボーナス*
*開催期間中、1日1回 最大21回 ログインボーナスをプレゼント！*
`白銀の果実 X 1
`_2024-06-08 04:36:50_
--------
*48603db78368bc4e9a7349875167f11e*
`登陆天数: 16天 / 653天
等级: 130
石头: 4013
呼符: 234
体力: 16469.646666666667 / 138
友情点: 0 / 468135`
*連続ログイン2日目
※ログインが途切れるか、7日到達すると
1日目から再開されます*
`聖晶石 X 1
6月交換券(2024) X 1
`*螺旋証明世界 リリムハーロット ～喝采なき薔薇～ アンケート復刻版
開幕記念 ログインボーナス*
*開催期間中、1日1回 最大21回 ログインボーナスをプレゼント！*
`白銀の果実 X 1
`_2024-06-08 04:36:58_
--------
*a6cb2b7ce54392cffd443b13e1d727e0*
`登陆天数: 16天 / 654天
等级: 130
石头: 4004
呼符: 182
体力: 16469.673333333332 / 138
友情点: 0 / 467165`
*連続ログイン2日目
※ログインが途切れるか、7日到達すると
1日目から再開されます*
`聖晶石 X 1
6月交換券(2024) X 1
`*螺旋証明世界 リリムハーロット ～喝采なき薔薇～ アンケート復刻版
開幕記念 ログインボーナス*
*開催期間中、1日1回 最大21回 ログインボーナスをプレゼント！*
`白銀の果実 X 1
`_2024-06-08 04:37:06_
--------
