【登录信息】
*90301b31ff737306eff5bc4c463524ec*
`登陆天数: 19天 / 657天
等级: 130
石头: 4003
呼符: 318
体力: 17332.823333333334 / 138
友情点: 0 / 466025`
*連続ログイン5日目
※ログインが途切れるか、7日到達すると
1日目から再開されます*
`叡智の業火 X 2
6月交換券(2024) X 1
`*螺旋証明世界 リリムハーロット ～喝采なき薔薇～ アンケート復刻版
開幕記念 ログインボーナス*
*開催期間中、1日1回 最大21回 ログインボーナスをプレゼント！*
`白銀の果実 X 1
`_2024-06-11 04:32:50_
--------
*d627beaffe7ea26fa0ce70b982ed8711*
`登陆天数: 19天 / 657天
等级: 130
石头: 4014
呼符: 287
体力: 17332.85 / 138
友情点: 0 / 467030`
*連続ログイン5日目
※ログインが途切れるか、7日到達すると
1日目から再開されます*
`叡智の業火 X 2
6月交換券(2024) X 1
`*螺旋証明世界 リリムハーロット ～喝采なき薔薇～ アンケート復刻版
開幕記念 ログインボーナス*
*開催期間中、1日1回 最大21回 ログインボーナスをプレゼント！*
`白銀の果実 X 1
`_2024-06-11 04:32:58_
--------
*0bed67e05fde5e8a83ba7307e7205171*
`登陆天数: 19天 / 656天
等级: 130
石头: 4013
呼符: 320
体力: 17332.876666666667 / 138
友情点: 0 / 468730`
*連続ログイン5日目
※ログインが途切れるか、7日到達すると
1日目から再開されます*
`叡智の業火 X 2
6月交換券(2024) X 1
`*螺旋証明世界 リリムハーロット ～喝采なき薔薇～ アンケート復刻版
開幕記念 ログインボーナス*
*開催期間中、1日1回 最大21回 ログインボーナスをプレゼント！*
`白銀の果実 X 1
`_2024-06-11 04:33:05_
--------
*024b07d9e6192253b4d33dd76dea8c5f*
`登陆天数: 19天 / 657天
等级: 130
石头: 4018
呼符: 149
体力: 17332.9 / 138
友情点: 0 / 467070`
*連続ログイン5日目
※ログインが途切れるか、7日到達すると
1日目から再開されます*
`叡智の業火 X 2
6月交換券(2024) X 1
`*螺旋証明世界 リリムハーロット ～喝采なき薔薇～ アンケート復刻版
開幕記念 ログインボーナス*
*開催期間中、1日1回 最大21回 ログインボーナスをプレゼント！*
`白銀の果実 X 1
`_2024-06-11 04:33:13_
--------
*4ec26b91e516487dc55ae6f2cff4ae4a*
`登陆天数: 19天 / 656天
等级: 130
石头: 4016
呼符: 144
体力: 17332.923333333332 / 138
友情点: 0 / 471030`
*連続ログイン5日目
※ログインが途切れるか、7日到達すると
1日目から再開されます*
`叡智の業火 X 2
6月交換券(2024) X 1
`*螺旋証明世界 リリムハーロット ～喝采なき薔薇～ アンケート復刻版
開幕記念 ログインボーナス*
*開催期間中、1日1回 最大21回 ログインボーナスをプレゼント！*
`白銀の果実 X 1
`_2024-06-11 04:33:20_
--------
*acb9ab1e99e3456ea336f8ef1b260e65*
`登陆天数: 19天 / 656天
等级: 130
石头: 4015
呼符: 251
体力: 17332.95 / 138
友情点: 0 / 468045`
*連続ログイン5日目
※ログインが途切れるか、7日到達すると
1日目から再開されます*
`叡智の業火 X 2
6月交換券(2024) X 1
`*螺旋証明世界 リリムハーロット ～喝采なき薔薇～ アンケート復刻版
開幕記念 ログインボーナス*
*開催期間中、1日1回 最大21回 ログインボーナスをプレゼント！*
`白銀の果実 X 1
`_2024-06-11 04:33:28_
--------
*078bb44cfb86dac756da3684e84b9886*
`登陆天数: 19天 / 657天
等级: 130
石头: 4012
呼符: 275
体力: 17332.97333333333 / 138
友情点: 0 / 466095`
*連続ログイン5日目
※ログインが途切れるか、7日到達すると
1日目から再開されます*
`叡智の業火 X 2
6月交換券(2024) X 1
`*螺旋証明世界 リリムハーロット ～喝采なき薔薇～ アンケート復刻版
開幕記念 ログインボーナス*
*開催期間中、1日1回 最大21回 ログインボーナスをプレゼント！*
`白銀の果実 X 1
`_2024-06-11 04:33:35_
--------
*bb97b3a67b6ff2424e674a1dbdde81f7*
`登陆天数: 19天 / 657天
等级: 130
石头: 4011
呼符: 318
体力: 17333.003333333334 / 138
友情点: 0 / 468620`
*連続ログイン5日目
※ログインが途切れるか、7日到達すると
1日目から再開されます*
`叡智の業火 X 2
6月交換券(2024) X 1
`*螺旋証明世界 リリムハーロット ～喝采なき薔薇～ アンケート復刻版
開幕記念 ログインボーナス*
*開催期間中、1日1回 最大21回 ログインボーナスをプレゼント！*
`白銀の果実 X 1
`_2024-06-11 04:33:43_
--------
*652095a74b2c64f328d1f4cea9a00973*
`登陆天数: 19天 / 657天
等级: 130
石头: 3976
呼符: 72
体力: 17333.02666666667 / 138
友情点: 0 / 465765`
*連続ログイン5日目
※ログインが途切れるか、7日到達すると
1日目から再開されます*
`叡智の業火 X 2
6月交換券(2024) X 1
`*螺旋証明世界 リリムハーロット ～喝采なき薔薇～ アンケート復刻版
開幕記念 ログインボーナス*
*開催期間中、1日1回 最大21回 ログインボーナスをプレゼント！*
`白銀の果実 X 1
`_2024-06-11 04:33:51_
--------
*6ceb088359e6b062de289ca0cefc362e*
`登陆天数: 19天 / 656天
等级: 130
石头: 4006
呼符: 217
体力: 17333.053333333333 / 138
友情点: 0 / 468600`
*連続ログイン5日目
※ログインが途切れるか、7日到達すると
1日目から再開されます*
`叡智の業火 X 2
6月交換券(2024) X 1
`*螺旋証明世界 リリムハーロット ～喝采なき薔薇～ アンケート復刻版
開幕記念 ログインボーナス*
*開催期間中、1日1回 最大21回 ログインボーナスをプレゼント！*
`白銀の果実 X 1
`_2024-06-11 04:33:59_
--------
*28d7798f8c903152e0d92f3bc8f63c33*
`登陆天数: 19天 / 657天
等级: 130
石头: 4025
呼符: 277
体力: 17333.08 / 138
友情点: 0 / 466580`
*連続ログイン5日目
※ログインが途切れるか、7日到達すると
1日目から再開されます*
`叡智の業火 X 2
6月交換券(2024) X 1
`*螺旋証明世界 リリムハーロット ～喝采なき薔薇～ アンケート復刻版
開幕記念 ログインボーナス*
*開催期間中、1日1回 最大21回 ログインボーナスをプレゼント！*
`白銀の果実 X 1
`_2024-06-11 04:34:06_
--------
*ba76096a9cdc3452141b904867a19276*
`登陆天数: 19天 / 656天
等级: 130
石头: 4006
呼符: 129
体力: 17333.103333333333 / 138
友情点: 0 / 468660`
*連続ログイン5日目
※ログインが途切れるか、7日到達すると
1日目から再開されます*
`叡智の業火 X 2
6月交換券(2024) X 1
`*螺旋証明世界 リリムハーロット ～喝采なき薔薇～ アンケート復刻版
開幕記念 ログインボーナス*
*開催期間中、1日1回 最大21回 ログインボーナスをプレゼント！*
`白銀の果実 X 1
`_2024-06-11 04:34:14_
--------
*2e2039f81bd4dda30e028207208c5dbd*
`登陆天数: 19天 / 656天
等级: 130
石头: 3998
呼符: 273
体力: 17333.13 / 138
友情点: 0 / 470315`
*連続ログイン5日目
※ログインが途切れるか、7日到達すると
1日目から再開されます*
`叡智の業火 X 2
6月交換券(2024) X 1
`*螺旋証明世界 リリムハーロット ～喝采なき薔薇～ アンケート復刻版
開幕記念 ログインボーナス*
*開催期間中、1日1回 最大21回 ログインボーナスをプレゼント！*
`白銀の果実 X 1
`_2024-06-11 04:34:21_
--------
*df04ab639f8dc708aa4aca95b9b1899a*
`登陆天数: 19天 / 657天
等级: 130
石头: 4011
呼符: 235
体力: 17333.15 / 138
友情点: 0 / 468120`
*連続ログイン5日目
※ログインが途切れるか、7日到達すると
1日目から再開されます*
`叡智の業火 X 2
6月交換券(2024) X 1
`*螺旋証明世界 リリムハーロット ～喝采なき薔薇～ アンケート復刻版
開幕記念 ログインボーナス*
*開催期間中、1日1回 最大21回 ログインボーナスをプレゼント！*
`白銀の果実 X 1
`_2024-06-11 04:34:29_
--------
*f1b51fa0aeeeb31221d2601de6270375*
`登陆天数: 19天 / 656天
等级: 130
石头: 4012
呼符: 214
体力: 17333.176666666666 / 138
友情点: 0 / 468610`
*連続ログイン5日目
※ログインが途切れるか、7日到達すると
1日目から再開されます*
`叡智の業火 X 2
6月交換券(2024) X 1
`*螺旋証明世界 リリムハーロット ～喝采なき薔薇～ アンケート復刻版
開幕記念 ログインボーナス*
*開催期間中、1日1回 最大21回 ログインボーナスをプレゼント！*
`白銀の果実 X 1
`_2024-06-11 04:34:36_
--------
*575e1648626f6d7f217abd5c9a92ab0c*
`登陆天数: 19天 / 657天
等级: 130
石头: 4000
呼符: 318
体力: 17333.2 / 138
友情点: 0 / 466735`
*連続ログイン5日目
※ログインが途切れるか、7日到達すると
1日目から再開されます*
`叡智の業火 X 2
6月交換券(2024) X 1
`*螺旋証明世界 リリムハーロット ～喝采なき薔薇～ アンケート復刻版
開幕記念 ログインボーナス*
*開催期間中、1日1回 最大21回 ログインボーナスをプレゼント！*
`白銀の果実 X 1
`_2024-06-11 04:34:44_
--------
*1b6a1c2f7514792daa0659f60ddd3fb4*
`登陆天数: 19天 / 657天
等级: 130
石头: 4015
呼符: 215
体力: 17333.226666666666 / 138
友情点: 0 / 467230`
*連続ログイン5日目
※ログインが途切れるか、7日到達すると
1日目から再開されます*
`叡智の業火 X 2
6月交換券(2024) X 1
`*螺旋証明世界 リリムハーロット ～喝采なき薔薇～ アンケート復刻版
開幕記念 ログインボーナス*
*開催期間中、1日1回 最大21回 ログインボーナスをプレゼント！*
`白銀の果実 X 1
`_2024-06-11 04:34:52_
--------
*ba6a0431edf4d1f2e78f3e1ce12776c2*
`登陆天数: 19天 / 656天
等级: 130
石头: 4006
呼符: 314
体力: 17333.253333333334 / 138
友情点: 0 / 469515`
*連続ログイン5日目
※ログインが途切れるか、7日到達すると
1日目から再開されます*
`叡智の業火 X 2
6月交換券(2024) X 1
`*螺旋証明世界 リリムハーロット ～喝采なき薔薇～ アンケート復刻版
開幕記念 ログインボーナス*
*開催期間中、1日1回 最大21回 ログインボーナスをプレゼント！*
`白銀の果実 X 1
`_2024-06-11 04:34:59_
--------
*de8ff01719830a881ffdd5e805cb8ce9*
`登陆天数: 19天 / 656天
等级: 130
石头: 4015
呼符: 309
体力: 17333.27666666667 / 138
友情点: 0 / 467160`
*連続ログイン5日目
※ログインが途切れるか、7日到達すると
1日目から再開されます*
`叡智の業火 X 2
6月交換券(2024) X 1
`*螺旋証明世界 リリムハーロット ～喝采なき薔薇～ アンケート復刻版
開幕記念 ログインボーナス*
*開催期間中、1日1回 最大21回 ログインボーナスをプレゼント！*
`白銀の果実 X 1
`_2024-06-11 04:35:07_
--------
*4f8c843fd29092eae7bbd5df4199358a*
`登陆天数: 19天 / 656天
等级: 130
石头: 4006
呼符: 234
体力: 17333.306666666667 / 138
友情点: 0 / 467800`
*連続ログイン5日目
※ログインが途切れるか、7日到達すると
1日目から再開されます*
`叡智の業火 X 2
6月交換券(2024) X 1
`*螺旋証明世界 リリムハーロット ～喝采なき薔薇～ アンケート復刻版
開幕記念 ログインボーナス*
*開催期間中、1日1回 最大21回 ログインボーナスをプレゼント！*
`白銀の果実 X 1
`_2024-06-11 04:35:14_
--------
*edf4337a6f6115da4b675b8571f3c270*
`登陆天数: 19天 / 656天
等级: 130
石头: 4002
呼符: 298
体力: 17333.326666666668 / 138
友情点: 0 / 468145`
*連続ログイン5日目
※ログインが途切れるか、7日到達すると
1日目から再開されます*
`叡智の業火 X 2
6月交換券(2024) X 1
`*螺旋証明世界 リリムハーロット ～喝采なき薔薇～ アンケート復刻版
開幕記念 ログインボーナス*
*開催期間中、1日1回 最大21回 ログインボーナスをプレゼント！*
`白銀の果実 X 1
`_2024-06-11 04:35:22_
--------
*e5659ab2c932702f7cde8e9800ff2df2*
`登陆天数: 19天 / 656天
等级: 130
石头: 4007
呼符: 298
体力: 17333.353333333333 / 138
友情点: 0 / 470550`
*連続ログイン5日目
※ログインが途切れるか、7日到達すると
1日目から再開されます*
`叡智の業火 X 2
6月交換券(2024) X 1
`*螺旋証明世界 リリムハーロット ～喝采なき薔薇～ アンケート復刻版
開幕記念 ログインボーナス*
*開催期間中、1日1回 最大21回 ログインボーナスをプレゼント！*
`白銀の果実 X 1
`_2024-06-11 04:35:30_
--------
*dc0201d800fd7973e57bed9368e3669c*
`登陆天数: 19天 / 656天
等级: 130
石头: 4014
呼符: 243
体力: 17333.376666666667 / 138
友情点: 0 / 469730`
*連続ログイン5日目
※ログインが途切れるか、7日到達すると
1日目から再開されます*
`叡智の業火 X 2
6月交換券(2024) X 1
`*螺旋証明世界 リリムハーロット ～喝采なき薔薇～ アンケート復刻版
開幕記念 ログインボーナス*
*開催期間中、1日1回 最大21回 ログインボーナスをプレゼント！*
`白銀の果実 X 1
`_2024-06-11 04:35:37_
--------
*a1d669971e16b1810f3d19886b03db4e*
`登陆天数: 19天 / 657天
等级: 130
石头: 4009
呼符: 277
体力: 17333.403333333332 / 138
友情点: 0 / 466265`
*連続ログイン5日目
※ログインが途切れるか、7日到達すると
1日目から再開されます*
`叡智の業火 X 2
6月交換券(2024) X 1
`*螺旋証明世界 リリムハーロット ～喝采なき薔薇～ アンケート復刻版
開幕記念 ログインボーナス*
*開催期間中、1日1回 最大21回 ログインボーナスをプレゼント！*
`白銀の果実 X 1
`_2024-06-11 04:35:45_
--------
*3f9614d2b2be18cbb252d877de6e5976*
`登陆天数: 19天 / 657天
等级: 130
石头: 4008
呼符: 319
体力: 17333.433333333334 / 138
友情点: 0 / 467145`
*連続ログイン5日目
※ログインが途切れるか、7日到達すると
1日目から再開されます*
`叡智の業火 X 2
6月交換券(2024) X 1
`*螺旋証明世界 リリムハーロット ～喝采なき薔薇～ アンケート復刻版
開幕記念 ログインボーナス*
*開催期間中、1日1回 最大21回 ログインボーナスをプレゼント！*
`白銀の果実 X 1
`_2024-06-11 04:35:52_
--------
*fbf90a2444f3e91414e127fe29878609*
`登陆天数: 19天 / 657天
等级: 130
石头: 4018
呼符: 165
体力: 17333.456666666665 / 138
友情点: 0 / 465590`
*連続ログイン5日目
※ログインが途切れるか、7日到達すると
1日目から再開されます*
`叡智の業火 X 2
6月交換券(2024) X 1
`*螺旋証明世界 リリムハーロット ～喝采なき薔薇～ アンケート復刻版
開幕記念 ログインボーナス*
*開催期間中、1日1回 最大21回 ログインボーナスをプレゼント！*
`白銀の果実 X 1
`_2024-06-11 04:36:00_
--------
*22568b38f19b6f1e313be015f5781f36*
`登陆天数: 19天 / 657天
等级: 130
石头: 3969
呼符: 255
体力: 17333.483333333334 / 138
友情点: 0 / 466485`
*連続ログイン5日目
※ログインが途切れるか、7日到達すると
1日目から再開されます*
`叡智の業火 X 2
6月交換券(2024) X 1
`*螺旋証明世界 リリムハーロット ～喝采なき薔薇～ アンケート復刻版
開幕記念 ログインボーナス*
*開催期間中、1日1回 最大21回 ログインボーナスをプレゼント！*
`白銀の果実 X 1
`_2024-06-11 04:36:07_
--------
*7d4c09c768073669c77eba8afcb79b94*
`登陆天数: 19天 / 657天
等级: 130
石头: 4014
呼符: 178
体力: 17333.503333333334 / 138
友情点: 0 / 467090`
*連続ログイン5日目
※ログインが途切れるか、7日到達すると
1日目から再開されます*
`叡智の業火 X 2
6月交換券(2024) X 1
`*螺旋証明世界 リリムハーロット ～喝采なき薔薇～ アンケート復刻版
開幕記念 ログインボーナス*
*開催期間中、1日1回 最大21回 ログインボーナスをプレゼント！*
`白銀の果実 X 1
`_2024-06-11 04:36:15_
--------
*31f768b7e667ac351f7de7eb98f322e5*
`登陆天数: 19天 / 656天
等级: 130
石头: 4014
呼符: 276
体力: 17333.53 / 138
友情点: 0 / 470185`
*連続ログイン5日目
※ログインが途切れるか、7日到達すると
1日目から再開されます*
`叡智の業火 X 2
6月交換券(2024) X 1
`*螺旋証明世界 リリムハーロット ～喝采なき薔薇～ アンケート復刻版
開幕記念 ログインボーナス*
*開催期間中、1日1回 最大21回 ログインボーナスをプレゼント！*
`白銀の果実 X 1
`_2024-06-11 04:36:23_
--------
*8154268d3c8c393b3ae07867303ba088*
`登陆天数: 19天 / 656天
等级: 130
石头: 3999
呼符: 214
体力: 17333.56 / 138
友情点: 0 / 468835`
*連続ログイン5日目
※ログインが途切れるか、7日到達すると
1日目から再開されます*
`叡智の業火 X 2
6月交換券(2024) X 1
`*螺旋証明世界 リリムハーロット ～喝采なき薔薇～ アンケート復刻版
開幕記念 ログインボーナス*
*開催期間中、1日1回 最大21回 ログインボーナスをプレゼント！*
`白銀の果実 X 1
`_2024-06-11 04:36:30_
--------
*ba3256674349b0bce287aa0f33ccbb26*
`登陆天数: 19天 / 656天
等级: 130
石头: 4005
呼符: 244
体力: 17333.583333333332 / 138
友情点: 0 / 468825`
*連続ログイン5日目
※ログインが途切れるか、7日到達すると
1日目から再開されます*
`叡智の業火 X 2
6月交換券(2024) X 1
`*螺旋証明世界 リリムハーロット ～喝采なき薔薇～ アンケート復刻版
開幕記念 ログインボーナス*
*開催期間中、1日1回 最大21回 ログインボーナスをプレゼント！*
`白銀の果実 X 1
`_2024-06-11 04:36:38_
--------
*4668a716582763efe9debb601b8f79a6*
`登陆天数: 19天 / 656天
等级: 130
石头: 4005
呼符: 276
体力: 17333.61 / 138
友情点: 0 / 468560`
*連続ログイン5日目
※ログインが途切れるか、7日到達すると
1日目から再開されます*
`叡智の業火 X 2
6月交換券(2024) X 1
`*螺旋証明世界 リリムハーロット ～喝采なき薔薇～ アンケート復刻版
開幕記念 ログインボーナス*
*開催期間中、1日1回 最大21回 ログインボーナスをプレゼント！*
`白銀の果実 X 1
`_2024-06-11 04:36:45_
--------
*951c1fe79d9afe9e37051c0f8bb69197*
`登陆天数: 19天 / 656天
等级: 130
石头: 3990
呼符: 230
体力: 17333.633333333335 / 138
友情点: 0 / 469100`
*連続ログイン5日目
※ログインが途切れるか、7日到達すると
1日目から再開されます*
`叡智の業火 X 2
6月交換券(2024) X 1
`*螺旋証明世界 リリムハーロット ～喝采なき薔薇～ アンケート復刻版
開幕記念 ログインボーナス*
*開催期間中、1日1回 最大21回 ログインボーナスをプレゼント！*
`白銀の果実 X 1
`_2024-06-11 04:36:53_
--------
*3c95d5ea18a0c3e5afa60eb7102ecb22*
`登陆天数: 19天 / 656天
等级: 130
石头: 4019
呼符: 201
体力: 17333.656666666666 / 138
友情点: 0 / 469310`
*連続ログイン5日目
※ログインが途切れるか、7日到達すると
1日目から再開されます*
`叡智の業火 X 2
6月交換券(2024) X 1
`*螺旋証明世界 リリムハーロット ～喝采なき薔薇～ アンケート復刻版
開幕記念 ログインボーナス*
*開催期間中、1日1回 最大21回 ログインボーナスをプレゼント！*
`白銀の果実 X 1
`_2024-06-11 04:37:01_
--------
*f2be3360cbd3e934490636e484f2ff1e*
`登陆天数: 19天 / 656天
等级: 130
石头: 4009
呼符: 306
体力: 17333.68 / 138
友情点: 0 / 469140`
*連続ログイン5日目
※ログインが途切れるか、7日到達すると
1日目から再開されます*
`叡智の業火 X 2
6月交換券(2024) X 1
`*螺旋証明世界 リリムハーロット ～喝采なき薔薇～ アンケート復刻版
開幕記念 ログインボーナス*
*開催期間中、1日1回 最大21回 ログインボーナスをプレゼント！*
`白銀の果実 X 1
`_2024-06-11 04:37:08_
--------
*18d99410ac22a2645efb41b6af0c1eb1*
`登陆天数: 19天 / 657天
等级: 130
石头: 4021
呼符: 158
体力: 17333.71 / 138
友情点: 0 / 465765`
*連続ログイン5日目
※ログインが途切れるか、7日到達すると
1日目から再開されます*
`叡智の業火 X 2
6月交換券(2024) X 1
`*螺旋証明世界 リリムハーロット ～喝采なき薔薇～ アンケート復刻版
開幕記念 ログインボーナス*
*開催期間中、1日1回 最大21回 ログインボーナスをプレゼント！*
`白銀の果実 X 1
`_2024-06-11 04:37:16_
--------
*9f0a0d72fae19f5bcbc3351e52c42ee4*
`登陆天数: 19天 / 657天
等级: 130
石头: 4006
呼符: 257
体力: 17333.733333333334 / 138
友情点: 0 / 466720`
*連続ログイン5日目
※ログインが途切れるか、7日到達すると
1日目から再開されます*
`叡智の業火 X 2
6月交換券(2024) X 1
`*螺旋証明世界 リリムハーロット ～喝采なき薔薇～ アンケート復刻版
開幕記念 ログインボーナス*
*開催期間中、1日1回 最大21回 ログインボーナスをプレゼント！*
`白銀の果実 X 1
`_2024-06-11 04:37:24_
--------
*49bc7e0047e2d56f14ae4fef74268be1*
`登陆天数: 19天 / 656天
等级: 130
石头: 4012
呼符: 290
体力: 17333.76 / 138
友情点: 0 / 469825`
*連続ログイン5日目
※ログインが途切れるか、7日到達すると
1日目から再開されます*
`叡智の業火 X 2
6月交換券(2024) X 1
`*螺旋証明世界 リリムハーロット ～喝采なき薔薇～ アンケート復刻版
開幕記念 ログインボーナス*
*開催期間中、1日1回 最大21回 ログインボーナスをプレゼント！*
`白銀の果実 X 1
`_2024-06-11 04:37:31_
--------
*5422108ee210360aaf177108c239bf16*
`登陆天数: 19天 / 656天
等级: 130
石头: 4014
呼符: 234
体力: 17333.783333333333 / 138
友情点: 0 / 468230`
*連続ログイン5日目
※ログインが途切れるか、7日到達すると
1日目から再開されます*
`叡智の業火 X 2
6月交換券(2024) X 1
`*螺旋証明世界 リリムハーロット ～喝采なき薔薇～ アンケート復刻版
開幕記念 ログインボーナス*
*開催期間中、1日1回 最大21回 ログインボーナスをプレゼント！*
`白銀の果実 X 1
`_2024-06-11 04:37:39_
--------
*2784ddd03912679de1baa38f27f0f0f6*
`登陆天数: 19天 / 656天
等级: 130
石头: 4014
呼符: 308
体力: 17333.806666666667 / 138
友情点: 0 / 470610`
*連続ログイン5日目
※ログインが途切れるか、7日到達すると
1日目から再開されます*
`叡智の業火 X 2
6月交換券(2024) X 1
`*螺旋証明世界 リリムハーロット ～喝采なき薔薇～ アンケート復刻版
開幕記念 ログインボーナス*
*開催期間中、1日1回 最大21回 ログインボーナスをプレゼント！*
`白銀の果実 X 1
`_2024-06-11 04:37:46_
--------
*04832a11fa463d4b86f861ec3e0e8d47*
`登陆天数: 19天 / 656天
等级: 130
石头: 4012
呼符: 271
体力: 17333.836666666666 / 138
友情点: 0 / 468195`
*連続ログイン5日目
※ログインが途切れるか、7日到達すると
1日目から再開されます*
`叡智の業火 X 2
6月交換券(2024) X 1
`*螺旋証明世界 リリムハーロット ～喝采なき薔薇～ アンケート復刻版
開幕記念 ログインボーナス*
*開催期間中、1日1回 最大21回 ログインボーナスをプレゼント！*
`白銀の果実 X 1
`_2024-06-11 04:37:54_
--------
*77c7bcee0ca27f10718f799d8d210992*
`登陆天数: 19天 / 657天
等级: 130
石头: 4007
呼符: 296
体力: 17333.86 / 138
友情点: 0 / 466585`
*連続ログイン5日目
※ログインが途切れるか、7日到達すると
1日目から再開されます*
`叡智の業火 X 2
6月交換券(2024) X 1
`*螺旋証明世界 リリムハーロット ～喝采なき薔薇～ アンケート復刻版
開幕記念 ログインボーナス*
*開催期間中、1日1回 最大21回 ログインボーナスをプレゼント！*
`白銀の果実 X 1
`_2024-06-11 04:38:01_
--------
*49a0af4df2f9b0b1352b491c26a5f91e*
`登陆天数: 19天 / 657天
等级: 130
石头: 3998
呼符: 295
体力: 17333.883333333335 / 138
友情点: 0 / 465935`
*連続ログイン5日目
※ログインが途切れるか、7日到達すると
1日目から再開されます*
`叡智の業火 X 2
6月交換券(2024) X 1
`*螺旋証明世界 リリムハーロット ～喝采なき薔薇～ アンケート復刻版
開幕記念 ログインボーナス*
*開催期間中、1日1回 最大21回 ログインボーナスをプレゼント！*
`白銀の果実 X 1
`_2024-06-11 04:38:09_
--------
*31fab70708fc44393178111a7c8022f6*
`登陆天数: 19天 / 657天
等级: 130
石头: 4011
呼符: 220
体力: 17333.906666666666 / 138
友情点: 0 / 466945`
*連続ログイン5日目
※ログインが途切れるか、7日到達すると
1日目から再開されます*
`叡智の業火 X 2
6月交換券(2024) X 1
`*螺旋証明世界 リリムハーロット ～喝采なき薔薇～ アンケート復刻版
開幕記念 ログインボーナス*
*開催期間中、1日1回 最大21回 ログインボーナスをプレゼント！*
`白銀の果実 X 1
`_2024-06-11 04:38:17_
--------
*06415322c4df70ec3f1563c7860ec61c*
`登陆天数: 19天 / 656天
等级: 130
石头: 4015
呼符: 235
体力: 17333.93666666667 / 138
友情点: 0 / 468870`
*連続ログイン5日目
※ログインが途切れるか、7日到達すると
1日目から再開されます*
`叡智の業火 X 2
6月交換券(2024) X 1
`*螺旋証明世界 リリムハーロット ～喝采なき薔薇～ アンケート復刻版
開幕記念 ログインボーナス*
*開催期間中、1日1回 最大21回 ログインボーナスをプレゼント！*
`白銀の果実 X 1
`_2024-06-11 04:38:24_
--------
*7a9d141954314f8ddf7bde7bcca02a37*
`登陆天数: 19天 / 656天
等级: 130
石头: 3982
呼符: 272
体力: 17333.963333333333 / 138
友情点: 0 / 467605`
*連続ログイン5日目
※ログインが途切れるか、7日到達すると
1日目から再開されます*
`叡智の業火 X 2
6月交換券(2024) X 1
`*螺旋証明世界 リリムハーロット ～喝采なき薔薇～ アンケート復刻版
開幕記念 ログインボーナス*
*開催期間中、1日1回 最大21回 ログインボーナスをプレゼント！*
`白銀の果実 X 1
`_2024-06-11 04:38:32_
--------
*ba0e05d2f8a5acf52cecd934898dce75*
`登陆天数: 19天 / 657天
等级: 130
石头: 4017
呼符: 143
体力: 17333.986666666668 / 138
友情点: 0 / 468425`
*連続ログイン5日目
※ログインが途切れるか、7日到達すると
1日目から再開されます*
`叡智の業火 X 2
6月交換券(2024) X 1
`*螺旋証明世界 リリムハーロット ～喝采なき薔薇～ アンケート復刻版
開幕記念 ログインボーナス*
*開催期間中、1日1回 最大21回 ログインボーナスをプレゼント！*
`白銀の果実 X 1
`_2024-06-11 04:38:39_
--------
*969c5d020945c5baa71a2b86463802be*
`登陆天数: 19天 / 656天
等级: 130
石头: 4007
呼符: 221
体力: 17334.01 / 138
友情点: 0 / 468445`
*連続ログイン5日目
※ログインが途切れるか、7日到達すると
1日目から再開されます*
`叡智の業火 X 2
6月交換券(2024) X 1
`*螺旋証明世界 リリムハーロット ～喝采なき薔薇～ アンケート復刻版
開幕記念 ログインボーナス*
*開催期間中、1日1回 最大21回 ログインボーナスをプレゼント！*
`白銀の果実 X 1
`_2024-06-11 04:38:47_
--------
*48603db78368bc4e9a7349875167f11e*
`登陆天数: 19天 / 656天
等级: 130
石头: 4013
呼符: 234
体力: 17334.036666666667 / 138
友情点: 0 / 468135`
*連続ログイン5日目
※ログインが途切れるか、7日到達すると
1日目から再開されます*
`叡智の業火 X 2
6月交換券(2024) X 1
`*螺旋証明世界 リリムハーロット ～喝采なき薔薇～ アンケート復刻版
開幕記念 ログインボーナス*
*開催期間中、1日1回 最大21回 ログインボーナスをプレゼント！*
`白銀の果実 X 1
`_2024-06-11 04:38:55_
--------
*a6cb2b7ce54392cffd443b13e1d727e0*
`登陆天数: 19天 / 657天
等级: 130
石头: 4004
呼符: 182
体力: 17334.06333333333 / 138
友情点: 0 / 467165`
*連続ログイン5日目
※ログインが途切れるか、7日到達すると
1日目から再開されます*
`叡智の業火 X 2
6月交換券(2024) X 1
`*螺旋証明世界 リリムハーロット ～喝采なき薔薇～ アンケート復刻版
開幕記念 ログインボーナス*
*開催期間中、1日1回 最大21回 ログインボーナスをプレゼント！*
`白銀の果実 X 1
`_2024-06-11 04:39:02_
--------
