【登录信息】
*90301b31ff737306eff5bc4c463524ec*
`登陆天数: 20天 / 658天
等级: 130
石头: 4055
呼符: 327
体力: 29.943333333333328 / 138
友情点: 0 / 470025`
_2024-06-12 04:30:42_
--------
*d627beaffe7ea26fa0ce70b982ed8711*
`登陆天数: 20天 / 658天
等级: 130
石头: 4066
呼符: 296
体力: 29.909999999999997 / 138
友情点: 0 / 471030`
_2024-06-12 04:30:49_
--------
*0bed67e05fde5e8a83ba7307e7205171*
`登陆天数: 20天 / 657天
等级: 130
石头: 4067
呼符: 329
体力: 29.879999999999995 / 138
友情点: 0 / 470730`
_2024-06-12 04:30:57_
--------
*024b07d9e6192253b4d33dd76dea8c5f*
`登陆天数: 20天 / 658天
等级: 130
石头: 4070
呼符: 158
体力: 29.846666666666664 / 138
友情点: 0 / 471070`
_2024-06-12 04:31:04_
--------
*4ec26b91e516487dc55ae6f2cff4ae4a*
`登陆天数: 20天 / 657天
等级: 130
石头: 4070
呼符: 153
体力: 29.816666666666663 / 138
友情点: 0 / 473030`
_2024-06-12 04:31:12_
--------
*acb9ab1e99e3456ea336f8ef1b260e65*
`登陆天数: 20天 / 657天
等级: 130
石头: 4069
呼符: 260
体力: 29.78666666666666 / 138
友情点: 0 / 470045`
_2024-06-12 04:31:19_
--------
*078bb44cfb86dac756da3684e84b9886*
`登陆天数: 20天 / 658天
等级: 130
石头: 4064
呼符: 284
体力: 29.75333333333333 / 138
友情点: 0 / 470095`
_2024-06-12 04:31:27_
--------
*bb97b3a67b6ff2424e674a1dbdde81f7*
`登陆天数: 20天 / 658天
等级: 130
石头: 4063
呼符: 327
体力: 29.72333333333333 / 138
友情点: 0 / 472620`
_2024-06-12 04:31:34_
--------
*652095a74b2c64f328d1f4cea9a00973*
`登陆天数: 20天 / 658天
等级: 130
石头: 4028
呼符: 81
体力: 29.689999999999998 / 138
友情点: 0 / 469765`
_2024-06-12 04:31:42_
--------
*6ceb088359e6b062de289ca0cefc362e*
`登陆天数: 20天 / 657天
等级: 130
石头: 4060
呼符: 226
体力: 29.659999999999997 / 138
友情点: 0 / 470600`
_2024-06-12 04:31:50_
--------
*28d7798f8c903152e0d92f3bc8f63c33*
`登陆天数: 20天 / 658天
等级: 130
石头: 4077
呼符: 286
体力: 29.626666666666665 / 138
友情点: 0 / 470580`
_2024-06-12 04:31:57_
--------
*ba76096a9cdc3452141b904867a19276*
`登陆天数: 20天 / 657天
等级: 130
石头: 4060
呼符: 138
体力: 29.593333333333334 / 138
友情点: 0 / 470660`
_2024-06-12 04:32:05_
--------
*2e2039f81bd4dda30e028207208c5dbd*
`登陆天数: 20天 / 657天
等级: 130
石头: 4052
呼符: 282
体力: 29.563333333333333 / 138
友情点: 0 / 472315`
_2024-06-12 04:32:12_
--------
*df04ab639f8dc708aa4aca95b9b1899a*
`登陆天数: 20天 / 658天
等级: 130
石头: 4063
呼符: 244
体力: 29.53 / 138
友情点: 0 / 472120`
_2024-06-12 04:32:20_
--------
*f1b51fa0aeeeb31221d2601de6270375*
`登陆天数: 20天 / 657天
等级: 130
石头: 4066
呼符: 223
体力: 29.5 / 138
友情点: 0 / 470610`
_2024-06-12 04:32:27_
--------
*575e1648626f6d7f217abd5c9a92ab0c*
`登陆天数: 20天 / 658天
等级: 130
石头: 4052
呼符: 327
体力: 29.46666666666667 / 138
友情点: 0 / 470735`
_2024-06-12 04:32:35_
--------
*1b6a1c2f7514792daa0659f60ddd3fb4*
`登陆天数: 20天 / 658天
等级: 130
石头: 4067
呼符: 224
体力: 29.436666666666667 / 138
友情点: 0 / 471230`
_2024-06-12 04:32:43_
--------
*ba6a0431edf4d1f2e78f3e1ce12776c2*
`登陆天数: 20天 / 657天
等级: 130
石头: 4060
呼符: 323
体力: 29.406666666666666 / 138
友情点: 0 / 471515`
_2024-06-12 04:32:50_
--------
*de8ff01719830a881ffdd5e805cb8ce9*
`登陆天数: 20天 / 657天
等级: 130
石头: 4069
呼符: 318
体力: 29.373333333333335 / 138
友情点: 0 / 469160`
_2024-06-12 04:32:58_
--------
*4f8c843fd29092eae7bbd5df4199358a*
`登陆天数: 20天 / 657天
等级: 130
石头: 4060
呼符: 243
体力: 29.343333333333334 / 138
友情点: 0 / 469800`
_2024-06-12 04:33:05_
--------
*edf4337a6f6115da4b675b8571f3c270*
`登陆天数: 20天 / 657天
等级: 130
石头: 4056
呼符: 307
体力: 29.310000000000002 / 138
友情点: 0 / 470145`
_2024-06-12 04:33:13_
--------
*e5659ab2c932702f7cde8e9800ff2df2*
`登陆天数: 20天 / 657天
等级: 130
石头: 4061
呼符: 307
体力: 29.28 / 138
友情点: 0 / 472550`
_2024-06-12 04:33:21_
--------
*dc0201d800fd7973e57bed9368e3669c*
`登陆天数: 20天 / 657天
等级: 130
石头: 4068
呼符: 252
体力: 29.24666666666667 / 138
友情点: 0 / 471730`
_2024-06-12 04:33:28_
--------
*a1d669971e16b1810f3d19886b03db4e*
`登陆天数: 20天 / 658天
等级: 130
石头: 4061
呼符: 286
体力: 29.22 / 138
友情点: 0 / 470265`
_2024-06-12 04:33:35_
--------
*3f9614d2b2be18cbb252d877de6e5976*
`登陆天数: 20天 / 658天
等级: 130
石头: 4060
呼符: 328
体力: 29.193333333333328 / 138
友情点: 0 / 471145`
_2024-06-12 04:33:43_
--------
*fbf90a2444f3e91414e127fe29878609*
`登陆天数: 20天 / 658天
等级: 130
石头: 4070
呼符: 174
体力: 29.159999999999997 / 138
友情点: 0 / 469590`
_2024-06-12 04:33:51_
--------
*22568b38f19b6f1e313be015f5781f36*
`登陆天数: 20天 / 658天
等级: 130
石头: 4021
呼符: 264
体力: 29.13333333333334 / 138
友情点: 0 / 470485`
_2024-06-12 04:33:58_
--------
*7d4c09c768073669c77eba8afcb79b94*
`登陆天数: 20天 / 658天
等级: 130
石头: 4066
呼符: 187
体力: 29.099999999999994 / 138
友情点: 0 / 471090`
_2024-06-12 04:34:06_
--------
*31f768b7e667ac351f7de7eb98f322e5*
`登陆天数: 20天 / 657天
等级: 130
石头: 4068
呼符: 285
体力: 29.073333333333338 / 138
友情点: 0 / 472185`
_2024-06-12 04:34:13_
--------
*8154268d3c8c393b3ae07867303ba088*
`登陆天数: 20天 / 657天
等级: 130
石头: 4053
呼符: 223
体力: 29.040000000000006 / 138
友情点: 0 / 470835`
_2024-06-12 04:34:21_
--------
*ba3256674349b0bce287aa0f33ccbb26*
`登陆天数: 20天 / 657天
等级: 130
石头: 4059
呼符: 253
体力: 29.010000000000005 / 138
友情点: 0 / 470825`
_2024-06-12 04:34:28_
--------
*4668a716582763efe9debb601b8f79a6*
`登陆天数: 20天 / 657天
等级: 130
石头: 4059
呼符: 285
体力: 28.976666666666674 / 138
友情点: 0 / 470560`
_2024-06-12 04:34:36_
--------
*951c1fe79d9afe9e37051c0f8bb69197*
`登陆天数: 20天 / 657天
等级: 130
石头: 4044
呼符: 239
体力: 28.950000000000003 / 138
友情点: 0 / 471100`
_2024-06-12 04:34:44_
--------
*3c95d5ea18a0c3e5afa60eb7102ecb22*
`登陆天数: 20天 / 657天
等级: 130
石头: 4073
呼符: 210
体力: 28.92 / 138
友情点: 0 / 471310`
_2024-06-12 04:34:51_
--------
*f2be3360cbd3e934490636e484f2ff1e*
`登陆天数: 20天 / 657天
等级: 130
石头: 4063
呼符: 315
体力: 28.876666666666665 / 138
友情点: 0 / 471140`
_2024-06-12 04:34:59_
--------
*18d99410ac22a2645efb41b6af0c1eb1*
`登陆天数: 20天 / 658天
等级: 130
石头: 4073
呼符: 167
体力: 28.846666666666664 / 138
友情点: 0 / 469765`
_2024-06-12 04:35:06_
--------
*9f0a0d72fae19f5bcbc3351e52c42ee4*
`登陆天数: 20天 / 658天
等级: 130
石头: 4058
呼符: 266
体力: 28.813333333333333 / 138
友情点: 0 / 470720`
_2024-06-12 04:35:14_
--------
*49bc7e0047e2d56f14ae4fef74268be1*
`登陆天数: 20天 / 657天
等级: 130
石头: 4066
呼符: 299
体力: 28.78333333333333 / 138
友情点: 0 / 471825`
_2024-06-12 04:35:21_
--------
*5422108ee210360aaf177108c239bf16*
`登陆天数: 20天 / 657天
等级: 130
石头: 4068
呼符: 243
体力: 28.75333333333333 / 138
友情点: 0 / 470230`
_2024-06-12 04:35:29_
--------
*2784ddd03912679de1baa38f27f0f0f6*
`登陆天数: 20天 / 657天
等级: 130
石头: 4068
呼符: 317
体力: 28.72333333333333 / 138
友情点: 0 / 472610`
_2024-06-12 04:35:36_
--------
*04832a11fa463d4b86f861ec3e0e8d47*
`登陆天数: 20天 / 657天
等级: 130
石头: 4066
呼符: 280
体力: 28.693333333333328 / 138
友情点: 0 / 470195`
_2024-06-12 04:35:44_
--------
*77c7bcee0ca27f10718f799d8d210992*
`登陆天数: 20天 / 658天
等级: 130
石头: 4059
呼符: 305
体力: 28.659999999999997 / 138
友情点: 0 / 470585`
_2024-06-12 04:35:52_
--------
*49a0af4df2f9b0b1352b491c26a5f91e*
`登陆天数: 20天 / 658天
等级: 130
石头: 4050
呼符: 304
体力: 28.629999999999995 / 138
友情点: 0 / 469935`
_2024-06-12 04:35:59_
--------
*31fab70708fc44393178111a7c8022f6*
`登陆天数: 20天 / 658天
等级: 130
石头: 4063
呼符: 229
体力: 28.596666666666664 / 138
友情点: 0 / 470945`
_2024-06-12 04:36:07_
--------
*06415322c4df70ec3f1563c7860ec61c*
`登陆天数: 20天 / 657天
等级: 130
石头: 4069
呼符: 244
体力: 28.569999999999993 / 138
友情点: 0 / 470870`
_2024-06-12 04:36:14_
--------
*7a9d141954314f8ddf7bde7bcca02a37*
`登陆天数: 20天 / 657天
等级: 130
石头: 4036
呼符: 281
体力: 28.53666666666666 / 138
友情点: 0 / 469605`
_2024-06-12 04:36:22_
--------
*ba0e05d2f8a5acf52cecd934898dce75*
`登陆天数: 20天 / 658天
等级: 130
石头: 4069
呼符: 152
体力: 28.50666666666666 / 138
友情点: 0 / 472425`
_2024-06-12 04:36:29_
--------
*969c5d020945c5baa71a2b86463802be*
`登陆天数: 20天 / 657天
等级: 130
石头: 4061
呼符: 230
体力: 28.47333333333333 / 138
友情点: 0 / 470445`
_2024-06-12 04:36:37_
--------
*48603db78368bc4e9a7349875167f11e*
`登陆天数: 20天 / 657天
等级: 130
石头: 4013
呼符: 234
体力: 17621.603333333333 / 138
友情点: 0 / 468135`
_2024-06-12 04:36:44_
--------
*a6cb2b7ce54392cffd443b13e1d727e0*
`登陆天数: 20天 / 658天
等级: 130
石头: 4004
呼符: 182
体力: 17621.626666666667 / 138
友情点: 0 / 467165`
*連続ログイン6日目
※ログインが途切れるか、7日到達すると
1日目から再開されます*
`聖晶石 X 2
6月交換券(2024) X 1
`*螺旋証明世界 リリムハーロット ～喝采なき薔薇～ アンケート復刻版
開幕記念 ログインボーナス*
*開催期間中、1日1回 最大21回 ログインボーナスをプレゼント！*
`白銀の果実 X 1
`_2024-06-12 04:36:52_
--------
