【登录信息】
*90301b31ff737306eff5bc4c463524ec*
`登陆天数: 21天 / 659天
等级: 130
石头: 4055
呼符: 328
体力: 30.436666666666667 / 138
友情点: 0 / 464025`
_2024-06-13 04:31:45_
--------
*d627beaffe7ea26fa0ce70b982ed8711*
`登陆天数: 21天 / 659天
等级: 130
石头: 4066
呼符: 297
体力: 30.403333333333336 / 138
友情点: 0 / 465030`
_2024-06-13 04:31:53_
--------
*0bed67e05fde5e8a83ba7307e7205171*
`登陆天数: 21天 / 658天
等级: 130
石头: 4067
呼符: 330
体力: 30.373333333333335 / 138
友情点: 0 / 464730`
_2024-06-13 04:32:01_
--------
*024b07d9e6192253b4d33dd76dea8c5f*
`登陆天数: 21天 / 659天
等级: 130
石头: 4070
呼符: 159
体力: 30.343333333333334 / 138
友情点: 0 / 465070`
_2024-06-13 04:32:09_
--------
*4ec26b91e516487dc55ae6f2cff4ae4a*
`登陆天数: 21天 / 658天
等级: 130
石头: 4070
呼符: 154
体力: 30.313333333333333 / 138
友情点: 0 / 467030`
_2024-06-13 04:32:16_
--------
*acb9ab1e99e3456ea336f8ef1b260e65*
`登陆天数: 21天 / 658天
等级: 130
石头: 4069
呼符: 261
体力: 30.28666666666666 / 138
友情点: 0 / 464045`
_2024-06-13 04:32:24_
--------
*078bb44cfb86dac756da3684e84b9886*
`登陆天数: 21天 / 659天
等级: 130
石头: 4064
呼符: 285
体力: 30.25333333333333 / 138
友情点: 0 / 464095`
_2024-06-13 04:32:32_
--------
*bb97b3a67b6ff2424e674a1dbdde81f7*
`登陆天数: 21天 / 659天
等级: 130
石头: 4063
呼符: 328
体力: 30.22333333333333 / 138
友情点: 0 / 466620`
_2024-06-13 04:32:40_
--------
*652095a74b2c64f328d1f4cea9a00973*
`登陆天数: 21天 / 659天
等级: 130
石头: 4028
呼符: 82
体力: 30.196666666666673 / 138
友情点: 0 / 463765`
_2024-06-13 04:32:47_
--------
*6ceb088359e6b062de289ca0cefc362e*
`登陆天数: 21天 / 658天
等级: 130
石头: 4060
呼符: 227
体力: 30.16666666666667 / 138
友情点: 0 / 464600`
_2024-06-13 04:32:55_
--------
*28d7798f8c903152e0d92f3bc8f63c33*
`登陆天数: 21天 / 659天
等级: 130
石头: 4077
呼符: 287
体力: 30.13666666666667 / 138
友情点: 0 / 464580`
_2024-06-13 04:33:03_
--------
*ba76096a9cdc3452141b904867a19276*
`登陆天数: 21天 / 658天
等级: 130
石头: 4060
呼符: 139
体力: 30.10666666666667 / 138
友情点: 0 / 464660`
_2024-06-13 04:33:11_
--------
*2e2039f81bd4dda30e028207208c5dbd*
`登陆天数: 21天 / 658天
等级: 130
石头: 4052
呼符: 283
体力: 30.08 / 138
友情点: 0 / 466315`
_2024-06-13 04:33:19_
--------
*df04ab639f8dc708aa4aca95b9b1899a*
`登陆天数: 21天 / 659天
等级: 130
石头: 4063
呼符: 245
体力: 30.049999999999997 / 138
友情点: 0 / 466120`
_2024-06-13 04:33:26_
--------
*f1b51fa0aeeeb31221d2601de6270375*
`登陆天数: 21天 / 658天
等级: 130
石头: 4066
呼符: 224
体力: 30.019999999999996 / 138
友情点: 0 / 464610`
_2024-06-13 04:33:34_
--------
*575e1648626f6d7f217abd5c9a92ab0c*
`登陆天数: 21天 / 659天
等级: 130
石头: 4052
呼符: 328
体力: 29.989999999999995 / 138
友情点: 0 / 464735`
_2024-06-13 04:33:43_
--------
*1b6a1c2f7514792daa0659f60ddd3fb4*
`登陆天数: 21天 / 659天
等级: 130
石头: 4067
呼符: 225
体力: 29.956666666666663 / 138
友情点: 0 / 465230`
_2024-06-13 04:33:51_
--------
*ba6a0431edf4d1f2e78f3e1ce12776c2*
`登陆天数: 21天 / 658天
等级: 130
石头: 4060
呼符: 324
体力: 29.930000000000007 / 138
友情点: 0 / 465515`
_2024-06-13 04:33:59_
--------
*de8ff01719830a881ffdd5e805cb8ce9*
`登陆天数: 21天 / 658天
等级: 130
石头: 4069
呼符: 319
体力: 29.900000000000006 / 138
友情点: 0 / 463160`
_2024-06-13 04:34:06_
--------
*4f8c843fd29092eae7bbd5df4199358a*
`登陆天数: 21天 / 658天
等级: 130
石头: 4060
呼符: 244
体力: 29.870000000000005 / 138
友情点: 0 / 463800`
_2024-06-13 04:34:14_
--------
*edf4337a6f6115da4b675b8571f3c270*
`登陆天数: 21天 / 658天
等级: 130
石头: 4056
呼符: 308
体力: 29.836666666666673 / 138
友情点: 0 / 464145`
_2024-06-13 04:34:22_
--------
*e5659ab2c932702f7cde8e9800ff2df2*
`登陆天数: 21天 / 658天
等级: 130
石头: 4061
呼符: 308
体力: 29.806666666666672 / 138
友情点: 0 / 466550`
_2024-06-13 04:34:30_
--------
*dc0201d800fd7973e57bed9368e3669c*
`登陆天数: 21天 / 658天
等级: 130
石头: 4068
呼符: 253
体力: 29.78 / 138
友情点: 0 / 465730`
_2024-06-13 04:34:37_
--------
*a1d669971e16b1810f3d19886b03db4e*
`登陆天数: 21天 / 659天
等级: 130
石头: 4061
呼符: 287
体力: 29.75 / 138
友情点: 0 / 464265`
_2024-06-13 04:34:45_
--------
*3f9614d2b2be18cbb252d877de6e5976*
`登陆天数: 21天 / 659天
等级: 130
石头: 4060
呼符: 329
体力: 29.72333333333333 / 138
友情点: 0 / 465145`
_2024-06-13 04:34:53_
--------
*fbf90a2444f3e91414e127fe29878609*
`登陆天数: 21天 / 659天
等级: 130
石头: 4070
呼符: 175
体力: 29.689999999999998 / 138
友情点: 0 / 463590`
_2024-06-13 04:35:01_
--------
*22568b38f19b6f1e313be015f5781f36*
`登陆天数: 21天 / 659天
等级: 130
石头: 4021
呼符: 265
体力: 29.663333333333327 / 138
友情点: 0 / 464485`
_2024-06-13 04:35:09_
--------
*7d4c09c768073669c77eba8afcb79b94*
`登陆天数: 21天 / 659天
等级: 130
石头: 4066
呼符: 188
体力: 29.63333333333334 / 138
友情点: 0 / 465090`
_2024-06-13 04:35:17_
--------
*31f768b7e667ac351f7de7eb98f322e5*
`登陆天数: 21天 / 658天
等级: 130
石头: 4068
呼符: 286
体力: 29.60666666666667 / 138
友情点: 0 / 466185`
_2024-06-13 04:35:24_
--------
*8154268d3c8c393b3ae07867303ba088*
`登陆天数: 21天 / 658天
等级: 130
石头: 4053
呼符: 224
体力: 29.576666666666668 / 138
友情点: 0 / 464835`
_2024-06-13 04:35:32_
--------
*ba3256674349b0bce287aa0f33ccbb26*
`登陆天数: 21天 / 658天
等级: 130
石头: 4059
呼符: 254
体力: 29.546666666666667 / 138
友情点: 0 / 464825`
_2024-06-13 04:35:40_
--------
*4668a716582763efe9debb601b8f79a6*
`登陆天数: 21天 / 658天
等级: 130
石头: 4059
呼符: 286
体力: 29.519999999999996 / 138
友情点: 0 / 464560`
_2024-06-13 04:35:48_
--------
*951c1fe79d9afe9e37051c0f8bb69197*
`登陆天数: 21天 / 658天
等级: 130
石头: 4044
呼符: 240
体力: 29.489999999999995 / 138
友情点: 0 / 465100`
_2024-06-13 04:35:56_
--------
*3c95d5ea18a0c3e5afa60eb7102ecb22*
`登陆天数: 21天 / 658天
等级: 130
石头: 4073
呼符: 211
体力: 29.46333333333334 / 138
友情点: 0 / 465310`
_2024-06-13 04:36:04_
--------
*f2be3360cbd3e934490636e484f2ff1e*
`登陆天数: 21天 / 658天
等级: 130
石头: 4063
呼符: 316
体力: 29.436666666666667 / 138
友情点: 0 / 465140`
_2024-06-13 04:36:12_
--------
*18d99410ac22a2645efb41b6af0c1eb1*
`登陆天数: 21天 / 659天
等级: 130
石头: 4073
呼符: 168
体力: 29.406666666666666 / 138
友情点: 0 / 463765`
_2024-06-13 04:36:19_
--------
*9f0a0d72fae19f5bcbc3351e52c42ee4*
`登陆天数: 21天 / 659天
等级: 130
石头: 4058
呼符: 267
体力: 29.379999999999995 / 138
友情点: 0 / 464720`
_2024-06-13 04:36:27_
--------
*49bc7e0047e2d56f14ae4fef74268be1*
`登陆天数: 21天 / 658天
等级: 130
石头: 4066
呼符: 300
体力: 29.349999999999994 / 138
友情点: 0 / 465825`
_2024-06-13 04:36:35_
--------
*5422108ee210360aaf177108c239bf16*
`登陆天数: 21天 / 658天
等级: 130
石头: 4068
呼符: 244
体力: 29.319999999999993 / 138
友情点: 0 / 464230`
_2024-06-13 04:36:43_
--------
*2784ddd03912679de1baa38f27f0f0f6*
`登陆天数: 21天 / 658天
等级: 130
石头: 4068
呼符: 318
体力: 29.293333333333337 / 138
友情点: 0 / 466610`
_2024-06-13 04:36:50_
--------
*04832a11fa463d4b86f861ec3e0e8d47*
`登陆天数: 21天 / 658天
等级: 130
石头: 4066
呼符: 281
体力: 29.266666666666666 / 138
友情点: 0 / 464195`
_2024-06-13 04:36:58_
--------
*77c7bcee0ca27f10718f799d8d210992*
`登陆天数: 21天 / 659天
等级: 130
石头: 4059
呼符: 306
体力: 29.236666666666665 / 138
友情点: 0 / 464585`
_2024-06-13 04:37:06_
--------
*49a0af4df2f9b0b1352b491c26a5f91e*
`登陆天数: 21天 / 659天
等级: 130
石头: 4050
呼符: 305
体力: 29.206666666666663 / 138
友情点: 0 / 463935`
_2024-06-13 04:37:14_
--------
*31fab70708fc44393178111a7c8022f6*
`登陆天数: 21天 / 659天
等级: 130
石头: 4063
呼符: 230
体力: 29.176666666666662 / 138
友情点: 0 / 464945`
_2024-06-13 04:37:21_
--------
*06415322c4df70ec3f1563c7860ec61c*
`登陆天数: 21天 / 658天
等级: 130
石头: 4069
呼符: 245
体力: 29.14333333333333 / 138
友情点: 0 / 464870`
_2024-06-13 04:37:29_
--------
*7a9d141954314f8ddf7bde7bcca02a37*
`登陆天数: 21天 / 658天
等级: 130
石头: 4036
呼符: 282
体力: 29.11666666666666 / 138
友情点: 0 / 463605`
_2024-06-13 04:37:36_
--------
*ba0e05d2f8a5acf52cecd934898dce75*
`登陆天数: 21天 / 659天
等级: 130
石头: 4069
呼符: 153
体力: 29.090000000000003 / 138
友情点: 0 / 466425`
_2024-06-13 04:37:44_
--------
*969c5d020945c5baa71a2b86463802be*
`登陆天数: 21天 / 658天
等级: 130
石头: 4061
呼符: 231
体力: 29.060000000000002 / 138
友情点: 0 / 464445`
_2024-06-13 04:37:52_
--------
*48603db78368bc4e9a7349875167f11e*
`登陆天数: 21天 / 658天
等级: 130
石头: 4013
呼符: 234
体力: 17909.856666666667 / 138
友情点: 0 / 468135`
_2024-06-13 04:38:00_
--------
*a6cb2b7ce54392cffd443b13e1d727e0*
`登陆天数: 21天 / 659天
等级: 130
石头: 4004
呼符: 182
体力: 17909.883333333335 / 138
友情点: 0 / 467165`
*連続ログイン7日間到達おめでとうございます！
明日は1日目からリスタートされます。*
`獣の足跡 X 1
呼符 X 1
6月交換券(2024) X 1
`*螺旋証明世界 リリムハーロット ～喝采なき薔薇～ アンケート復刻版
開幕記念 ログインボーナス*
*開催期間中、1日1回 最大21回 ログインボーナスをプレゼント！*
`白銀の果実 X 1
`_2024-06-13 04:38:08_
--------
