【登录信息】
*90301b31ff737306eff5bc4c463524ec*
`登陆天数: 23天 / 661天
等级: 130
石头: 4056
呼符: 328
体力: 31.040000000000006 / 138
友情点: 0 / 454025`
_2024-06-15 04:34:09_
--------
*d627beaffe7ea26fa0ce70b982ed8711*
`登陆天数: 23天 / 661天
等级: 130
石头: 4067
呼符: 297
体力: 31.010000000000005 / 138
友情点: 0 / 455030`
_2024-06-15 04:34:17_
--------
*0bed67e05fde5e8a83ba7307e7205171*
`登陆天数: 23天 / 660天
等级: 130
石头: 4068
呼符: 330
体力: 30.983333333333334 / 138
友情点: 0 / 454730`
_2024-06-15 04:34:25_
--------
*024b07d9e6192253b4d33dd76dea8c5f*
`登陆天数: 23天 / 661天
等级: 130
石头: 4071
呼符: 159
体力: 30.946666666666673 / 138
友情点: 0 / 455070`
_2024-06-15 04:34:34_
--------
*4ec26b91e516487dc55ae6f2cff4ae4a*
`登陆天数: 23天 / 660天
等级: 130
石头: 4071
呼符: 154
体力: 30.91666666666667 / 138
友情点: 0 / 457030`
_2024-06-15 04:34:42_
--------
*acb9ab1e99e3456ea336f8ef1b260e65*
`登陆天数: 23天 / 660天
等级: 130
石头: 4070
呼符: 261
体力: 30.88666666666667 / 138
友情点: 0 / 454045`
_2024-06-15 04:34:50_
--------
*078bb44cfb86dac756da3684e84b9886*
`登陆天数: 23天 / 661天
等级: 130
石头: 4065
呼符: 285
体力: 30.86 / 138
友情点: 0 / 454095`
_2024-06-15 04:34:58_
--------
*bb97b3a67b6ff2424e674a1dbdde81f7*
`登陆天数: 23天 / 661天
等级: 130
石头: 4064
呼符: 328
体力: 30.83 / 138
友情点: 0 / 456620`
_2024-06-15 04:35:06_
--------
*652095a74b2c64f328d1f4cea9a00973*
`登陆天数: 23天 / 661天
等级: 130
石头: 4029
呼符: 82
体力: 30.803333333333327 / 138
友情点: 0 / 453765`
_2024-06-15 04:35:14_
--------
*6ceb088359e6b062de289ca0cefc362e*
`登陆天数: 23天 / 660天
等级: 130
石头: 4061
呼符: 227
体力: 30.773333333333326 / 138
友情点: 0 / 454600`
_2024-06-15 04:35:22_
--------
*28d7798f8c903152e0d92f3bc8f63c33*
`登陆天数: 23天 / 661天
等级: 130
石头: 4078
呼符: 287
体力: 30.74666666666667 / 138
友情点: 0 / 454580`
_2024-06-15 04:35:31_
--------
*ba76096a9cdc3452141b904867a19276*
`登陆天数: 23天 / 660天
等级: 130
石头: 4061
呼符: 139
体力: 30.71666666666667 / 138
友情点: 0 / 454660`
_2024-06-15 04:35:39_
--------
*2e2039f81bd4dda30e028207208c5dbd*
`登陆天数: 23天 / 660天
等级: 130
石头: 4053
呼符: 283
体力: 30.686666666666667 / 138
友情点: 0 / 456315`
_2024-06-15 04:35:47_
--------
*df04ab639f8dc708aa4aca95b9b1899a*
`登陆天数: 23天 / 661天
等级: 130
石头: 4064
呼符: 245
体力: 30.656666666666666 / 138
友情点: 0 / 456120`
_2024-06-15 04:35:55_
--------
*f1b51fa0aeeeb31221d2601de6270375*
`登陆天数: 23天 / 660天
等级: 130
石头: 4067
呼符: 224
体力: 30.626666666666665 / 138
友情点: 0 / 454610`
_2024-06-15 04:36:03_
--------
*575e1648626f6d7f217abd5c9a92ab0c*
`登陆天数: 23天 / 661天
等级: 130
石头: 4053
呼符: 328
体力: 30.599999999999994 / 138
友情点: 0 / 454735`
_2024-06-15 04:36:12_
--------
*1b6a1c2f7514792daa0659f60ddd3fb4*
`登陆天数: 23天 / 661天
等级: 130
石头: 4068
呼符: 225
体力: 30.569999999999993 / 138
友情点: 0 / 455230`
_2024-06-15 04:36:20_
--------
*ba6a0431edf4d1f2e78f3e1ce12776c2*
`登陆天数: 23天 / 660天
等级: 130
石头: 4061
呼符: 324
体力: 30.540000000000006 / 138
友情点: 0 / 455515`
_2024-06-15 04:36:27_
--------
*de8ff01719830a881ffdd5e805cb8ce9*
`登陆天数: 23天 / 660天
等级: 130
石头: 4070
呼符: 319
体力: 30.510000000000005 / 138
友情点: 0 / 453160`
_2024-06-15 04:36:36_
--------
*4f8c843fd29092eae7bbd5df4199358a*
`登陆天数: 23天 / 660天
等级: 130
石头: 4061
呼符: 244
体力: 30.480000000000004 / 138
友情点: 0 / 453800`
_2024-06-15 04:36:44_
--------
*edf4337a6f6115da4b675b8571f3c270*
`登陆天数: 23天 / 660天
等级: 130
石头: 4057
呼符: 308
体力: 30.453333333333333 / 138
友情点: 0 / 454145`
_2024-06-15 04:36:52_
--------
*e5659ab2c932702f7cde8e9800ff2df2*
`登陆天数: 23天 / 660天
等级: 130
石头: 4062
呼符: 308
体力: 30.423333333333332 / 138
友情点: 0 / 456550`
_2024-06-15 04:37:00_
--------
*dc0201d800fd7973e57bed9368e3669c*
`登陆天数: 23天 / 660天
等级: 130
石头: 4069
呼符: 253
体力: 30.39333333333333 / 138
友情点: 0 / 455730`
_2024-06-15 04:37:08_
--------
*a1d669971e16b1810f3d19886b03db4e*
`登陆天数: 23天 / 661天
等级: 130
石头: 4062
呼符: 287
体力: 30.36666666666666 / 138
友情点: 0 / 454265`
_2024-06-15 04:37:16_
--------
*3f9614d2b2be18cbb252d877de6e5976*
`登陆天数: 23天 / 661天
等级: 130
石头: 4061
呼符: 329
体力: 30.336666666666673 / 138
友情点: 0 / 455145`
_2024-06-15 04:37:24_
--------
*fbf90a2444f3e91414e127fe29878609*
`登陆天数: 23天 / 661天
等级: 130
石头: 4071
呼符: 175
体力: 30.306666666666672 / 138
友情点: 0 / 453590`
_2024-06-15 04:37:31_
--------
*22568b38f19b6f1e313be015f5781f36*
`登陆天数: 23天 / 661天
等级: 130
石头: 4022
呼符: 265
体力: 30.27666666666667 / 138
友情点: 0 / 454485`
_2024-06-15 04:37:40_
--------
*7d4c09c768073669c77eba8afcb79b94*
`登陆天数: 23天 / 661天
等级: 130
石头: 4067
呼符: 188
体力: 30.24666666666667 / 138
友情点: 0 / 455090`
_2024-06-15 04:37:47_
--------
*31f768b7e667ac351f7de7eb98f322e5*
`登陆天数: 23天 / 660天
等级: 130
石头: 4069
呼符: 286
体力: 30.203333333333333 / 138
友情点: 0 / 456185`
_2024-06-15 04:37:56_
--------
*8154268d3c8c393b3ae07867303ba088*
`登陆天数: 23天 / 660天
等级: 130
石头: 4054
呼符: 224
体力: 30.173333333333332 / 138
友情点: 0 / 454835`
_2024-06-15 04:38:03_
--------
*ba3256674349b0bce287aa0f33ccbb26*
`登陆天数: 23天 / 660天
等级: 130
石头: 4060
呼符: 254
体力: 30.14666666666666 / 138
友情点: 0 / 454825`
_2024-06-15 04:38:11_
--------
*4668a716582763efe9debb601b8f79a6*
`登陆天数: 23天 / 660天
等级: 130
石头: 4060
呼符: 286
体力: 30.11666666666666 / 138
友情点: 0 / 454560`
_2024-06-15 04:38:20_
--------
*951c1fe79d9afe9e37051c0f8bb69197*
`登陆天数: 23天 / 660天
等级: 130
石头: 4045
呼符: 240
体力: 30.090000000000003 / 138
友情点: 0 / 455100`
_2024-06-15 04:38:28_
--------
*3c95d5ea18a0c3e5afa60eb7102ecb22*
`登陆天数: 23天 / 660天
等级: 130
石头: 4074
呼符: 211
体力: 30.060000000000002 / 138
友情点: 0 / 455310`
_2024-06-15 04:38:35_
--------
*f2be3360cbd3e934490636e484f2ff1e*
`登陆天数: 23天 / 660天
等级: 130
石头: 4064
呼符: 316
体力: 30.03 / 138
友情点: 0 / 455140`
_2024-06-15 04:38:43_
--------
*18d99410ac22a2645efb41b6af0c1eb1*
`登陆天数: 23天 / 661天
等级: 130
石头: 4074
呼符: 168
体力: 30.0 / 138
友情点: 0 / 453765`
_2024-06-15 04:38:51_
--------
*9f0a0d72fae19f5bcbc3351e52c42ee4*
`登陆天数: 23天 / 661天
等级: 130
石头: 4059
呼符: 267
体力: 29.96666666666667 / 138
友情点: 0 / 454720`
_2024-06-15 04:38:59_
--------
*49bc7e0047e2d56f14ae4fef74268be1*
`登陆天数: 23天 / 660天
等级: 130
石头: 4067
呼符: 300
体力: 29.936666666666667 / 138
友情点: 0 / 455825`
_2024-06-15 04:39:07_
--------
*5422108ee210360aaf177108c239bf16*
`登陆天数: 23天 / 660天
等级: 130
石头: 4069
呼符: 244
体力: 29.909999999999997 / 138
友情点: 0 / 454230`
_2024-06-15 04:39:15_
--------
*2784ddd03912679de1baa38f27f0f0f6*
`登陆天数: 23天 / 660天
等级: 130
石头: 4069
呼符: 318
体力: 29.88333333333334 / 138
友情点: 0 / 456610`
_2024-06-15 04:39:23_
--------
*04832a11fa463d4b86f861ec3e0e8d47*
`登陆天数: 23天 / 660天
等级: 130
石头: 4067
呼符: 281
体力: 29.85333333333334 / 138
友情点: 0 / 454195`
_2024-06-15 04:39:31_
--------
*77c7bcee0ca27f10718f799d8d210992*
`登陆天数: 23天 / 661天
等级: 130
石头: 4060
呼符: 306
体力: 29.823333333333338 / 138
友情点: 0 / 454585`
_2024-06-15 04:39:39_
--------
*49a0af4df2f9b0b1352b491c26a5f91e*
`登陆天数: 23天 / 661天
等级: 130
石头: 4051
呼符: 305
体力: 29.796666666666667 / 138
友情点: 0 / 453935`
_2024-06-15 04:39:47_
--------
*31fab70708fc44393178111a7c8022f6*
`登陆天数: 23天 / 661天
等级: 130
石头: 4064
呼符: 230
体力: 29.766666666666666 / 138
友情点: 0 / 454945`
_2024-06-15 04:39:55_
--------
*06415322c4df70ec3f1563c7860ec61c*
`登陆天数: 23天 / 660天
等级: 130
石头: 4070
呼符: 245
体力: 29.736666666666665 / 138
友情点: 0 / 454870`
_2024-06-15 04:40:03_
--------
*7a9d141954314f8ddf7bde7bcca02a37*
`登陆天数: 23天 / 660天
等级: 130
石头: 4037
呼符: 282
体力: 29.709999999999994 / 138
友情点: 0 / 453605`
_2024-06-15 04:40:10_
--------
*ba0e05d2f8a5acf52cecd934898dce75*
`登陆天数: 23天 / 661天
等级: 130
石头: 4070
呼符: 153
体力: 29.680000000000007 / 138
友情点: 0 / 456425`
_2024-06-15 04:40:18_
--------
*969c5d020945c5baa71a2b86463802be*
`登陆天数: 23天 / 660天
等级: 130
石头: 4062
呼符: 231
体力: 29.650000000000006 / 138
友情点: 0 / 454445`
_2024-06-15 04:40:27_
--------
*48603db78368bc4e9a7349875167f11e*
`登陆天数: 23天 / 660天
等级: 130
石头: 4013
呼符: 234
体力: 18486.37 / 138
友情点: 0 / 468135`
_2024-06-15 04:40:34_
--------
*a6cb2b7ce54392cffd443b13e1d727e0*
`登陆天数: 23天 / 661天
等级: 130
石头: 4004
呼符: 182
体力: 18486.396666666667 / 138
友情点: 0 / 467165`
*連続ログイン2日目
※ログインが途切れるか、7日到達すると
1日目から再開されます*
`聖晶石 X 1
6月交換券(2024) X 1
`*螺旋証明世界 リリムハーロット ～喝采なき薔薇～ アンケート復刻版
開幕記念 ログインボーナス*
*開催期間中、1日1回 最大21回 ログインボーナスをプレゼント！*
`白銀の果実 X 1
`_2024-06-15 04:40:43_
--------
