【登录信息】
*90301b31ff737306eff5bc4c463524ec*
`登陆天数: 25天 / 663天
等级: 130
石头: 4057
呼符: 328
体力: 30.299999999999997 / 138
友情点: 0 / 442025`
_2024-06-17 04:33:16_
--------
*d627beaffe7ea26fa0ce70b982ed8711*
`登陆天数: 25天 / 663天
等级: 130
石头: 4068
呼符: 297
体力: 30.269999999999996 / 138
友情点: 0 / 443030`
_2024-06-17 04:33:24_
--------
*0bed67e05fde5e8a83ba7307e7205171*
`登陆天数: 25天 / 662天
等级: 130
石头: 4069
呼符: 330
体力: 30.24666666666667 / 138
友情点: 0 / 442730`
_2024-06-17 04:33:32_
--------
*024b07d9e6192253b4d33dd76dea8c5f*
`登陆天数: 25天 / 663天
等级: 130
石头: 4072
呼符: 159
体力: 30.22 / 138
友情点: 0 / 443070`
_2024-06-17 04:33:40_
--------
*4ec26b91e516487dc55ae6f2cff4ae4a*
`登陆天数: 25天 / 662天
等级: 130
石头: 4072
呼符: 154
体力: 30.193333333333328 / 138
友情点: 0 / 445030`
_2024-06-17 04:33:48_
--------
*acb9ab1e99e3456ea336f8ef1b260e65*
`登陆天数: 25天 / 662天
等级: 130
石头: 4071
呼符: 261
体力: 30.16666666666667 / 138
友情点: 0 / 442045`
_2024-06-17 04:33:56_
--------
*078bb44cfb86dac756da3684e84b9886*
`登陆天数: 25天 / 663天
等级: 130
石头: 4066
呼符: 285
体力: 30.14 / 138
友情点: 0 / 442095`
_2024-06-17 04:34:04_
--------
*bb97b3a67b6ff2424e674a1dbdde81f7*
`登陆天数: 25天 / 663天
等级: 130
石头: 4065
呼符: 328
体力: 30.11333333333333 / 138
友情点: 0 / 444620`
_2024-06-17 04:34:13_
--------
*652095a74b2c64f328d1f4cea9a00973*
`登陆天数: 25天 / 663天
等级: 130
石头: 4030
呼符: 82
体力: 30.086666666666673 / 138
友情点: 0 / 441765`
_2024-06-17 04:34:21_
--------
*6ceb088359e6b062de289ca0cefc362e*
`登陆天数: 25天 / 662天
等级: 130
石头: 4062
呼符: 227
体力: 30.060000000000002 / 138
友情点: 0 / 442600`
_2024-06-17 04:34:29_
--------
*28d7798f8c903152e0d92f3bc8f63c33*
`登陆天数: 25天 / 663天
等级: 130
石头: 4079
呼符: 287
体力: 30.03666666666666 / 138
友情点: 0 / 442580`
_2024-06-17 04:34:37_
--------
*ba76096a9cdc3452141b904867a19276*
`登陆天数: 25天 / 662天
等级: 130
石头: 4062
呼符: 139
体力: 30.013333333333335 / 138
友情点: 0 / 442660`
_2024-06-17 04:34:45_
--------
*2e2039f81bd4dda30e028207208c5dbd*
`登陆天数: 25天 / 662天
等级: 130
石头: 4054
呼符: 283
体力: 29.986666666666665 / 138
友情点: 0 / 444315`
_2024-06-17 04:34:53_
--------
*df04ab639f8dc708aa4aca95b9b1899a*
`登陆天数: 25天 / 663天
等级: 130
石头: 4065
呼符: 245
体力: 29.959999999999994 / 138
友情点: 0 / 444120`
_2024-06-17 04:35:01_
--------
*f1b51fa0aeeeb31221d2601de6270375*
`登陆天数: 25天 / 662天
等级: 130
石头: 4068
呼符: 224
体力: 29.933333333333337 / 138
友情点: 0 / 442610`
_2024-06-17 04:35:09_
--------
*575e1648626f6d7f217abd5c9a92ab0c*
`登陆天数: 25天 / 663天
等级: 130
石头: 4054
呼符: 328
体力: 29.906666666666666 / 138
友情点: 0 / 442735`
_2024-06-17 04:35:18_
--------
*1b6a1c2f7514792daa0659f60ddd3fb4*
`登陆天数: 25天 / 663天
等级: 130
石头: 4069
呼符: 225
体力: 29.879999999999995 / 138
友情点: 0 / 443230`
_2024-06-17 04:35:26_
--------
*ba6a0431edf4d1f2e78f3e1ce12776c2*
`登陆天数: 25天 / 662天
等级: 130
石头: 4062
呼符: 324
体力: 29.85333333333334 / 138
友情点: 0 / 443515`
_2024-06-17 04:35:34_
--------
*de8ff01719830a881ffdd5e805cb8ce9*
`登陆天数: 25天 / 662天
等级: 130
石头: 4071
呼符: 319
体力: 29.83 / 138
友情点: 0 / 441160`
_2024-06-17 04:35:41_
--------
*4f8c843fd29092eae7bbd5df4199358a*
`登陆天数: 25天 / 662天
等级: 130
石头: 4062
呼符: 244
体力: 29.803333333333327 / 138
友情点: 0 / 441800`
_2024-06-17 04:35:49_
--------
*edf4337a6f6115da4b675b8571f3c270*
`登陆天数: 25天 / 662天
等级: 130
石头: 4058
呼符: 308
体力: 29.77666666666667 / 138
友情点: 0 / 442145`
_2024-06-17 04:35:58_
--------
*e5659ab2c932702f7cde8e9800ff2df2*
`登陆天数: 25天 / 662天
等级: 130
石头: 4063
呼符: 308
体力: 29.75333333333333 / 138
友情点: 0 / 444550`
_2024-06-17 04:36:06_
--------
*dc0201d800fd7973e57bed9368e3669c*
`登陆天数: 25天 / 662天
等级: 130
石头: 4070
呼符: 253
体力: 29.726666666666674 / 138
友情点: 0 / 443730`
_2024-06-17 04:36:14_
--------
*a1d669971e16b1810f3d19886b03db4e*
`登陆天数: 25天 / 663天
等级: 130
石头: 4063
呼符: 287
体力: 29.700000000000003 / 138
友情点: 0 / 442265`
_2024-06-17 04:36:23_
--------
*3f9614d2b2be18cbb252d877de6e5976*
`登陆天数: 25天 / 663天
等级: 130
石头: 4062
呼符: 329
体力: 29.673333333333332 / 138
友情点: 0 / 443145`
_2024-06-17 04:36:31_
--------
*fbf90a2444f3e91414e127fe29878609*
`登陆天数: 25天 / 663天
等级: 130
石头: 4072
呼符: 175
体力: 29.64666666666666 / 138
友情点: 0 / 441590`
_2024-06-17 04:36:39_
--------
*22568b38f19b6f1e313be015f5781f36*
`登陆天数: 25天 / 663天
等级: 130
石头: 4023
呼符: 265
体力: 29.620000000000005 / 138
友情点: 0 / 442485`
_2024-06-17 04:36:46_
--------
*7d4c09c768073669c77eba8afcb79b94*
`登陆天数: 25天 / 663天
等级: 130
石头: 4068
呼符: 188
体力: 29.596666666666664 / 138
友情点: 0 / 443090`
_2024-06-17 04:36:54_
--------
*31f768b7e667ac351f7de7eb98f322e5*
`登陆天数: 25天 / 662天
等级: 130
石头: 4070
呼符: 286
体力: 29.569999999999993 / 138
友情点: 0 / 444185`
_2024-06-17 04:37:03_
--------
*8154268d3c8c393b3ae07867303ba088*
`登陆天数: 25天 / 662天
等级: 130
石头: 4055
呼符: 224
体力: 29.543333333333337 / 138
友情点: 0 / 442835`
_2024-06-17 04:37:11_
--------
*ba3256674349b0bce287aa0f33ccbb26*
`登陆天数: 25天 / 662天
等级: 130
石头: 4061
呼符: 254
体力: 29.516666666666666 / 138
友情点: 0 / 442825`
_2024-06-17 04:37:18_
--------
*4668a716582763efe9debb601b8f79a6*
`登陆天数: 25天 / 662天
等级: 130
石头: 4061
呼符: 286
体力: 29.489999999999995 / 138
友情点: 0 / 442560`
_2024-06-17 04:37:26_
--------
*951c1fe79d9afe9e37051c0f8bb69197*
`登陆天数: 25天 / 662天
等级: 130
石头: 4046
呼符: 240
体力: 29.46333333333334 / 138
友情点: 0 / 443100`
_2024-06-17 04:37:34_
--------
*3c95d5ea18a0c3e5afa60eb7102ecb22*
`登陆天数: 25天 / 662天
等级: 130
石头: 4075
呼符: 211
体力: 29.436666666666667 / 138
友情点: 0 / 443310`
_2024-06-17 04:37:42_
--------
*f2be3360cbd3e934490636e484f2ff1e*
`登陆天数: 25天 / 662天
等级: 130
石头: 4065
呼符: 316
体力: 29.409999999999997 / 138
友情点: 0 / 443140`
_2024-06-17 04:37:50_
--------
*18d99410ac22a2645efb41b6af0c1eb1*
`登陆天数: 25天 / 663天
等级: 130
石头: 4075
呼符: 168
体力: 29.38333333333334 / 138
友情点: 0 / 441765`
_2024-06-17 04:37:58_
--------
*9f0a0d72fae19f5bcbc3351e52c42ee4*
`登陆天数: 25天 / 663天
等级: 130
石头: 4060
呼符: 267
体力: 29.35666666666667 / 138
友情点: 0 / 442720`
_2024-06-17 04:38:06_
--------
*49bc7e0047e2d56f14ae4fef74268be1*
`登陆天数: 25天 / 662天
等级: 130
石头: 4068
呼符: 300
体力: 29.33 / 138
友情点: 0 / 443825`
_2024-06-17 04:38:14_
--------
*5422108ee210360aaf177108c239bf16*
`登陆天数: 25天 / 662天
等级: 130
石头: 4070
呼符: 244
体力: 29.306666666666672 / 138
友情点: 0 / 442230`
_2024-06-17 04:38:22_
--------
*2784ddd03912679de1baa38f27f0f0f6*
`登陆天数: 25天 / 662天
等级: 130
石头: 4070
呼符: 318
体力: 29.27666666666667 / 138
友情点: 0 / 444610`
_2024-06-17 04:38:30_
--------
*04832a11fa463d4b86f861ec3e0e8d47*
`登陆天数: 25天 / 662天
等级: 130
石头: 4068
呼符: 281
体力: 29.25333333333333 / 138
友情点: 0 / 442195`
_2024-06-17 04:38:38_
--------
*77c7bcee0ca27f10718f799d8d210992*
`登陆天数: 25天 / 663天
等级: 130
石头: 4061
呼符: 306
体力: 29.226666666666674 / 138
友情点: 0 / 442585`
_2024-06-17 04:38:46_
--------
*49a0af4df2f9b0b1352b491c26a5f91e*
`登陆天数: 25天 / 663天
等级: 130
石头: 4052
呼符: 305
体力: 29.200000000000003 / 138
友情点: 0 / 441935`
_2024-06-17 04:38:54_
--------
*31fab70708fc44393178111a7c8022f6*
`登陆天数: 25天 / 663天
等级: 130
石头: 4065
呼符: 230
体力: 29.176666666666662 / 138
友情点: 0 / 442945`
_2024-06-17 04:39:02_
--------
*06415322c4df70ec3f1563c7860ec61c*
`登陆天数: 25天 / 662天
等级: 130
石头: 4071
呼符: 245
体力: 29.150000000000006 / 138
友情点: 0 / 442870`
_2024-06-17 04:39:10_
--------
*7a9d141954314f8ddf7bde7bcca02a37*
`登陆天数: 25天 / 662天
等级: 130
石头: 4038
呼符: 282
体力: 29.123333333333335 / 138
友情点: 0 / 441605`
_2024-06-17 04:39:18_
--------
*ba0e05d2f8a5acf52cecd934898dce75*
`登陆天数: 25天 / 663天
等级: 130
石头: 4071
呼符: 153
体力: 29.096666666666664 / 138
友情点: 0 / 444425`
_2024-06-17 04:39:26_
--------
*969c5d020945c5baa71a2b86463802be*
`登陆天数: 25天 / 662天
等级: 130
石头: 4063
呼符: 231
体力: 29.073333333333338 / 138
友情点: 0 / 442445`
_2024-06-17 04:39:34_
--------
*48603db78368bc4e9a7349875167f11e*
`登陆天数: 25天 / 662天
等级: 130
石头: 4013
呼符: 234
体力: 19062.193333333333 / 138
友情点: 0 / 468135`
_2024-06-17 04:39:42_
--------
*a6cb2b7ce54392cffd443b13e1d727e0*
`登陆天数: 25天 / 663天
等级: 130
石头: 4004
呼符: 182
体力: 19062.22333333333 / 138
友情点: 0 / 467165`
*連続ログイン4日目
※ログインが途切れるか、7日到達すると
1日目から再開されます*
`聖晶石 X 1
6月交換券(2024) X 1
`*螺旋証明世界 リリムハーロット ～喝采なき薔薇～ アンケート復刻版
開幕記念 ログインボーナス*
*開催期間中、1日1回 最大21回 ログインボーナスをプレゼント！*
`白銀の果実 X 1
`_2024-06-17 04:39:50_
--------
