【登录信息】
*90301b31ff737306eff5bc4c463524ec*
`登陆天数: 28天 / 666天
等级: 130
石头: 4065
呼符: 329
体力: 29.796666666666667 / 138
友情点: 0 / 424025`
_2024-06-20 04:29:08_
--------
*d627beaffe7ea26fa0ce70b982ed8711*
`登陆天数: 28天 / 666天
等级: 130
石头: 4076
呼符: 298
体力: 29.773333333333326 / 138
友情点: 0 / 425030`
_2024-06-20 04:29:16_
--------
*0bed67e05fde5e8a83ba7307e7205171*
`登陆天数: 28天 / 665天
等级: 130
石头: 4077
呼符: 331
体力: 29.74666666666667 / 138
友情点: 0 / 424730`
_2024-06-20 04:29:24_
--------
*024b07d9e6192253b4d33dd76dea8c5f*
`登陆天数: 28天 / 666天
等级: 130
石头: 4080
呼符: 160
体力: 29.72 / 138
友情点: 0 / 425070`
_2024-06-20 04:29:33_
--------
*4ec26b91e516487dc55ae6f2cff4ae4a*
`登陆天数: 28天 / 665天
等级: 130
石头: 4080
呼符: 155
体力: 29.693333333333328 / 138
友情点: 0 / 427030`
_2024-06-20 04:29:41_
--------
*acb9ab1e99e3456ea336f8ef1b260e65*
`登陆天数: 28天 / 665天
等级: 130
石头: 4079
呼符: 262
体力: 29.66666666666667 / 138
友情点: 0 / 424045`
_2024-06-20 04:29:49_
--------
*078bb44cfb86dac756da3684e84b9886*
`登陆天数: 28天 / 666天
等级: 130
石头: 4074
呼符: 286
体力: 29.64333333333333 / 138
友情点: 0 / 424095`
_2024-06-20 04:29:58_
--------
*bb97b3a67b6ff2424e674a1dbdde81f7*
`登陆天数: 28天 / 666天
等级: 130
石头: 4073
呼符: 329
体力: 29.61666666666666 / 138
友情点: 0 / 426620`
_2024-06-20 04:30:06_
--------
*652095a74b2c64f328d1f4cea9a00973*
`登陆天数: 28天 / 666天
等级: 130
石头: 4038
呼符: 83
体力: 29.586666666666673 / 138
友情点: 0 / 423765`
_2024-06-20 04:30:14_
--------
*6ceb088359e6b062de289ca0cefc362e*
`登陆天数: 28天 / 665天
等级: 130
石头: 4070
呼符: 228
体力: 29.556666666666672 / 138
友情点: 0 / 424600`
_2024-06-20 04:30:22_
--------
*28d7798f8c903152e0d92f3bc8f63c33*
`登陆天数: 28天 / 666天
等级: 130
石头: 4087
呼符: 288
体力: 29.53 / 138
友情点: 0 / 424580`
_2024-06-20 04:30:29_
--------
*ba76096a9cdc3452141b904867a19276*
`登陆天数: 28天 / 665天
等级: 130
石头: 4070
呼符: 140
体力: 29.5 / 138
友情点: 0 / 424660`
_2024-06-20 04:30:37_
--------
*2e2039f81bd4dda30e028207208c5dbd*
`登陆天数: 28天 / 665天
等级: 130
石头: 4062
呼符: 284
体力: 29.476666666666674 / 138
友情点: 0 / 426315`
_2024-06-20 04:30:45_
--------
*df04ab639f8dc708aa4aca95b9b1899a*
`登陆天数: 28天 / 666天
等级: 130
石头: 4073
呼符: 246
体力: 29.446666666666673 / 138
友情点: 0 / 426120`
_2024-06-20 04:30:53_
--------
*f1b51fa0aeeeb31221d2601de6270375*
`登陆天数: 28天 / 665天
等级: 130
石头: 4076
呼符: 225
体力: 29.42 / 138
友情点: 0 / 424610`
_2024-06-20 04:31:02_
--------
*575e1648626f6d7f217abd5c9a92ab0c*
`登陆天数: 28天 / 666天
等级: 130
石头: 4062
呼符: 329
体力: 29.39333333333333 / 138
友情点: 0 / 424735`
_2024-06-20 04:31:10_
--------
*1b6a1c2f7514792daa0659f60ddd3fb4*
`登陆天数: 28天 / 666天
等级: 130
石头: 4077
呼符: 226
体力: 29.36666666666666 / 138
友情点: 0 / 425230`
_2024-06-20 04:31:17_
--------
*ba6a0431edf4d1f2e78f3e1ce12776c2*
`登陆天数: 28天 / 665天
等级: 130
石头: 4070
呼符: 325
体力: 29.336666666666673 / 138
友情点: 0 / 425515`
_2024-06-20 04:31:25_
--------
*de8ff01719830a881ffdd5e805cb8ce9*
`登陆天数: 28天 / 665天
等级: 130
石头: 4079
呼符: 320
体力: 29.306666666666672 / 138
友情点: 0 / 423160`
_2024-06-20 04:31:33_
--------
*4f8c843fd29092eae7bbd5df4199358a*
`登陆天数: 28天 / 665天
等级: 130
石头: 4070
呼符: 245
体力: 29.27666666666667 / 138
友情点: 0 / 423800`
_2024-06-20 04:31:41_
--------
*edf4337a6f6115da4b675b8571f3c270*
`登陆天数: 28天 / 665天
等级: 130
石头: 4066
呼符: 309
体力: 29.25 / 138
友情点: 0 / 424145`
_2024-06-20 04:31:48_
--------
*e5659ab2c932702f7cde8e9800ff2df2*
`登陆天数: 28天 / 665天
等级: 130
石头: 4071
呼符: 309
体力: 29.22 / 138
友情点: 0 / 426550`
_2024-06-20 04:31:56_
--------
*dc0201d800fd7973e57bed9368e3669c*
`登陆天数: 28天 / 665天
等级: 130
石头: 4078
呼符: 254
体力: 29.193333333333328 / 138
友情点: 0 / 425730`
_2024-06-20 04:32:04_
--------
*a1d669971e16b1810f3d19886b03db4e*
`登陆天数: 28天 / 666天
等级: 130
石头: 4071
呼符: 288
体力: 29.163333333333327 / 138
友情点: 0 / 424265`
_2024-06-20 04:32:12_
--------
*3f9614d2b2be18cbb252d877de6e5976*
`登陆天数: 28天 / 666天
等级: 130
石头: 4070
呼符: 330
体力: 29.13666666666667 / 138
友情点: 0 / 425145`
_2024-06-20 04:32:19_
--------
*fbf90a2444f3e91414e127fe29878609*
`登陆天数: 28天 / 666天
等级: 130
石头: 4080
呼符: 176
体力: 29.11 / 138
友情点: 0 / 423590`
_2024-06-20 04:32:27_
--------
*22568b38f19b6f1e313be015f5781f36*
`登陆天数: 28天 / 666天
等级: 130
石头: 4031
呼符: 266
体力: 29.08 / 138
友情点: 0 / 424485`
_2024-06-20 04:32:35_
--------
*7d4c09c768073669c77eba8afcb79b94*
`登陆天数: 28天 / 666天
等级: 130
石头: 4076
呼符: 189
体力: 29.053333333333327 / 138
友情点: 0 / 425090`
_2024-06-20 04:32:43_
--------
*31f768b7e667ac351f7de7eb98f322e5*
`登陆天数: 28天 / 665天
等级: 130
石头: 4078
呼符: 287
体力: 29.023333333333326 / 138
友情点: 0 / 426185`
_2024-06-20 04:32:50_
--------
*8154268d3c8c393b3ae07867303ba088*
`登陆天数: 28天 / 665天
等级: 130
石头: 4063
呼符: 225
体力: 28.99666666666667 / 138
友情点: 0 / 424835`
_2024-06-20 04:32:58_
--------
*ba3256674349b0bce287aa0f33ccbb26*
`登陆天数: 28天 / 665天
等级: 130
石头: 4069
呼符: 255
体力: 28.96666666666667 / 138
友情点: 0 / 424825`
_2024-06-20 04:33:06_
--------
*4668a716582763efe9debb601b8f79a6*
`登陆天数: 28天 / 665天
等级: 130
石头: 4069
呼符: 287
体力: 28.943333333333328 / 138
友情点: 0 / 424560`
_2024-06-20 04:33:14_
--------
*951c1fe79d9afe9e37051c0f8bb69197*
`登陆天数: 28天 / 665天
等级: 130
石头: 4054
呼符: 241
体力: 28.91666666666667 / 138
友情点: 0 / 425100`
_2024-06-20 04:33:23_
--------
*3c95d5ea18a0c3e5afa60eb7102ecb22*
`登陆天数: 28天 / 665天
等级: 130
石头: 4083
呼符: 212
体力: 28.89 / 138
友情点: 0 / 425310`
_2024-06-20 04:33:31_
--------
*f2be3360cbd3e934490636e484f2ff1e*
`登陆天数: 28天 / 665天
等级: 130
石头: 4073
呼符: 317
体力: 28.86333333333333 / 138
友情点: 0 / 425140`
_2024-06-20 04:33:39_
--------
*18d99410ac22a2645efb41b6af0c1eb1*
`登陆天数: 28天 / 666天
等级: 130
石头: 4083
呼符: 169
体力: 28.840000000000003 / 138
友情点: 0 / 423765`
_2024-06-20 04:33:47_
--------
*9f0a0d72fae19f5bcbc3351e52c42ee4*
`登陆天数: 28天 / 666天
等级: 130
石头: 4068
呼符: 268
体力: 28.813333333333333 / 138
友情点: 0 / 424720`
_2024-06-20 04:33:55_
--------
*49bc7e0047e2d56f14ae4fef74268be1*
`登陆天数: 28天 / 665天
等级: 130
石头: 4076
呼符: 301
体力: 28.78666666666666 / 138
友情点: 0 / 425825`
_2024-06-20 04:34:03_
--------
*5422108ee210360aaf177108c239bf16*
`登陆天数: 28天 / 665天
等级: 130
石头: 4078
呼符: 245
体力: 28.760000000000005 / 138
友情点: 0 / 424230`
_2024-06-20 04:34:12_
--------
*2784ddd03912679de1baa38f27f0f0f6*
`登陆天数: 28天 / 665天
等级: 130
石头: 4078
呼符: 319
体力: 28.733333333333334 / 138
友情点: 0 / 426610`
_2024-06-20 04:34:20_
--------
*04832a11fa463d4b86f861ec3e0e8d47*
`登陆天数: 28天 / 665天
等级: 130
石头: 4076
呼符: 282
体力: 28.703333333333333 / 138
友情点: 0 / 424195`
_2024-06-20 04:34:28_
--------
*77c7bcee0ca27f10718f799d8d210992*
`登陆天数: 28天 / 666天
等级: 130
石头: 4069
呼符: 307
体力: 28.676666666666662 / 138
友情点: 0 / 424585`
_2024-06-20 04:34:35_
--------
*49a0af4df2f9b0b1352b491c26a5f91e*
`登陆天数: 28天 / 666天
等级: 130
石头: 4060
呼符: 306
体力: 28.650000000000006 / 138
友情点: 0 / 423935`
_2024-06-20 04:34:43_
--------
*31fab70708fc44393178111a7c8022f6*
`登陆天数: 28天 / 666天
等级: 130
石头: 4073
呼符: 231
体力: 28.620000000000005 / 138
友情点: 0 / 424945`
_2024-06-20 04:34:51_
--------
*06415322c4df70ec3f1563c7860ec61c*
`登陆天数: 28天 / 665天
等级: 130
石头: 4079
呼符: 246
体力: 28.593333333333334 / 138
友情点: 0 / 424870`
_2024-06-20 04:34:58_
--------
*7a9d141954314f8ddf7bde7bcca02a37*
`登陆天数: 28天 / 665天
等级: 130
石头: 4046
呼符: 283
体力: 28.563333333333333 / 138
友情点: 0 / 423605`
_2024-06-20 04:35:06_
--------
*ba0e05d2f8a5acf52cecd934898dce75*
`登陆天数: 28天 / 666天
等级: 130
石头: 4079
呼符: 154
体力: 28.53666666666666 / 138
友情点: 0 / 426425`
_2024-06-20 04:35:14_
--------
*969c5d020945c5baa71a2b86463802be*
`登陆天数: 28天 / 665天
等级: 130
石头: 4071
呼符: 232
体力: 28.513333333333335 / 138
友情点: 0 / 424445`
_2024-06-20 04:35:23_
--------
*48603db78368bc4e9a7349875167f11e*
`登陆天数: 28天 / 665天
等级: 130
石头: 4013
呼符: 234
体力: 19925.36 / 138
友情点: 0 / 468135`
_2024-06-20 04:35:31_
--------
*a6cb2b7ce54392cffd443b13e1d727e0*
`登陆天数: 28天 / 666天
等级: 130
石头: 4004
呼符: 182
体力: 19925.386666666665 / 138
友情点: 0 / 467165`
*連続ログイン6日目
※ログインが途切れるか、7日到達すると
1日目から再開されます*
`聖晶石 X 2
6月交換券(2024) X 1
`*「踊るドラゴン・キャッスル！ ～深海の姫君とふたつの宝玉～」
開幕直前特別ログインボーナス*
*開催期間中、1日1回 最大7回 ログインボーナスをプレゼント！*
`聖晶石 X 1
`_2024-06-20 04:35:39_
--------
