【登录信息】
*90301b31ff737306eff5bc4c463524ec*
`登陆天数: 29天 / 667天
等级: 130
石头: 4065
呼符: 329
体力: 29.696666666666673 / 138
友情点: 0 / 420025`
_2024-06-21 04:30:47_
--------
*d627beaffe7ea26fa0ce70b982ed8711*
`登陆天数: 29天 / 667天
等级: 130
石头: 4076
呼符: 298
体力: 29.66666666666667 / 138
友情点: 0 / 421030`
_2024-06-21 04:30:55_
--------
*0bed67e05fde5e8a83ba7307e7205171*
`登陆天数: 29天 / 666天
等级: 130
石头: 4077
呼符: 331
体力: 29.64 / 138
友情点: 0 / 420730`
_2024-06-21 04:31:03_
--------
*024b07d9e6192253b4d33dd76dea8c5f*
`登陆天数: 29天 / 667天
等级: 130
石头: 4080
呼符: 160
体力: 29.61333333333333 / 138
友情点: 0 / 421070`
_2024-06-21 04:31:11_
--------
*4ec26b91e516487dc55ae6f2cff4ae4a*
`登陆天数: 29天 / 666天
等级: 130
石头: 4080
呼符: 155
体力: 29.58333333333333 / 138
友情点: 0 / 423030`
_2024-06-21 04:31:19_
--------
*acb9ab1e99e3456ea336f8ef1b260e65*
`登陆天数: 29天 / 666天
等级: 130
石头: 4079
呼符: 262
体力: 29.556666666666672 / 138
友情点: 0 / 420045`
_2024-06-21 04:31:27_
--------
*078bb44cfb86dac756da3684e84b9886*
`登陆天数: 29天 / 667天
等级: 130
石头: 4074
呼符: 286
体力: 29.52666666666667 / 138
友情点: 0 / 420095`
_2024-06-21 04:31:35_
--------
*bb97b3a67b6ff2424e674a1dbdde81f7*
`登陆天数: 29天 / 667天
等级: 130
石头: 4073
呼符: 329
体力: 29.5 / 138
友情点: 0 / 422620`
_2024-06-21 04:31:43_
--------
*652095a74b2c64f328d1f4cea9a00973*
`登陆天数: 29天 / 667天
等级: 130
石头: 4038
呼符: 83
体力: 29.47333333333333 / 138
友情点: 0 / 419765`
_2024-06-21 04:31:51_
--------
*6ceb088359e6b062de289ca0cefc362e*
`登陆天数: 29天 / 666天
等级: 130
石头: 4070
呼符: 228
体力: 29.443333333333328 / 138
友情点: 0 / 420600`
_2024-06-21 04:32:00_
--------
*28d7798f8c903152e0d92f3bc8f63c33*
`登陆天数: 29天 / 667天
等级: 130
石头: 4087
呼符: 288
体力: 29.41666666666667 / 138
友情点: 0 / 420580`
_2024-06-21 04:32:08_
--------
*ba76096a9cdc3452141b904867a19276*
`登陆天数: 29天 / 666天
等级: 130
石头: 4070
呼符: 140
体力: 29.38333333333334 / 138
友情点: 0 / 420660`
_2024-06-21 04:32:16_
--------
*2e2039f81bd4dda30e028207208c5dbd*
`登陆天数: 29天 / 666天
等级: 130
石头: 4062
呼符: 284
体力: 29.35666666666667 / 138
友情点: 0 / 422315`
_2024-06-21 04:32:24_
--------
*df04ab639f8dc708aa4aca95b9b1899a*
`登陆天数: 29天 / 667天
等级: 130
石头: 4073
呼符: 246
体力: 29.326666666666668 / 138
友情点: 0 / 422120`
_2024-06-21 04:32:32_
--------
*f1b51fa0aeeeb31221d2601de6270375*
`登陆天数: 29天 / 666天
等级: 130
石头: 4076
呼符: 225
体力: 29.296666666666667 / 138
友情点: 0 / 420610`
_2024-06-21 04:32:39_
--------
*575e1648626f6d7f217abd5c9a92ab0c*
`登陆天数: 29天 / 667天
等级: 130
石头: 4062
呼符: 329
体力: 29.266666666666666 / 138
友情点: 0 / 420735`
_2024-06-21 04:32:47_
--------
*1b6a1c2f7514792daa0659f60ddd3fb4*
`登陆天数: 29天 / 667天
等级: 130
石头: 4077
呼符: 226
体力: 29.236666666666665 / 138
友情点: 0 / 421230`
_2024-06-21 04:32:55_
--------
*ba6a0431edf4d1f2e78f3e1ce12776c2*
`登陆天数: 29天 / 666天
等级: 130
石头: 4070
呼符: 325
体力: 29.209999999999994 / 138
友情点: 0 / 421515`
_2024-06-21 04:33:04_
--------
*de8ff01719830a881ffdd5e805cb8ce9*
`登陆天数: 29天 / 666天
等级: 130
石头: 4079
呼符: 320
体力: 29.180000000000007 / 138
友情点: 0 / 419160`
_2024-06-21 04:33:11_
--------
*4f8c843fd29092eae7bbd5df4199358a*
`登陆天数: 29天 / 666天
等级: 130
石头: 4070
呼符: 245
体力: 29.14666666666666 / 138
友情点: 0 / 419800`
_2024-06-21 04:33:19_
--------
*edf4337a6f6115da4b675b8571f3c270*
`登陆天数: 29天 / 666天
等级: 130
石头: 4066
呼符: 309
体力: 29.11666666666666 / 138
友情点: 0 / 420145`
_2024-06-21 04:33:28_
--------
*e5659ab2c932702f7cde8e9800ff2df2*
`登陆天数: 29天 / 666天
等级: 130
石头: 4071
呼符: 309
体力: 29.090000000000003 / 138
友情点: 0 / 422550`
_2024-06-21 04:33:35_
--------
*dc0201d800fd7973e57bed9368e3669c*
`登陆天数: 29天 / 666天
等级: 130
石头: 4078
呼符: 254
体力: 29.060000000000002 / 138
友情点: 0 / 421730`
_2024-06-21 04:33:43_
--------
*a1d669971e16b1810f3d19886b03db4e*
`登陆天数: 29天 / 667天
等级: 130
石头: 4071
呼符: 288
体力: 29.03 / 138
友情点: 0 / 420265`
_2024-06-21 04:33:51_
--------
*3f9614d2b2be18cbb252d877de6e5976*
`登陆天数: 29天 / 667天
等级: 130
石头: 4070
呼符: 330
体力: 29.0 / 138
友情点: 0 / 421145`
_2024-06-21 04:34:00_
--------
*fbf90a2444f3e91414e127fe29878609*
`登陆天数: 29天 / 667天
等级: 130
石头: 4080
呼符: 176
体力: 28.97333333333333 / 138
友情点: 0 / 419590`
_2024-06-21 04:34:08_
--------
*22568b38f19b6f1e313be015f5781f36*
`登陆天数: 29天 / 667天
等级: 130
石头: 4031
呼符: 266
体力: 28.946666666666673 / 138
友情点: 0 / 420485`
_2024-06-21 04:34:16_
--------
*7d4c09c768073669c77eba8afcb79b94*
`登陆天数: 29天 / 667天
等级: 130
石头: 4076
呼符: 189
体力: 28.92 / 138
友情点: 0 / 421090`
_2024-06-21 04:34:24_
--------
*31f768b7e667ac351f7de7eb98f322e5*
`登陆天数: 29天 / 666天
等级: 130
石头: 4078
呼符: 287
体力: 28.89 / 138
友情点: 0 / 422185`
_2024-06-21 04:34:32_
--------
*8154268d3c8c393b3ae07867303ba088*
`登陆天数: 29天 / 666天
等级: 130
石头: 4063
呼符: 225
体力: 28.86 / 138
友情点: 0 / 420835`
_2024-06-21 04:34:40_
--------
*ba3256674349b0bce287aa0f33ccbb26*
`登陆天数: 29天 / 666天
等级: 130
石头: 4069
呼符: 255
体力: 28.83 / 138
友情点: 0 / 420825`
_2024-06-21 04:34:48_
--------
*4668a716582763efe9debb601b8f79a6*
`登陆天数: 29天 / 666天
等级: 130
石头: 4069
呼符: 287
体力: 28.799999999999997 / 138
友情点: 0 / 420560`
_2024-06-21 04:34:55_
--------
*951c1fe79d9afe9e37051c0f8bb69197*
`登陆天数: 29天 / 666天
等级: 130
石头: 4054
呼符: 241
体力: 28.773333333333326 / 138
友情点: 0 / 421100`
_2024-06-21 04:35:04_
--------
*3c95d5ea18a0c3e5afa60eb7102ecb22*
`登陆天数: 29天 / 666天
等级: 130
石头: 4083
呼符: 212
体力: 28.74333333333334 / 138
友情点: 0 / 421310`
_2024-06-21 04:35:12_
--------
*f2be3360cbd3e934490636e484f2ff1e*
`登陆天数: 29天 / 666天
等级: 130
石头: 4073
呼符: 317
体力: 28.709999999999994 / 138
友情点: 0 / 421140`
_2024-06-21 04:35:19_
--------
*18d99410ac22a2645efb41b6af0c1eb1*
`登陆天数: 29天 / 667天
等级: 130
石头: 4083
呼符: 169
体力: 28.683333333333337 / 138
友情点: 0 / 419765`
_2024-06-21 04:35:28_
--------
*9f0a0d72fae19f5bcbc3351e52c42ee4*
`登陆天数: 29天 / 667天
等级: 130
石头: 4068
呼符: 268
体力: 28.653333333333336 / 138
友情点: 0 / 420720`
_2024-06-21 04:35:35_
--------
*49bc7e0047e2d56f14ae4fef74268be1*
`登陆天数: 29天 / 666天
等级: 130
石头: 4076
呼符: 301
体力: 28.626666666666665 / 138
友情点: 0 / 421825`
_2024-06-21 04:35:43_
--------
*5422108ee210360aaf177108c239bf16*
`登陆天数: 29天 / 666天
等级: 130
石头: 4078
呼符: 245
体力: 28.599999999999994 / 138
友情点: 0 / 420230`
_2024-06-21 04:35:51_
--------
*2784ddd03912679de1baa38f27f0f0f6*
`登陆天数: 29天 / 666天
等级: 130
石头: 4078
呼符: 319
体力: 28.569999999999993 / 138
友情点: 0 / 422610`
_2024-06-21 04:35:59_
--------
*04832a11fa463d4b86f861ec3e0e8d47*
`登陆天数: 29天 / 666天
等级: 130
石头: 4076
呼符: 282
体力: 28.543333333333337 / 138
友情点: 0 / 420195`
_2024-06-21 04:36:07_
--------
*77c7bcee0ca27f10718f799d8d210992*
`登陆天数: 29天 / 667天
等级: 130
石头: 4069
呼符: 307
体力: 28.516666666666666 / 138
友情点: 0 / 420585`
_2024-06-21 04:36:15_
--------
*49a0af4df2f9b0b1352b491c26a5f91e*
`登陆天数: 29天 / 667天
等级: 130
石头: 4060
呼符: 306
体力: 28.486666666666665 / 138
友情点: 0 / 419935`
_2024-06-21 04:36:23_
--------
*31fab70708fc44393178111a7c8022f6*
`登陆天数: 29天 / 667天
等级: 130
石头: 4073
呼符: 231
体力: 28.456666666666663 / 138
友情点: 0 / 420945`
_2024-06-21 04:36:31_
--------
*06415322c4df70ec3f1563c7860ec61c*
`登陆天数: 29天 / 666天
等级: 130
石头: 4079
呼符: 246
体力: 28.430000000000007 / 138
友情点: 0 / 420870`
_2024-06-21 04:36:39_
--------
*7a9d141954314f8ddf7bde7bcca02a37*
`登陆天数: 29天 / 666天
等级: 130
石头: 4046
呼符: 283
体力: 28.39666666666666 / 138
友情点: 0 / 419605`
_2024-06-21 04:36:47_
--------
*ba0e05d2f8a5acf52cecd934898dce75*
`登陆天数: 29天 / 667天
等级: 130
石头: 4079
呼符: 154
体力: 28.370000000000005 / 138
友情点: 0 / 422425`
_2024-06-21 04:36:55_
--------
*969c5d020945c5baa71a2b86463802be*
`登陆天数: 29天 / 666天
等级: 130
石头: 4071
呼符: 232
体力: 28.340000000000003 / 138
友情点: 0 / 420445`
_2024-06-21 04:37:03_
--------
*48603db78368bc4e9a7349875167f11e*
`登陆天数: 29天 / 666天
等级: 130
石头: 4013
呼符: 234
体力: 20213.69 / 138
友情点: 0 / 468135`
_2024-06-21 04:37:11_
--------
*a6cb2b7ce54392cffd443b13e1d727e0*
`登陆天数: 29天 / 667天
等级: 130
石头: 4004
呼符: 182
体力: 20213.716666666667 / 138
友情点: 0 / 467165`
*連続ログイン1日目
※ログインが途切れるか、7日到達すると
1日目から再開されます*
`フレンドポイント X 2000
6月交換券(2024) X 1
`*「踊るドラゴン・キャッスル！ ～深海の姫君とふたつの宝玉～」
開幕直前特別ログインボーナス*
*開催期間中、1日1回 最大7回 ログインボーナスをプレゼント！*
`黄金の果実 X 1
`_2024-06-21 04:37:19_
--------
