【登录信息】
*90301b31ff737306eff5bc4c463524ec*
`登陆天数: 30天 / 668天
等级: 130
石头: 4066
呼符: 330
体力: 29.349999999999994 / 138
友情点: 0 / 414025`
_2024-06-22 04:29:06_
--------
*d627beaffe7ea26fa0ce70b982ed8711*
`登陆天数: 30天 / 668天
等级: 130
石头: 4077
呼符: 299
体力: 29.319999999999993 / 138
友情点: 0 / 415030`
_2024-06-22 04:29:14_
--------
*0bed67e05fde5e8a83ba7307e7205171*
`登陆天数: 30天 / 667天
等级: 130
石头: 4078
呼符: 332
体力: 29.293333333333337 / 138
友情点: 0 / 414730`
_2024-06-22 04:29:22_
--------
*024b07d9e6192253b4d33dd76dea8c5f*
`登陆天数: 30天 / 668天
等级: 130
石头: 4081
呼符: 161
体力: 29.266666666666666 / 138
友情点: 0 / 415070`
_2024-06-22 04:29:30_
--------
*4ec26b91e516487dc55ae6f2cff4ae4a*
`登陆天数: 30天 / 667天
等级: 130
石头: 4081
呼符: 156
体力: 29.236666666666665 / 138
友情点: 0 / 417030`
_2024-06-22 04:29:38_
--------
*acb9ab1e99e3456ea336f8ef1b260e65*
`登陆天数: 30天 / 667天
等级: 130
石头: 4080
呼符: 263
体力: 29.209999999999994 / 138
友情点: 0 / 414045`
_2024-06-22 04:29:46_
--------
*078bb44cfb86dac756da3684e84b9886*
`登陆天数: 30天 / 668天
等级: 130
石头: 4075
呼符: 287
体力: 29.180000000000007 / 138
友情点: 0 / 414095`
_2024-06-22 04:29:54_
--------
*bb97b3a67b6ff2424e674a1dbdde81f7*
`登陆天数: 30天 / 668天
等级: 130
石头: 4074
呼符: 330
体力: 29.153333333333336 / 138
友情点: 0 / 416620`
_2024-06-22 04:30:02_
--------
*652095a74b2c64f328d1f4cea9a00973*
`登陆天数: 30天 / 668天
等级: 130
石头: 4039
呼符: 84
体力: 29.126666666666665 / 138
友情点: 0 / 413765`
_2024-06-22 04:30:09_
--------
*6ceb088359e6b062de289ca0cefc362e*
`登陆天数: 30天 / 667天
等级: 130
石头: 4071
呼符: 229
体力: 29.099999999999994 / 138
友情点: 0 / 414600`
_2024-06-22 04:30:18_
--------
*28d7798f8c903152e0d92f3bc8f63c33*
`登陆天数: 30天 / 668天
等级: 130
石头: 4088
呼符: 289
体力: 29.073333333333338 / 138
友情点: 0 / 414580`
_2024-06-22 04:30:26_
--------
*ba76096a9cdc3452141b904867a19276*
`登陆天数: 30天 / 667天
等级: 130
石头: 4071
呼符: 141
体力: 29.043333333333337 / 138
友情点: 0 / 414660`
_2024-06-22 04:30:34_
--------
*2e2039f81bd4dda30e028207208c5dbd*
`登陆天数: 30天 / 667天
等级: 130
石头: 4063
呼符: 285
体力: 29.016666666666666 / 138
友情点: 0 / 416315`
_2024-06-22 04:30:42_
--------
*df04ab639f8dc708aa4aca95b9b1899a*
`登陆天数: 30天 / 668天
等级: 130
石头: 4074
呼符: 247
体力: 28.99333333333334 / 138
友情点: 0 / 416120`
_2024-06-22 04:30:49_
--------
*f1b51fa0aeeeb31221d2601de6270375*
`登陆天数: 30天 / 667天
等级: 130
石头: 4077
呼符: 226
体力: 28.96666666666667 / 138
友情点: 0 / 414610`
_2024-06-22 04:30:57_
--------
*575e1648626f6d7f217abd5c9a92ab0c*
`登陆天数: 30天 / 668天
等级: 130
石头: 4063
呼符: 330
体力: 28.936666666666667 / 138
友情点: 0 / 414735`
_2024-06-22 04:31:05_
--------
*1b6a1c2f7514792daa0659f60ddd3fb4*
`登陆天数: 30天 / 668天
等级: 130
石头: 4078
呼符: 227
体力: 28.909999999999997 / 138
友情点: 0 / 415230`
_2024-06-22 04:31:13_
--------
*ba6a0431edf4d1f2e78f3e1ce12776c2*
`登陆天数: 30天 / 667天
等级: 130
石头: 4071
呼符: 326
体力: 28.88333333333334 / 138
友情点: 0 / 415515`
_2024-06-22 04:31:21_
--------
*de8ff01719830a881ffdd5e805cb8ce9*
`登陆天数: 30天 / 667天
等级: 130
石头: 4080
呼符: 321
体力: 28.85333333333334 / 138
友情点: 0 / 413160`
_2024-06-22 04:31:29_
--------
*4f8c843fd29092eae7bbd5df4199358a*
`登陆天数: 30天 / 667天
等级: 130
石头: 4071
呼符: 246
体力: 28.826666666666668 / 138
友情点: 0 / 413800`
_2024-06-22 04:31:37_
--------
*edf4337a6f6115da4b675b8571f3c270*
`登陆天数: 30天 / 667天
等级: 130
石头: 4067
呼符: 310
体力: 28.803333333333327 / 138
友情点: 0 / 414145`
_2024-06-22 04:31:45_
--------
*e5659ab2c932702f7cde8e9800ff2df2*
`登陆天数: 30天 / 667天
等级: 130
石头: 4072
呼符: 310
体力: 28.77666666666667 / 138
友情点: 0 / 416550`
_2024-06-22 04:31:53_
--------
*dc0201d800fd7973e57bed9368e3669c*
`登陆天数: 30天 / 667天
等级: 130
石头: 4079
呼符: 255
体力: 28.74666666666667 / 138
友情点: 0 / 415730`
_2024-06-22 04:32:01_
--------
*a1d669971e16b1810f3d19886b03db4e*
`登陆天数: 30天 / 668天
等级: 130
石头: 4072
呼符: 289
体力: 28.72 / 138
友情点: 0 / 414265`
_2024-06-22 04:32:09_
--------
*3f9614d2b2be18cbb252d877de6e5976*
`登陆天数: 30天 / 668天
等级: 130
石头: 4071
呼符: 331
体力: 28.696666666666673 / 138
友情点: 0 / 415145`
_2024-06-22 04:32:17_
--------
*fbf90a2444f3e91414e127fe29878609*
`登陆天数: 30天 / 668天
等级: 130
石头: 4081
呼符: 177
体力: 28.67 / 138
友情点: 0 / 413590`
_2024-06-22 04:32:25_
--------
*22568b38f19b6f1e313be015f5781f36*
`登陆天数: 30天 / 668天
等级: 130
石头: 4032
呼符: 267
体力: 28.64333333333333 / 138
友情点: 0 / 414485`
_2024-06-22 04:32:33_
--------
*7d4c09c768073669c77eba8afcb79b94*
`登陆天数: 30天 / 668天
等级: 130
石头: 4077
呼符: 190
体力: 28.61666666666666 / 138
友情点: 0 / 415090`
_2024-06-22 04:32:42_
--------
*31f768b7e667ac351f7de7eb98f322e5*
`登陆天数: 30天 / 667天
等级: 130
石头: 4079
呼符: 288
体力: 28.586666666666673 / 138
友情点: 0 / 416185`
_2024-06-22 04:32:50_
--------
*8154268d3c8c393b3ae07867303ba088*
`登陆天数: 30天 / 667天
等级: 130
石头: 4064
呼符: 226
体力: 28.560000000000002 / 138
友情点: 0 / 414835`
_2024-06-22 04:32:57_
--------
*ba3256674349b0bce287aa0f33ccbb26*
`登陆天数: 30天 / 667天
等级: 130
石头: 4070
呼符: 256
体力: 28.53333333333333 / 138
友情点: 0 / 414825`
_2024-06-22 04:33:05_
--------
*4668a716582763efe9debb601b8f79a6*
`登陆天数: 30天 / 667天
等级: 130
石头: 4070
呼符: 288
体力: 28.50666666666666 / 138
友情点: 0 / 414560`
_2024-06-22 04:33:13_
--------
*951c1fe79d9afe9e37051c0f8bb69197*
`登陆天数: 30天 / 667天
等级: 130
石头: 4055
呼符: 242
体力: 28.480000000000004 / 138
友情点: 0 / 415100`
_2024-06-22 04:33:22_
--------
*3c95d5ea18a0c3e5afa60eb7102ecb22*
`登陆天数: 30天 / 667天
等级: 130
石头: 4084
呼符: 213
体力: 28.456666666666663 / 138
友情点: 0 / 415310`
_2024-06-22 04:33:30_
--------
*f2be3360cbd3e934490636e484f2ff1e*
`登陆天数: 30天 / 667天
等级: 130
石头: 4074
呼符: 318
体力: 28.430000000000007 / 138
友情点: 0 / 415140`
_2024-06-22 04:33:38_
--------
*18d99410ac22a2645efb41b6af0c1eb1*
`登陆天数: 30天 / 668天
等级: 130
石头: 4084
呼符: 170
体力: 28.403333333333336 / 138
友情点: 0 / 413765`
_2024-06-22 04:33:46_
--------
*9f0a0d72fae19f5bcbc3351e52c42ee4*
`登陆天数: 30天 / 668天
等级: 130
石头: 4069
呼符: 269
体力: 28.373333333333335 / 138
友情点: 0 / 414720`
_2024-06-22 04:33:54_
--------
*49bc7e0047e2d56f14ae4fef74268be1*
`登陆天数: 30天 / 667天
等级: 130
石头: 4077
呼符: 302
体力: 28.349999999999994 / 138
友情点: 0 / 415825`
_2024-06-22 04:34:02_
--------
*5422108ee210360aaf177108c239bf16*
`登陆天数: 30天 / 667天
等级: 130
石头: 4079
呼符: 246
体力: 28.323333333333338 / 138
友情点: 0 / 414230`
_2024-06-22 04:34:10_
--------
*2784ddd03912679de1baa38f27f0f0f6*
`登陆天数: 30天 / 667天
等级: 130
石头: 4079
呼符: 320
体力: 28.296666666666667 / 138
友情点: 0 / 416610`
_2024-06-22 04:34:18_
--------
*04832a11fa463d4b86f861ec3e0e8d47*
`登陆天数: 30天 / 667天
等级: 130
石头: 4077
呼符: 283
体力: 28.273333333333326 / 138
友情点: 0 / 414195`
_2024-06-22 04:34:26_
--------
*77c7bcee0ca27f10718f799d8d210992*
`登陆天数: 30天 / 668天
等级: 130
石头: 4070
呼符: 308
体力: 28.24666666666667 / 138
友情点: 0 / 414585`
_2024-06-22 04:34:34_
--------
*49a0af4df2f9b0b1352b491c26a5f91e*
`登陆天数: 30天 / 668天
等级: 130
石头: 4061
呼符: 307
体力: 28.21666666666667 / 138
友情点: 0 / 413935`
_2024-06-22 04:34:42_
--------
*31fab70708fc44393178111a7c8022f6*
`登陆天数: 30天 / 668天
等级: 130
石头: 4074
呼符: 232
体力: 28.189999999999998 / 138
友情点: 0 / 414945`
_2024-06-22 04:34:50_
--------
*06415322c4df70ec3f1563c7860ec61c*
`登陆天数: 30天 / 667天
等级: 130
石头: 4080
呼符: 247
体力: 28.163333333333327 / 138
友情点: 0 / 414870`
_2024-06-22 04:34:58_
--------
*7a9d141954314f8ddf7bde7bcca02a37*
`登陆天数: 30天 / 667天
等级: 130
石头: 4047
呼符: 284
体力: 28.13333333333334 / 138
友情点: 0 / 413605`
_2024-06-22 04:35:06_
--------
*ba0e05d2f8a5acf52cecd934898dce75*
`登陆天数: 30天 / 668天
等级: 130
石头: 4080
呼符: 155
体力: 28.11 / 138
友情点: 0 / 416425`
_2024-06-22 04:35:13_
--------
*969c5d020945c5baa71a2b86463802be*
`登陆天数: 30天 / 667天
等级: 130
石头: 4072
呼符: 233
体力: 28.08333333333333 / 138
友情点: 0 / 414445`
_2024-06-22 04:35:21_
--------
*48603db78368bc4e9a7349875167f11e*
`登陆天数: 30天 / 667天
等级: 130
石头: 4013
呼符: 234
体力: 20501.353333333333 / 138
友情点: 0 / 468135`
_2024-06-22 04:35:30_
--------
*a6cb2b7ce54392cffd443b13e1d727e0*
`登陆天数: 30天 / 668天
等级: 130
石头: 4004
呼符: 182
体力: 20501.38 / 138
友情点: 0 / 467165`
*連続ログイン2日目
※ログインが途切れるか、7日到達すると
1日目から再開されます*
`聖晶石 X 1
6月交換券(2024) X 1
`*幕間の物語キャンペーン 第20弾 特別ログインボーナス*
*開催期間中、1日1回 最大5回 特別ログインボーナスをプレゼント！*
`呼符 X 1
`_2024-06-22 04:35:38_
--------
