【登录信息】
*90301b31ff737306eff5bc4c463524ec*
`登陆天数: 32天 / 670天
等级: 130
石头: 4068
呼符: 330
体力: 30.196666666666673 / 138
友情点: 0 / 402025`
_2024-06-24 04:31:04_
--------
*d627beaffe7ea26fa0ce70b982ed8711*
`登陆天数: 32天 / 670天
等级: 130
石头: 4079
呼符: 299
体力: 30.16666666666667 / 138
友情点: 0 / 403030`
_2024-06-24 04:31:12_
--------
*0bed67e05fde5e8a83ba7307e7205171*
`登陆天数: 32天 / 669天
等级: 130
石头: 4080
呼符: 332
体力: 30.13666666666667 / 138
友情点: 0 / 402730`
_2024-06-24 04:31:20_
--------
*024b07d9e6192253b4d33dd76dea8c5f*
`登陆天数: 32天 / 670天
等级: 130
石头: 4083
呼符: 161
体力: 30.10333333333334 / 138
友情点: 0 / 403070`
_2024-06-24 04:31:29_
--------
*4ec26b91e516487dc55ae6f2cff4ae4a*
`登陆天数: 32天 / 669天
等级: 130
石头: 4083
呼符: 156
体力: 30.073333333333338 / 138
友情点: 0 / 405030`
_2024-06-24 04:31:37_
--------
*acb9ab1e99e3456ea336f8ef1b260e65*
`登陆天数: 32天 / 669天
等级: 130
石头: 4082
呼符: 263
体力: 30.043333333333337 / 138
友情点: 0 / 402045`
_2024-06-24 04:31:45_
--------
*078bb44cfb86dac756da3684e84b9886*
`登陆天数: 32天 / 670天
等级: 130
石头: 4077
呼符: 287
体力: 30.016666666666666 / 138
友情点: 0 / 402095`
_2024-06-24 04:31:53_
--------
*bb97b3a67b6ff2424e674a1dbdde81f7*
`登陆天数: 32天 / 670天
等级: 130
石头: 4076
呼符: 330
体力: 29.983333333333334 / 138
友情点: 0 / 404620`
_2024-06-24 04:32:02_
--------
*652095a74b2c64f328d1f4cea9a00973*
`登陆天数: 32天 / 670天
等级: 130
石头: 4041
呼符: 84
体力: 29.956666666666663 / 138
友情点: 0 / 401765`
_2024-06-24 04:32:09_
--------
*6ceb088359e6b062de289ca0cefc362e*
`登陆天数: 32天 / 669天
等级: 130
石头: 4073
呼符: 229
体力: 29.923333333333332 / 138
友情点: 0 / 402600`
_2024-06-24 04:32:17_
--------
*28d7798f8c903152e0d92f3bc8f63c33*
`登陆天数: 32天 / 670天
等级: 130
石头: 4090
呼符: 289
体力: 29.89333333333333 / 138
友情点: 0 / 402580`
_2024-06-24 04:32:25_
--------
*ba76096a9cdc3452141b904867a19276*
`登陆天数: 32天 / 669天
等级: 130
石头: 4073
呼符: 141
体力: 29.86 / 138
友情点: 0 / 402660`
_2024-06-24 04:32:33_
--------
*2e2039f81bd4dda30e028207208c5dbd*
`登陆天数: 32天 / 669天
等级: 130
石头: 4065
呼符: 285
体力: 29.83 / 138
友情点: 0 / 404315`
_2024-06-24 04:32:41_
--------
*df04ab639f8dc708aa4aca95b9b1899a*
`登陆天数: 32天 / 670天
等级: 130
石头: 4076
呼符: 247
体力: 29.799999999999997 / 138
友情点: 0 / 404120`
_2024-06-24 04:32:49_
--------
*f1b51fa0aeeeb31221d2601de6270375*
`登陆天数: 32天 / 669天
等级: 130
石头: 4079
呼符: 226
体力: 29.769999999999996 / 138
友情点: 0 / 402610`
_2024-06-24 04:32:57_
--------
*575e1648626f6d7f217abd5c9a92ab0c*
`登陆天数: 32天 / 670天
等级: 130
石头: 4065
呼符: 330
体力: 29.739999999999995 / 138
友情点: 0 / 402735`
_2024-06-24 04:33:06_
--------
*1b6a1c2f7514792daa0659f60ddd3fb4*
`登陆天数: 32天 / 670天
等级: 130
石头: 4080
呼符: 227
体力: 29.709999999999994 / 138
友情点: 0 / 403230`
_2024-06-24 04:33:14_
--------
*ba6a0431edf4d1f2e78f3e1ce12776c2*
`登陆天数: 32天 / 669天
等级: 130
石头: 4073
呼符: 326
体力: 29.680000000000007 / 138
友情点: 0 / 403515`
_2024-06-24 04:33:21_
--------
*de8ff01719830a881ffdd5e805cb8ce9*
`登陆天数: 32天 / 669天
等级: 130
石头: 4082
呼符: 321
体力: 29.650000000000006 / 138
友情点: 0 / 401160`
_2024-06-24 04:33:29_
--------
*4f8c843fd29092eae7bbd5df4199358a*
`登陆天数: 32天 / 669天
等级: 130
石头: 4073
呼符: 246
体力: 29.623333333333335 / 138
友情点: 0 / 401800`
_2024-06-24 04:33:38_
--------
*edf4337a6f6115da4b675b8571f3c270*
`登陆天数: 32天 / 669天
等级: 130
石头: 4069
呼符: 310
体力: 29.590000000000003 / 138
友情点: 0 / 402145`
_2024-06-24 04:33:46_
--------
*e5659ab2c932702f7cde8e9800ff2df2*
`登陆天数: 32天 / 669天
等级: 130
石头: 4074
呼符: 310
体力: 29.563333333333333 / 138
友情点: 0 / 404550`
_2024-06-24 04:33:54_
--------
*dc0201d800fd7973e57bed9368e3669c*
`登陆天数: 32天 / 669天
等级: 130
石头: 4081
呼符: 255
体力: 29.53333333333333 / 138
友情点: 0 / 403730`
_2024-06-24 04:34:02_
--------
*a1d669971e16b1810f3d19886b03db4e*
`登陆天数: 32天 / 670天
等级: 130
石头: 4074
呼符: 289
体力: 29.5 / 138
友情点: 0 / 402265`
_2024-06-24 04:34:10_
--------
*3f9614d2b2be18cbb252d877de6e5976*
`登陆天数: 32天 / 670天
等级: 130
石头: 4073
呼符: 331
体力: 29.47333333333333 / 138
友情点: 0 / 403145`
_2024-06-24 04:34:17_
--------
*fbf90a2444f3e91414e127fe29878609*
`登陆天数: 32天 / 670天
等级: 130
石头: 4083
呼符: 177
体力: 29.443333333333328 / 138
友情点: 0 / 401590`
_2024-06-24 04:34:25_
--------
*22568b38f19b6f1e313be015f5781f36*
`登陆天数: 32天 / 670天
等级: 130
石头: 4034
呼符: 267
体力: 29.413333333333327 / 138
友情点: 0 / 402485`
_2024-06-24 04:34:33_
--------
*7d4c09c768073669c77eba8afcb79b94*
`登陆天数: 32天 / 670天
等级: 130
石头: 4079
呼符: 190
体力: 29.373333333333335 / 138
友情点: 0 / 403090`
_2024-06-24 04:34:41_
--------
*31f768b7e667ac351f7de7eb98f322e5*
`登陆天数: 32天 / 669天
等级: 130
石头: 4081
呼符: 288
体力: 29.343333333333334 / 138
友情点: 0 / 404185`
_2024-06-24 04:34:48_
--------
*8154268d3c8c393b3ae07867303ba088*
`登陆天数: 32天 / 669天
等级: 130
石头: 4066
呼符: 226
体力: 29.313333333333333 / 138
友情点: 0 / 402835`
_2024-06-24 04:34:56_
--------
*ba3256674349b0bce287aa0f33ccbb26*
`登陆天数: 32天 / 669天
等级: 130
石头: 4072
呼符: 256
体力: 29.28333333333333 / 138
友情点: 0 / 402825`
_2024-06-24 04:35:03_
--------
*4668a716582763efe9debb601b8f79a6*
`登陆天数: 32天 / 669天
等级: 130
石头: 4072
呼符: 288
体力: 29.25333333333333 / 138
友情点: 0 / 402560`
_2024-06-24 04:35:12_
--------
*951c1fe79d9afe9e37051c0f8bb69197*
`登陆天数: 32天 / 669天
等级: 130
石头: 4057
呼符: 242
体力: 29.226666666666674 / 138
友情点: 0 / 403100`
_2024-06-24 04:35:20_
--------
*3c95d5ea18a0c3e5afa60eb7102ecb22*
`登陆天数: 32天 / 669天
等级: 130
石头: 4086
呼符: 213
体力: 29.196666666666673 / 138
友情点: 0 / 403310`
_2024-06-24 04:35:28_
--------
*f2be3360cbd3e934490636e484f2ff1e*
`登陆天数: 32天 / 669天
等级: 130
石头: 4076
呼符: 318
体力: 29.17 / 138
友情点: 0 / 403140`
_2024-06-24 04:35:36_
--------
*18d99410ac22a2645efb41b6af0c1eb1*
`登陆天数: 32天 / 670天
等级: 130
石头: 4086
呼符: 170
体力: 29.14 / 138
友情点: 0 / 401765`
_2024-06-24 04:35:44_
--------
*9f0a0d72fae19f5bcbc3351e52c42ee4*
`登陆天数: 32天 / 670天
等级: 130
石头: 4071
呼符: 269
体力: 29.11 / 138
友情点: 0 / 402720`
_2024-06-24 04:35:52_
--------
*49bc7e0047e2d56f14ae4fef74268be1*
`登陆天数: 32天 / 669天
等级: 130
石头: 4079
呼符: 302
体力: 29.08333333333333 / 138
友情点: 0 / 403825`
_2024-06-24 04:36:00_
--------
*5422108ee210360aaf177108c239bf16*
`登陆天数: 32天 / 669天
等级: 130
石头: 4081
呼符: 246
体力: 29.053333333333327 / 138
友情点: 0 / 402230`
_2024-06-24 04:36:08_
--------
*2784ddd03912679de1baa38f27f0f0f6*
`登陆天数: 32天 / 669天
等级: 130
石头: 4081
呼符: 320
体力: 29.023333333333326 / 138
友情点: 0 / 404610`
_2024-06-24 04:36:16_
--------
*04832a11fa463d4b86f861ec3e0e8d47*
`登陆天数: 32天 / 669天
等级: 130
石头: 4079
呼符: 283
体力: 28.989999999999995 / 138
友情点: 0 / 402195`
_2024-06-24 04:36:24_
--------
*77c7bcee0ca27f10718f799d8d210992*
`登陆天数: 32天 / 670天
等级: 130
石头: 4072
呼符: 308
体力: 28.96333333333334 / 138
友情点: 0 / 402585`
_2024-06-24 04:36:31_
--------
*49a0af4df2f9b0b1352b491c26a5f91e*
`登陆天数: 32天 / 670天
等级: 130
石头: 4063
呼符: 307
体力: 28.930000000000007 / 138
友情点: 0 / 401935`
_2024-06-24 04:36:39_
--------
*31fab70708fc44393178111a7c8022f6*
`登陆天数: 32天 / 670天
等级: 130
石头: 4076
呼符: 232
体力: 28.900000000000006 / 138
友情点: 0 / 402945`
_2024-06-24 04:36:47_
--------
*06415322c4df70ec3f1563c7860ec61c*
`登陆天数: 32天 / 669天
等级: 130
石头: 4082
呼符: 247
体力: 28.870000000000005 / 138
友情点: 0 / 402870`
_2024-06-24 04:36:54_
--------
*7a9d141954314f8ddf7bde7bcca02a37*
`登陆天数: 32天 / 669天
等级: 130
石头: 4049
呼符: 284
体力: 28.840000000000003 / 138
友情点: 0 / 401605`
_2024-06-24 04:37:02_
--------
*ba0e05d2f8a5acf52cecd934898dce75*
`登陆天数: 32天 / 670天
等级: 130
石头: 4082
呼符: 155
体力: 28.810000000000002 / 138
友情点: 0 / 404425`
_2024-06-24 04:37:10_
--------
*969c5d020945c5baa71a2b86463802be*
`登陆天数: 32天 / 669天
等级: 130
石头: 4074
呼符: 233
体力: 28.78 / 138
友情点: 0 / 402445`
_2024-06-24 04:37:18_
--------
*48603db78368bc4e9a7349875167f11e*
`登陆天数: 32天 / 669天
等级: 130
石头: 4013
呼符: 234
体力: 21077.74 / 138
友情点: 0 / 468135`
_2024-06-24 04:37:26_
--------
*a6cb2b7ce54392cffd443b13e1d727e0*
`登陆天数: 32天 / 670天
等级: 130
石头: 4004
呼符: 182
体力: 21077.766666666666 / 138
友情点: 0 / 467165`
*連続ログイン4日目
※ログインが途切れるか、7日到達すると
1日目から再開されます*
`聖晶石 X 1
6月交換券(2024) X 1
`*幕間の物語キャンペーン 第20弾 特別ログインボーナス*
*開催期間中、1日1回 最大5回 特別ログインボーナスをプレゼント！*
`叡智の業火 X 3
`_2024-06-24 04:37:34_
--------
