【登录信息】
*90301b31ff737306eff5bc4c463524ec*
`登陆天数: 33天 / 671天
等级: 130
石头: 4068
呼符: 331
体力: 30.040000000000006 / 138
友情点: 0 / 396025`
_2024-06-25 04:30:40_
--------
*d627beaffe7ea26fa0ce70b982ed8711*
`登陆天数: 33天 / 671天
等级: 130
石头: 4079
呼符: 300
体力: 30.010000000000005 / 138
友情点: 0 / 397030`
_2024-06-25 04:30:48_
--------
*0bed67e05fde5e8a83ba7307e7205171*
`登陆天数: 33天 / 670天
等级: 130
石头: 4080
呼符: 333
体力: 29.980000000000004 / 138
友情点: 0 / 396730`
_2024-06-25 04:30:56_
--------
*024b07d9e6192253b4d33dd76dea8c5f*
`登陆天数: 33天 / 671天
等级: 130
石头: 4083
呼符: 162
体力: 29.953333333333333 / 138
友情点: 0 / 397070`
_2024-06-25 04:31:03_
--------
*4ec26b91e516487dc55ae6f2cff4ae4a*
`登陆天数: 33天 / 670天
等级: 130
石头: 4083
呼符: 157
体力: 29.92 / 138
友情点: 0 / 399030`
_2024-06-25 04:31:11_
--------
*acb9ab1e99e3456ea336f8ef1b260e65*
`登陆天数: 33天 / 670天
等级: 130
石头: 4082
呼符: 264
体力: 29.89333333333333 / 138
友情点: 0 / 396045`
_2024-06-25 04:31:19_
--------
*078bb44cfb86dac756da3684e84b9886*
`登陆天数: 33天 / 671天
等级: 130
石头: 4077
呼符: 288
体力: 29.86333333333333 / 138
友情点: 0 / 396095`
_2024-06-25 04:31:26_
--------
*bb97b3a67b6ff2424e674a1dbdde81f7*
`登陆天数: 33天 / 671天
等级: 130
石头: 4076
呼符: 331
体力: 29.83333333333333 / 138
友情点: 0 / 398620`
_2024-06-25 04:31:35_
--------
*652095a74b2c64f328d1f4cea9a00973*
`登陆天数: 33天 / 671天
等级: 130
石头: 4041
呼符: 85
体力: 29.806666666666672 / 138
友情点: 0 / 395765`
_2024-06-25 04:31:42_
--------
*6ceb088359e6b062de289ca0cefc362e*
`登陆天数: 33天 / 670天
等级: 130
石头: 4073
呼符: 230
体力: 29.77666666666667 / 138
友情点: 0 / 396600`
_2024-06-25 04:31:50_
--------
*28d7798f8c903152e0d92f3bc8f63c33*
`登陆天数: 33天 / 671天
等级: 130
石头: 4090
呼符: 290
体力: 29.74666666666667 / 138
友情点: 0 / 396580`
_2024-06-25 04:31:58_
--------
*ba76096a9cdc3452141b904867a19276*
`登陆天数: 33天 / 670天
等级: 130
石头: 4073
呼符: 142
体力: 29.71666666666667 / 138
友情点: 0 / 396660`
_2024-06-25 04:32:05_
--------
*2e2039f81bd4dda30e028207208c5dbd*
`登陆天数: 33天 / 670天
等级: 130
石头: 4065
呼符: 286
体力: 29.686666666666667 / 138
友情点: 0 / 398315`
_2024-06-25 04:32:13_
--------
*df04ab639f8dc708aa4aca95b9b1899a*
`登陆天数: 33天 / 671天
等级: 130
石头: 4076
呼符: 248
体力: 29.656666666666666 / 138
友情点: 0 / 398120`
_2024-06-25 04:32:20_
--------
*f1b51fa0aeeeb31221d2601de6270375*
`登陆天数: 33天 / 670天
等级: 130
石头: 4079
呼符: 227
体力: 29.626666666666665 / 138
友情点: 0 / 396610`
_2024-06-25 04:32:28_
--------
*575e1648626f6d7f217abd5c9a92ab0c*
`登陆天数: 33天 / 671天
等级: 130
石头: 4065
呼符: 331
体力: 29.599999999999994 / 138
友情点: 0 / 396735`
_2024-06-25 04:32:36_
--------
*1b6a1c2f7514792daa0659f60ddd3fb4*
`登陆天数: 33天 / 671天
等级: 130
石头: 4080
呼符: 228
体力: 29.569999999999993 / 138
友情点: 0 / 397230`
_2024-06-25 04:32:44_
--------
*ba6a0431edf4d1f2e78f3e1ce12776c2*
`登陆天数: 33天 / 670天
等级: 130
石头: 4073
呼符: 327
体力: 29.540000000000006 / 138
友情点: 0 / 397515`
_2024-06-25 04:32:52_
--------
*de8ff01719830a881ffdd5e805cb8ce9*
`登陆天数: 33天 / 670天
等级: 130
石头: 4082
呼符: 322
体力: 29.513333333333335 / 138
友情点: 0 / 395160`
_2024-06-25 04:32:59_
--------
*4f8c843fd29092eae7bbd5df4199358a*
`登陆天数: 33天 / 670天
等级: 130
石头: 4073
呼符: 247
体力: 29.476666666666674 / 138
友情点: 0 / 395800`
_2024-06-25 04:33:07_
--------
*edf4337a6f6115da4b675b8571f3c270*
`登陆天数: 33天 / 670天
等级: 130
石头: 4069
呼符: 311
体力: 29.446666666666673 / 138
友情点: 0 / 396145`
_2024-06-25 04:33:15_
--------
*e5659ab2c932702f7cde8e9800ff2df2*
`登陆天数: 33天 / 670天
等级: 130
石头: 4074
呼符: 311
体力: 29.41666666666667 / 138
友情点: 0 / 398550`
_2024-06-25 04:33:22_
--------
*dc0201d800fd7973e57bed9368e3669c*
`登陆天数: 33天 / 670天
等级: 130
石头: 4081
呼符: 256
体力: 29.38666666666667 / 138
友情点: 0 / 397730`
_2024-06-25 04:33:30_
--------
*a1d669971e16b1810f3d19886b03db4e*
`登陆天数: 33天 / 671天
等级: 130
石头: 4074
呼符: 290
体力: 29.36 / 138
友情点: 0 / 396265`
_2024-06-25 04:33:39_
--------
*3f9614d2b2be18cbb252d877de6e5976*
`登陆天数: 33天 / 671天
等级: 130
石头: 4073
呼符: 332
体力: 29.33333333333333 / 138
友情点: 0 / 397145`
_2024-06-25 04:33:47_
--------
*fbf90a2444f3e91414e127fe29878609*
`登陆天数: 33天 / 671天
等级: 130
石头: 4083
呼符: 178
体力: 29.299999999999997 / 138
友情点: 0 / 395590`
_2024-06-25 04:33:55_
--------
*22568b38f19b6f1e313be015f5781f36*
`登陆天数: 33天 / 671天
等级: 130
石头: 4034
呼符: 268
体力: 29.269999999999996 / 138
友情点: 0 / 396485`
_2024-06-25 04:34:03_
--------
*7d4c09c768073669c77eba8afcb79b94*
`登陆天数: 33天 / 671天
等级: 130
石头: 4079
呼符: 191
体力: 29.24333333333334 / 138
友情点: 0 / 397090`
_2024-06-25 04:34:11_
--------
*31f768b7e667ac351f7de7eb98f322e5*
`登陆天数: 33天 / 670天
等级: 130
石头: 4081
呼符: 289
体力: 29.21333333333334 / 138
友情点: 0 / 398185`
_2024-06-25 04:34:19_
--------
*8154268d3c8c393b3ae07867303ba088*
`登陆天数: 33天 / 670天
等级: 130
石头: 4066
呼符: 227
体力: 29.183333333333337 / 138
友情点: 0 / 396835`
_2024-06-25 04:34:27_
--------
*ba3256674349b0bce287aa0f33ccbb26*
`登陆天数: 33天 / 670天
等级: 130
石头: 4072
呼符: 257
体力: 29.153333333333336 / 138
友情点: 0 / 396825`
_2024-06-25 04:34:35_
--------
*4668a716582763efe9debb601b8f79a6*
`登陆天数: 33天 / 670天
等级: 130
石头: 4072
呼符: 289
体力: 29.123333333333335 / 138
友情点: 0 / 396560`
_2024-06-25 04:34:43_
--------
*951c1fe79d9afe9e37051c0f8bb69197*
`登陆天数: 33天 / 670天
等级: 130
石头: 4057
呼符: 243
体力: 29.093333333333334 / 138
友情点: 0 / 397100`
_2024-06-25 04:34:51_
--------
*3c95d5ea18a0c3e5afa60eb7102ecb22*
`登陆天数: 33天 / 670天
等级: 130
石头: 4086
呼符: 214
体力: 29.063333333333333 / 138
友情点: 0 / 397310`
_2024-06-25 04:34:58_
--------
*f2be3360cbd3e934490636e484f2ff1e*
`登陆天数: 33天 / 670天
等级: 130
石头: 4076
呼符: 319
体力: 29.03333333333333 / 138
友情点: 0 / 397140`
_2024-06-25 04:35:06_
--------
*18d99410ac22a2645efb41b6af0c1eb1*
`登陆天数: 33天 / 671天
等级: 130
石头: 4086
呼符: 171
体力: 29.00333333333333 / 138
友情点: 0 / 395765`
_2024-06-25 04:35:14_
--------
*9f0a0d72fae19f5bcbc3351e52c42ee4*
`登陆天数: 33天 / 671天
等级: 130
石头: 4071
呼符: 270
体力: 28.976666666666674 / 138
友情点: 0 / 396720`
_2024-06-25 04:35:21_
--------
*49bc7e0047e2d56f14ae4fef74268be1*
`登陆天数: 33天 / 670天
等级: 130
石头: 4079
呼符: 303
体力: 28.943333333333328 / 138
友情点: 0 / 397825`
_2024-06-25 04:35:29_
--------
*5422108ee210360aaf177108c239bf16*
`登陆天数: 33天 / 670天
等级: 130
石头: 4081
呼符: 247
体力: 28.91666666666667 / 138
友情点: 0 / 396230`
_2024-06-25 04:35:36_
--------
*2784ddd03912679de1baa38f27f0f0f6*
`登陆天数: 33天 / 670天
等级: 130
石头: 4081
呼符: 321
体力: 28.88666666666667 / 138
友情点: 0 / 398610`
_2024-06-25 04:35:44_
--------
*04832a11fa463d4b86f861ec3e0e8d47*
`登陆天数: 33天 / 670天
等级: 130
石头: 4079
呼符: 284
体力: 28.85666666666667 / 138
友情点: 0 / 396195`
_2024-06-25 04:35:52_
--------
*77c7bcee0ca27f10718f799d8d210992*
`登陆天数: 33天 / 671天
等级: 130
石头: 4072
呼符: 309
体力: 28.83 / 138
友情点: 0 / 396585`
_2024-06-25 04:35:59_
--------
*49a0af4df2f9b0b1352b491c26a5f91e*
`登陆天数: 33天 / 671天
等级: 130
石头: 4063
呼符: 308
体力: 28.796666666666667 / 138
友情点: 0 / 395935`
_2024-06-25 04:36:07_
--------
*31fab70708fc44393178111a7c8022f6*
`登陆天数: 33天 / 671天
等级: 130
石头: 4076
呼符: 233
体力: 28.766666666666666 / 138
友情点: 0 / 396945`
_2024-06-25 04:36:15_
--------
*06415322c4df70ec3f1563c7860ec61c*
`登陆天数: 33天 / 670天
等级: 130
石头: 4082
呼符: 248
体力: 28.739999999999995 / 138
友情点: 0 / 396870`
_2024-06-25 04:36:22_
--------
*7a9d141954314f8ddf7bde7bcca02a37*
`登陆天数: 33天 / 670天
等级: 130
石头: 4049
呼符: 285
体力: 28.706666666666663 / 138
友情点: 0 / 395605`
_2024-06-25 04:36:30_
--------
*ba0e05d2f8a5acf52cecd934898dce75*
`登陆天数: 33天 / 671天
等级: 130
石头: 4082
呼符: 156
体力: 28.680000000000007 / 138
友情点: 0 / 398425`
_2024-06-25 04:36:37_
--------
*969c5d020945c5baa71a2b86463802be*
`登陆天数: 33天 / 670天
等级: 130
石头: 4074
呼符: 234
体力: 28.64666666666666 / 138
友情点: 0 / 396445`
_2024-06-25 04:36:45_
--------
*48603db78368bc4e9a7349875167f11e*
`登陆天数: 33天 / 670天
等级: 130
石头: 4013
呼符: 234
体力: 21365.63 / 138
友情点: 0 / 468135`
_2024-06-25 04:36:53_
--------
*a6cb2b7ce54392cffd443b13e1d727e0*
`登陆天数: 33天 / 671天
等级: 130
石头: 4004
呼符: 182
体力: 21365.656666666666 / 138
友情点: 0 / 467165`
*連続ログイン5日目
※ログインが途切れるか、7日到達すると
1日目から再開されます*
`叡智の業火 X 2
6月交換券(2024) X 1
`*幕間の物語キャンペーン 第20弾 特別ログインボーナス*
*開催期間中、1日1回 最大5回 特別ログインボーナスをプレゼント！*
`呼符 X 1
`_2024-06-25 04:37:00_
--------
