【登录信息】
*90301b31ff737306eff5bc4c463524ec*
`登陆天数: 34天 / 672天
等级: 130
石头: 4071
呼符: 331
体力: 30.13333333333334 / 138
友情点: 0 / 390025`
_2024-06-26 04:32:00_
--------
*d627beaffe7ea26fa0ce70b982ed8711*
`登陆天数: 34天 / 672天
等级: 130
石头: 4082
呼符: 300
体力: 30.11 / 138
友情点: 0 / 391030`
_2024-06-26 04:32:08_
--------
*0bed67e05fde5e8a83ba7307e7205171*
`登陆天数: 34天 / 671天
等级: 130
石头: 4083
呼符: 333
体力: 30.08333333333333 / 138
友情点: 0 / 390730`
_2024-06-26 04:32:16_
--------
*024b07d9e6192253b4d33dd76dea8c5f*
`登陆天数: 34天 / 672天
等级: 130
石头: 4086
呼符: 162
体力: 30.049999999999997 / 138
友情点: 0 / 391070`
_2024-06-26 04:32:25_
--------
*4ec26b91e516487dc55ae6f2cff4ae4a*
`登陆天数: 34天 / 671天
等级: 130
石头: 4086
呼符: 157
体力: 30.019999999999996 / 138
友情点: 0 / 393030`
_2024-06-26 04:32:33_
--------
*acb9ab1e99e3456ea336f8ef1b260e65*
`登陆天数: 34天 / 671天
等级: 130
石头: 4085
呼符: 264
体力: 29.99333333333334 / 138
友情点: 0 / 390045`
_2024-06-26 04:32:41_
--------
*078bb44cfb86dac756da3684e84b9886*
`登陆天数: 34天 / 672天
等级: 130
石头: 4080
呼符: 288
体力: 29.959999999999994 / 138
友情点: 0 / 390095`
_2024-06-26 04:32:49_
--------
*bb97b3a67b6ff2424e674a1dbdde81f7*
`登陆天数: 34天 / 672天
等级: 130
石头: 4079
呼符: 331
体力: 29.933333333333337 / 138
友情点: 0 / 392620`
_2024-06-26 04:32:57_
--------
*652095a74b2c64f328d1f4cea9a00973*
`登陆天数: 34天 / 672天
等级: 130
石头: 4044
呼符: 85
体力: 29.906666666666666 / 138
友情点: 0 / 389765`
_2024-06-26 04:33:05_
--------
*6ceb088359e6b062de289ca0cefc362e*
`登陆天数: 34天 / 671天
等级: 130
石头: 4076
呼符: 230
体力: 29.879999999999995 / 138
友情点: 0 / 390600`
_2024-06-26 04:33:13_
--------
*28d7798f8c903152e0d92f3bc8f63c33*
`登陆天数: 34天 / 672天
等级: 130
石头: 4093
呼符: 290
体力: 29.849999999999994 / 138
友情点: 0 / 390580`
_2024-06-26 04:33:21_
--------
*ba76096a9cdc3452141b904867a19276*
`登陆天数: 34天 / 671天
等级: 130
石头: 4076
呼符: 142
体力: 29.823333333333338 / 138
友情点: 0 / 390660`
_2024-06-26 04:33:29_
--------
*2e2039f81bd4dda30e028207208c5dbd*
`登陆天数: 34天 / 671天
等级: 130
石头: 4068
呼符: 286
体力: 29.796666666666667 / 138
友情点: 0 / 392315`
_2024-06-26 04:33:37_
--------
*df04ab639f8dc708aa4aca95b9b1899a*
`登陆天数: 34天 / 672天
等级: 130
石头: 4079
呼符: 248
体力: 29.769999999999996 / 138
友情点: 0 / 392120`
_2024-06-26 04:33:45_
--------
*f1b51fa0aeeeb31221d2601de6270375*
`登陆天数: 34天 / 671天
等级: 130
石头: 4082
呼符: 227
体力: 29.739999999999995 / 138
友情点: 0 / 390610`
_2024-06-26 04:33:53_
--------
*575e1648626f6d7f217abd5c9a92ab0c*
`登陆天数: 34天 / 672天
等级: 130
石头: 4068
呼符: 331
体力: 29.71666666666667 / 138
友情点: 0 / 390735`
_2024-06-26 04:34:02_
--------
*1b6a1c2f7514792daa0659f60ddd3fb4*
`登陆天数: 34天 / 672天
等级: 130
石头: 4083
呼符: 228
体力: 29.686666666666667 / 138
友情点: 0 / 391230`
_2024-06-26 04:34:10_
--------
*ba6a0431edf4d1f2e78f3e1ce12776c2*
`登陆天数: 34天 / 671天
等级: 130
石头: 4076
呼符: 327
体力: 29.659999999999997 / 138
友情点: 0 / 391515`
_2024-06-26 04:34:18_
--------
*de8ff01719830a881ffdd5e805cb8ce9*
`登陆天数: 34天 / 671天
等级: 130
石头: 4085
呼符: 322
体力: 29.63333333333334 / 138
友情点: 0 / 389160`
_2024-06-26 04:34:27_
--------
*4f8c843fd29092eae7bbd5df4199358a*
`登陆天数: 34天 / 671天
等级: 130
石头: 4076
呼符: 247
体力: 29.60333333333334 / 138
友情点: 0 / 389800`
_2024-06-26 04:34:35_
--------
*edf4337a6f6115da4b675b8571f3c270*
`登陆天数: 34天 / 671天
等级: 130
石头: 4072
呼符: 311
体力: 29.576666666666668 / 138
友情点: 0 / 390145`
_2024-06-26 04:34:43_
--------
*e5659ab2c932702f7cde8e9800ff2df2*
`登陆天数: 34天 / 671天
等级: 130
石头: 4077
呼符: 311
体力: 29.549999999999997 / 138
友情点: 0 / 392550`
_2024-06-26 04:34:51_
--------
*dc0201d800fd7973e57bed9368e3669c*
`登陆天数: 34天 / 671天
等级: 130
石头: 4084
呼符: 256
体力: 29.523333333333326 / 138
友情点: 0 / 391730`
_2024-06-26 04:34:59_
--------
*a1d669971e16b1810f3d19886b03db4e*
`登陆天数: 34天 / 672天
等级: 130
石头: 4077
呼符: 290
体力: 29.5 / 138
友情点: 0 / 390265`
_2024-06-26 04:35:07_
--------
*3f9614d2b2be18cbb252d877de6e5976*
`登陆天数: 34天 / 672天
等级: 130
石头: 4076
呼符: 332
体力: 29.47333333333333 / 138
友情点: 0 / 391145`
_2024-06-26 04:35:15_
--------
*fbf90a2444f3e91414e127fe29878609*
`登陆天数: 34天 / 672天
等级: 130
石头: 4086
呼符: 178
体力: 29.446666666666673 / 138
友情点: 0 / 389590`
_2024-06-26 04:35:24_
--------
*22568b38f19b6f1e313be015f5781f36*
`登陆天数: 34天 / 672天
等级: 130
石头: 4037
呼符: 268
体力: 29.41666666666667 / 138
友情点: 0 / 390485`
_2024-06-26 04:35:31_
--------
*7d4c09c768073669c77eba8afcb79b94*
`登陆天数: 34天 / 672天
等级: 130
石头: 4082
呼符: 191
体力: 29.39 / 138
友情点: 0 / 391090`
_2024-06-26 04:35:40_
--------
*31f768b7e667ac351f7de7eb98f322e5*
`登陆天数: 34天 / 671天
等级: 130
石头: 4084
呼符: 289
体力: 29.36 / 138
友情点: 0 / 392185`
_2024-06-26 04:35:47_
--------
*8154268d3c8c393b3ae07867303ba088*
`登陆天数: 34天 / 671天
等级: 130
石头: 4069
呼符: 227
体力: 29.33333333333333 / 138
友情点: 0 / 390835`
_2024-06-26 04:35:55_
--------
*ba3256674349b0bce287aa0f33ccbb26*
`登陆天数: 34天 / 671天
等级: 130
石头: 4075
呼符: 257
体力: 29.306666666666672 / 138
友情点: 0 / 390825`
_2024-06-26 04:36:03_
--------
*4668a716582763efe9debb601b8f79a6*
`登陆天数: 34天 / 671天
等级: 130
石头: 4075
呼符: 289
体力: 29.27666666666667 / 138
友情点: 0 / 390560`
_2024-06-26 04:36:12_
--------
*951c1fe79d9afe9e37051c0f8bb69197*
`登陆天数: 34天 / 671天
等级: 130
石头: 4060
呼符: 243
体力: 29.25 / 138
友情点: 0 / 391100`
_2024-06-26 04:36:20_
--------
*3c95d5ea18a0c3e5afa60eb7102ecb22*
`登陆天数: 34天 / 671天
等级: 130
石头: 4089
呼符: 214
体力: 29.226666666666674 / 138
友情点: 0 / 391310`
_2024-06-26 04:36:28_
--------
*f2be3360cbd3e934490636e484f2ff1e*
`登陆天数: 34天 / 671天
等级: 130
石头: 4079
呼符: 319
体力: 29.196666666666673 / 138
友情点: 0 / 391140`
_2024-06-26 04:36:36_
--------
*18d99410ac22a2645efb41b6af0c1eb1*
`登陆天数: 34天 / 672天
等级: 130
石头: 4089
呼符: 171
体力: 29.16666666666667 / 138
友情点: 0 / 389765`
_2024-06-26 04:36:44_
--------
*9f0a0d72fae19f5bcbc3351e52c42ee4*
`登陆天数: 34天 / 672天
等级: 130
石头: 4074
呼符: 270
体力: 29.14 / 138
友情点: 0 / 390720`
_2024-06-26 04:36:52_
--------
*49bc7e0047e2d56f14ae4fef74268be1*
`登陆天数: 34天 / 671天
等级: 130
石头: 4082
呼符: 303
体力: 29.11 / 138
友情点: 0 / 391825`
_2024-06-26 04:37:00_
--------
*5422108ee210360aaf177108c239bf16*
`登陆天数: 34天 / 671天
等级: 130
石头: 4084
呼符: 247
体力: 29.08333333333333 / 138
友情点: 0 / 390230`
_2024-06-26 04:37:08_
--------
*2784ddd03912679de1baa38f27f0f0f6*
`登陆天数: 34天 / 671天
等级: 130
石头: 4084
呼符: 321
体力: 29.056666666666672 / 138
友情点: 0 / 392610`
_2024-06-26 04:37:16_
--------
*04832a11fa463d4b86f861ec3e0e8d47*
`登陆天数: 34天 / 671天
等级: 130
石头: 4082
呼符: 284
体力: 29.03 / 138
友情点: 0 / 390195`
_2024-06-26 04:37:24_
--------
*77c7bcee0ca27f10718f799d8d210992*
`登陆天数: 34天 / 672天
等级: 130
石头: 4075
呼符: 309
体力: 29.00333333333333 / 138
友情点: 0 / 390585`
_2024-06-26 04:37:32_
--------
*49a0af4df2f9b0b1352b491c26a5f91e*
`登陆天数: 34天 / 672天
等级: 130
石头: 4066
呼符: 308
体力: 28.97333333333333 / 138
友情点: 0 / 389935`
_2024-06-26 04:37:40_
--------
*31fab70708fc44393178111a7c8022f6*
`登陆天数: 34天 / 672天
等级: 130
石头: 4079
呼符: 233
体力: 28.946666666666673 / 138
友情点: 0 / 390945`
_2024-06-26 04:37:48_
--------
*06415322c4df70ec3f1563c7860ec61c*
`登陆天数: 34天 / 671天
等级: 130
石头: 4085
呼符: 248
体力: 28.92 / 138
友情点: 0 / 390870`
_2024-06-26 04:37:56_
--------
*7a9d141954314f8ddf7bde7bcca02a37*
`登陆天数: 34天 / 671天
等级: 130
石头: 4052
呼符: 285
体力: 28.89666666666666 / 138
友情点: 0 / 389605`
_2024-06-26 04:38:04_
--------
*ba0e05d2f8a5acf52cecd934898dce75*
`登陆天数: 34天 / 672天
等级: 130
石头: 4085
呼符: 156
体力: 28.870000000000005 / 138
友情点: 0 / 392425`
_2024-06-26 04:38:12_
--------
*969c5d020945c5baa71a2b86463802be*
`登陆天数: 34天 / 671天
等级: 130
石头: 4077
呼符: 234
体力: 28.843333333333334 / 138
友情点: 0 / 390445`
_2024-06-26 04:38:20_
--------
*48603db78368bc4e9a7349875167f11e*
`登陆天数: 34天 / 671天
等级: 130
石头: 4013
呼符: 234
体力: 21653.95 / 138
友情点: 0 / 468135`
_2024-06-26 04:38:29_
--------
*a6cb2b7ce54392cffd443b13e1d727e0*
`登陆天数: 34天 / 672天
等级: 130
石头: 4004
呼符: 182
体力: 21653.98 / 138
友情点: 0 / 467165`
*連続ログイン6日目
※ログインが途切れるか、7日到達すると
1日目から再開されます*
`聖晶石 X 2
6月交換券(2024) X 1
`*「踊るドラゴン・キャッスル！ ～深海の姫君とふたつの宝玉～」
開幕直前特別ログインボーナス*
*開催期間中、1日1回 最大7回 ログインボーナスをプレゼント！*
`聖晶石 X 1
`_2024-06-26 04:38:37_
--------
