【登录信息】
*90301b31ff737306eff5bc4c463524ec*
`登陆天数: 35天 / 673天
等级: 130
石头: 4071
呼符: 332
体力: 31.123333333333335 / 138
友情点: 0 / 384025`
_2024-06-27 04:35:39_
--------
*d627beaffe7ea26fa0ce70b982ed8711*
`登陆天数: 35天 / 673天
等级: 130
石头: 4082
呼符: 301
体力: 31.090000000000003 / 138
友情点: 0 / 385030`
_2024-06-27 04:35:47_
--------
*0bed67e05fde5e8a83ba7307e7205171*
`登陆天数: 35天 / 672天
等级: 130
石头: 4083
呼符: 334
体力: 31.063333333333333 / 138
友情点: 0 / 384730`
_2024-06-27 04:35:55_
--------
*024b07d9e6192253b4d33dd76dea8c5f*
`登陆天数: 35天 / 673天
等级: 130
石头: 4086
呼符: 163
体力: 31.03 / 138
友情点: 0 / 385070`
_2024-06-27 04:36:03_
--------
*4ec26b91e516487dc55ae6f2cff4ae4a*
`登陆天数: 35天 / 672天
等级: 130
石头: 4086
呼符: 158
体力: 31.00333333333333 / 138
友情点: 0 / 389030`
_2024-06-27 04:36:11_
--------
*acb9ab1e99e3456ea336f8ef1b260e65*
`登陆天数: 35天 / 672天
等级: 130
石头: 4085
呼符: 265
体力: 30.976666666666674 / 138
友情点: 0 / 384045`
_2024-06-27 04:36:19_
--------
*078bb44cfb86dac756da3684e84b9886*
`登陆天数: 35天 / 673天
等级: 130
石头: 4080
呼符: 289
体力: 30.946666666666673 / 138
友情点: 0 / 384095`
_2024-06-27 04:36:27_
--------
*bb97b3a67b6ff2424e674a1dbdde81f7*
`登陆天数: 35天 / 673天
等级: 130
石头: 4079
呼符: 332
体力: 30.91666666666667 / 138
友情点: 0 / 386620`
_2024-06-27 04:36:35_
--------
*652095a74b2c64f328d1f4cea9a00973*
`登陆天数: 35天 / 673天
等级: 130
石头: 4044
呼符: 86
体力: 30.88666666666667 / 138
友情点: 0 / 383765`
_2024-06-27 04:36:43_
--------
*6ceb088359e6b062de289ca0cefc362e*
`登陆天数: 35天 / 672天
等级: 130
石头: 4076
呼符: 231
体力: 30.85666666666667 / 138
友情点: 0 / 384600`
_2024-06-27 04:36:51_
--------
*28d7798f8c903152e0d92f3bc8f63c33*
`登陆天数: 35天 / 673天
等级: 130
石头: 4093
呼符: 291
体力: 30.823333333333338 / 138
友情点: 0 / 384580`
_2024-06-27 04:36:59_
--------
*ba76096a9cdc3452141b904867a19276*
`登陆天数: 35天 / 672天
等级: 130
石头: 4076
呼符: 143
体力: 30.793333333333337 / 138
友情点: 0 / 384660`
_2024-06-27 04:37:07_
--------
*2e2039f81bd4dda30e028207208c5dbd*
`登陆天数: 35天 / 672天
等级: 130
石头: 4068
呼符: 287
体力: 30.763333333333335 / 138
友情点: 0 / 386315`
_2024-06-27 04:37:15_
--------
*df04ab639f8dc708aa4aca95b9b1899a*
`登陆天数: 35天 / 673天
等级: 130
石头: 4079
呼符: 249
体力: 30.736666666666665 / 138
友情点: 0 / 386120`
_2024-06-27 04:37:22_
--------
*f1b51fa0aeeeb31221d2601de6270375*
`登陆天数: 35天 / 672天
等级: 130
石头: 4082
呼符: 228
体力: 30.706666666666663 / 138
友情点: 0 / 384610`
_2024-06-27 04:37:30_
--------
*575e1648626f6d7f217abd5c9a92ab0c*
`登陆天数: 35天 / 673天
等级: 130
石头: 4068
呼符: 332
体力: 30.680000000000007 / 138
友情点: 0 / 384735`
_2024-06-27 04:37:39_
--------
*1b6a1c2f7514792daa0659f60ddd3fb4*
`登陆天数: 35天 / 673天
等级: 130
石头: 4083
呼符: 229
体力: 30.650000000000006 / 138
友情点: 0 / 385230`
_2024-06-27 04:37:47_
--------
*ba6a0431edf4d1f2e78f3e1ce12776c2*
`登陆天数: 35天 / 672天
等级: 130
石头: 4076
呼符: 328
体力: 30.623333333333335 / 138
友情点: 0 / 385515`
_2024-06-27 04:37:55_
--------
*de8ff01719830a881ffdd5e805cb8ce9*
`登陆天数: 35天 / 672天
等级: 130
石头: 4085
呼符: 323
体力: 30.593333333333334 / 138
友情点: 0 / 383160`
_2024-06-27 04:38:03_
--------
*4f8c843fd29092eae7bbd5df4199358a*
`登陆天数: 35天 / 672天
等级: 130
石头: 4076
呼符: 248
体力: 30.560000000000002 / 138
友情点: 0 / 383800`
_2024-06-27 04:38:11_
--------
*edf4337a6f6115da4b675b8571f3c270*
`登陆天数: 35天 / 672天
等级: 130
石头: 4072
呼符: 312
体力: 30.53 / 138
友情点: 0 / 384145`
_2024-06-27 04:38:19_
--------
*e5659ab2c932702f7cde8e9800ff2df2*
`登陆天数: 35天 / 672天
等级: 130
石头: 4077
呼符: 312
体力: 30.49666666666667 / 138
友情点: 0 / 386550`
_2024-06-27 04:38:27_
--------
*dc0201d800fd7973e57bed9368e3669c*
`登陆天数: 35天 / 672天
等级: 130
石头: 4084
呼符: 257
体力: 30.46333333333334 / 138
友情点: 0 / 385730`
_2024-06-27 04:38:35_
--------
*a1d669971e16b1810f3d19886b03db4e*
`登陆天数: 35天 / 673天
等级: 130
石头: 4077
呼符: 291
体力: 30.436666666666667 / 138
友情点: 0 / 384265`
_2024-06-27 04:38:43_
--------
*3f9614d2b2be18cbb252d877de6e5976*
`登陆天数: 35天 / 673天
等级: 130
石头: 4076
呼符: 333
体力: 30.406666666666666 / 138
友情点: 0 / 385145`
_2024-06-27 04:38:51_
--------
*fbf90a2444f3e91414e127fe29878609*
`登陆天数: 35天 / 673天
等级: 130
石头: 4086
呼符: 179
体力: 30.379999999999995 / 138
友情点: 0 / 383590`
_2024-06-27 04:38:59_
--------
*22568b38f19b6f1e313be015f5781f36*
`登陆天数: 35天 / 673天
等级: 130
石头: 4037
呼符: 269
体力: 30.346666666666664 / 138
友情点: 0 / 384485`
_2024-06-27 04:39:07_
--------
*7d4c09c768073669c77eba8afcb79b94*
`登陆天数: 35天 / 673天
等级: 130
石头: 4082
呼符: 192
体力: 30.313333333333333 / 138
友情点: 0 / 385090`
_2024-06-27 04:39:15_
--------
*31f768b7e667ac351f7de7eb98f322e5*
`登陆天数: 35天 / 672天
等级: 130
石头: 4084
呼符: 290
体力: 30.28666666666666 / 138
友情点: 0 / 386185`
_2024-06-27 04:39:23_
--------
*8154268d3c8c393b3ae07867303ba088*
`登陆天数: 35天 / 672天
等级: 130
石头: 4069
呼符: 228
体力: 30.25666666666666 / 138
友情点: 0 / 384835`
_2024-06-27 04:39:31_
--------
*ba3256674349b0bce287aa0f33ccbb26*
`登陆天数: 35天 / 672天
等级: 130
石头: 4075
呼符: 258
体力: 30.226666666666674 / 138
友情点: 0 / 384825`
_2024-06-27 04:39:38_
--------
*4668a716582763efe9debb601b8f79a6*
`登陆天数: 35天 / 672天
等级: 130
石头: 4075
呼符: 290
体力: 30.196666666666673 / 138
友情点: 0 / 384560`
_2024-06-27 04:39:47_
--------
*951c1fe79d9afe9e37051c0f8bb69197*
`登陆天数: 35天 / 672天
等级: 130
石头: 4060
呼符: 244
体力: 30.17 / 138
友情点: 0 / 385100`
_2024-06-27 04:39:55_
--------
*3c95d5ea18a0c3e5afa60eb7102ecb22*
`登陆天数: 35天 / 672天
等级: 130
石头: 4089
呼符: 215
体力: 30.14333333333333 / 138
友情点: 0 / 385310`
_2024-06-27 04:40:03_
--------
*f2be3360cbd3e934490636e484f2ff1e*
`登陆天数: 35天 / 672天
等级: 130
石头: 4079
呼符: 320
体力: 30.11 / 138
友情点: 0 / 385140`
_2024-06-27 04:40:11_
--------
*18d99410ac22a2645efb41b6af0c1eb1*
`登陆天数: 35天 / 673天
等级: 130
石头: 4089
呼符: 172
体力: 30.076666666666668 / 138
友情点: 0 / 383765`
_2024-06-27 04:40:19_
--------
*9f0a0d72fae19f5bcbc3351e52c42ee4*
`登陆天数: 35天 / 673天
等级: 130
石头: 4074
呼符: 271
体力: 30.046666666666667 / 138
友情点: 0 / 384720`
_2024-06-27 04:40:27_
--------
*49bc7e0047e2d56f14ae4fef74268be1*
`登陆天数: 35天 / 672天
等级: 130
石头: 4082
呼符: 304
体力: 30.016666666666666 / 138
友情点: 0 / 385825`
_2024-06-27 04:40:35_
--------
*5422108ee210360aaf177108c239bf16*
`登陆天数: 35天 / 672天
等级: 130
石头: 4084
呼符: 248
体力: 29.983333333333334 / 138
友情点: 0 / 384230`
_2024-06-27 04:40:43_
--------
*2784ddd03912679de1baa38f27f0f0f6*
`登陆天数: 35天 / 672天
等级: 130
石头: 4084
呼符: 322
体力: 29.956666666666663 / 138
友情点: 0 / 386610`
_2024-06-27 04:40:51_
--------
*04832a11fa463d4b86f861ec3e0e8d47*
`登陆天数: 35天 / 672天
等级: 130
石头: 4082
呼符: 285
体力: 29.926666666666662 / 138
友情点: 0 / 384195`
_2024-06-27 04:40:58_
--------
*77c7bcee0ca27f10718f799d8d210992*
`登陆天数: 35天 / 673天
等级: 130
石头: 4075
呼符: 310
体力: 29.900000000000006 / 138
友情点: 0 / 384585`
_2024-06-27 04:41:06_
--------
*49a0af4df2f9b0b1352b491c26a5f91e*
`登陆天数: 35天 / 673天
等级: 130
石头: 4066
呼符: 309
体力: 29.86666666666666 / 138
友情点: 0 / 383935`
_2024-06-27 04:41:14_
--------
*31fab70708fc44393178111a7c8022f6*
`登陆天数: 35天 / 673天
等级: 130
石头: 4079
呼符: 234
体力: 29.840000000000003 / 138
友情点: 0 / 384945`
_2024-06-27 04:41:22_
--------
*06415322c4df70ec3f1563c7860ec61c*
`登陆天数: 35天 / 672天
等级: 130
石头: 4085
呼符: 249
体力: 29.810000000000002 / 138
友情点: 0 / 384870`
_2024-06-27 04:41:29_
--------
*7a9d141954314f8ddf7bde7bcca02a37*
`登陆天数: 35天 / 672天
等级: 130
石头: 4052
呼符: 286
体力: 29.78 / 138
友情点: 0 / 383605`
_2024-06-27 04:41:37_
--------
*ba0e05d2f8a5acf52cecd934898dce75*
`登陆天数: 35天 / 673天
等级: 130
石头: 4085
呼符: 157
体力: 29.75333333333333 / 138
友情点: 0 / 386425`
_2024-06-27 04:41:45_
--------
*969c5d020945c5baa71a2b86463802be*
`登陆天数: 35天 / 672天
等级: 130
石头: 4077
呼符: 235
体力: 29.72 / 138
友情点: 0 / 384445`
_2024-06-27 04:41:53_
--------
*48603db78368bc4e9a7349875167f11e*
`登陆天数: 35天 / 672天
等级: 130
石头: 4013
呼符: 234
体力: 21942.66 / 138
友情点: 0 / 468135`
_2024-06-27 04:42:01_
--------
*a6cb2b7ce54392cffd443b13e1d727e0*
`登陆天数: 35天 / 673天
等级: 130
石头: 4004
呼符: 182
体力: 21942.68666666667 / 138
友情点: 0 / 467165`
*連続ログイン7日間到達おめでとうございます！
明日は1日目からリスタートされます。*
`獣の足跡 X 1
呼符 X 1
6月交換券(2024) X 1
`*螺旋証明世界 リリムハーロット ～喝采なき薔薇～ アンケート復刻版
開幕記念 ログインボーナス*
*開催期間中、1日1回 最大21回 ログインボーナスをプレゼント！*
`白銀の果実 X 1
`_2024-06-27 04:42:09_
--------
