【登录信息】
*90301b31ff737306eff5bc4c463524ec*
`登陆天数: 37天 / 675天
等级: 130
石头: 4091
呼符: 332
体力: 26.343333333333334 / 138
友情点: 0 / 374025`
_2024-06-29 04:13:08_
--------
*d627beaffe7ea26fa0ce70b982ed8711*
`登陆天数: 37天 / 675天
等级: 130
石头: 4102
呼符: 301
体力: 26.316666666666663 / 138
友情点: 0 / 375030`
_2024-06-29 04:13:16_
--------
*0bed67e05fde5e8a83ba7307e7205171*
`登陆天数: 37天 / 674天
等级: 130
石头: 4103
呼符: 334
体力: 26.293333333333337 / 138
友情点: 0 / 374730`
_2024-06-29 04:13:24_
--------
*024b07d9e6192253b4d33dd76dea8c5f*
`登陆天数: 37天 / 675天
等级: 130
石头: 4106
呼符: 163
体力: 26.263333333333335 / 138
友情点: 0 / 377070`
_2024-06-29 04:13:34_
--------
*4ec26b91e516487dc55ae6f2cff4ae4a*
`登陆天数: 37天 / 674天
等级: 130
石头: 4106
呼符: 158
体力: 26.236666666666665 / 138
友情点: 0 / 391030`
_2024-06-29 04:13:42_
--------
*acb9ab1e99e3456ea336f8ef1b260e65*
`登陆天数: 37天 / 674天
等级: 130
石头: 4105
呼符: 265
体力: 26.209999999999994 / 138
友情点: 0 / 374045`
_2024-06-29 04:13:50_
--------
*078bb44cfb86dac756da3684e84b9886*
`登陆天数: 37天 / 675天
等级: 130
石头: 4100
呼符: 289
体力: 26.180000000000007 / 138
友情点: 0 / 374095`
_2024-06-29 04:13:58_
--------
*bb97b3a67b6ff2424e674a1dbdde81f7*
`登陆天数: 37天 / 675天
等级: 130
石头: 4099
呼符: 332
体力: 26.14666666666666 / 138
友情点: 0 / 376620`
_2024-06-29 04:14:06_
--------
*652095a74b2c64f328d1f4cea9a00973*
`登陆天数: 37天 / 675天
等级: 130
石头: 4064
呼符: 86
体力: 26.120000000000005 / 138
友情点: 0 / 385765`
_2024-06-29 04:14:14_
--------
*6ceb088359e6b062de289ca0cefc362e*
`登陆天数: 37天 / 674天
等级: 130
石头: 4096
呼符: 231
体力: 26.093333333333334 / 138
友情点: 0 / 374600`
_2024-06-29 04:14:22_
--------
*28d7798f8c903152e0d92f3bc8f63c33*
`登陆天数: 37天 / 675天
等级: 130
石头: 4113
呼符: 291
体力: 26.060000000000002 / 138
友情点: 0 / 374580`
_2024-06-29 04:14:31_
--------
*ba76096a9cdc3452141b904867a19276*
`登陆天数: 37天 / 674天
等级: 130
石头: 4096
呼符: 143
体力: 26.03333333333333 / 138
友情点: 0 / 378660`
_2024-06-29 04:14:39_
--------
*2e2039f81bd4dda30e028207208c5dbd*
`登陆天数: 37天 / 674天
等级: 130
石头: 4088
呼符: 287
体力: 26.010000000000005 / 138
友情点: 0 / 376315`
_2024-06-29 04:14:47_
--------
*df04ab639f8dc708aa4aca95b9b1899a*
`登陆天数: 37天 / 675天
等级: 130
石头: 4099
呼符: 249
体力: 25.976666666666674 / 138
友情点: 0 / 376120`
_2024-06-29 04:14:55_
--------
*f1b51fa0aeeeb31221d2601de6270375*
`登陆天数: 37天 / 674天
等级: 130
石头: 4102
呼符: 228
体力: 25.950000000000003 / 138
友情点: 0 / 374610`
_2024-06-29 04:15:03_
--------
*575e1648626f6d7f217abd5c9a92ab0c*
`登陆天数: 37天 / 675天
等级: 130
石头: 4088
呼符: 332
体力: 25.923333333333332 / 138
友情点: 0 / 374735`
_2024-06-29 04:15:11_
--------
*1b6a1c2f7514792daa0659f60ddd3fb4*
`登陆天数: 37天 / 675天
等级: 130
石头: 4103
呼符: 229
体力: 25.89333333333333 / 138
友情点: 0 / 375230`
_2024-06-29 04:15:19_
--------
*ba6a0431edf4d1f2e78f3e1ce12776c2*
`登陆天数: 37天 / 674天
等级: 130
石头: 4096
呼符: 328
体力: 25.86333333333333 / 138
友情点: 0 / 375515`
_2024-06-29 04:15:27_
--------
*de8ff01719830a881ffdd5e805cb8ce9*
`登陆天数: 37天 / 674天
等级: 130
石头: 4105
呼符: 323
体力: 25.83333333333333 / 138
友情点: 0 / 373160`
_2024-06-29 04:15:35_
--------
*4f8c843fd29092eae7bbd5df4199358a*
`登陆天数: 37天 / 674天
等级: 130
石头: 4096
呼符: 248
体力: 25.806666666666672 / 138
友情点: 0 / 373800`
_2024-06-29 04:15:44_
--------
*edf4337a6f6115da4b675b8571f3c270*
`登陆天数: 37天 / 674天
等级: 130
石头: 4092
呼符: 312
体力: 25.78 / 138
友情点: 0 / 374145`
_2024-06-29 04:15:52_
--------
*e5659ab2c932702f7cde8e9800ff2df2*
`登陆天数: 37天 / 674天
等级: 130
石头: 4097
呼符: 312
体力: 25.75333333333333 / 138
友情点: 0 / 376550`
_2024-06-29 04:16:00_
--------
*dc0201d800fd7973e57bed9368e3669c*
`登陆天数: 37天 / 674天
等级: 130
石头: 4104
呼符: 257
体力: 25.72333333333333 / 138
友情点: 0 / 375730`
_2024-06-29 04:16:08_
--------
*a1d669971e16b1810f3d19886b03db4e*
`登陆天数: 37天 / 675天
等级: 130
石头: 4097
呼符: 291
体力: 25.693333333333328 / 138
友情点: 0 / 374265`
_2024-06-29 04:16:17_
--------
*3f9614d2b2be18cbb252d877de6e5976*
`登陆天数: 37天 / 675天
等级: 130
石头: 4096
呼符: 333
体力: 25.663333333333327 / 138
友情点: 0 / 375145`
_2024-06-29 04:16:25_
--------
*fbf90a2444f3e91414e127fe29878609*
`登陆天数: 37天 / 675天
等级: 130
石头: 4106
呼符: 179
体力: 25.63666666666667 / 138
友情点: 0 / 373590`
_2024-06-29 04:16:33_
--------
*22568b38f19b6f1e313be015f5781f36*
`登陆天数: 37天 / 675天
等级: 130
石头: 4057
呼符: 269
体力: 25.60666666666667 / 138
友情点: 0 / 374485`
_2024-06-29 04:16:41_
--------
*7d4c09c768073669c77eba8afcb79b94*
`登陆天数: 37天 / 675天
等级: 130
石头: 4102
呼符: 192
体力: 25.576666666666668 / 138
友情点: 0 / 375090`
_2024-06-29 04:16:50_
--------
*31f768b7e667ac351f7de7eb98f322e5*
`登陆天数: 37天 / 674天
等级: 130
石头: 4104
呼符: 290
体力: 25.546666666666667 / 138
友情点: 0 / 376185`
_2024-06-29 04:16:58_
--------
*8154268d3c8c393b3ae07867303ba088*
`登陆天数: 37天 / 674天
等级: 130
石头: 4089
呼符: 228
体力: 25.516666666666666 / 138
友情点: 0 / 374835`
_2024-06-29 04:17:06_
--------
*ba3256674349b0bce287aa0f33ccbb26*
`登陆天数: 37天 / 674天
等级: 130
石头: 4095
呼符: 258
体力: 25.486666666666665 / 138
友情点: 0 / 374825`
_2024-06-29 04:17:14_
--------
*4668a716582763efe9debb601b8f79a6*
`登陆天数: 37天 / 674天
等级: 130
石头: 4095
呼符: 290
体力: 25.459999999999994 / 138
友情点: 0 / 374560`
_2024-06-29 04:17:23_
--------
*951c1fe79d9afe9e37051c0f8bb69197*
`登陆天数: 37天 / 674天
等级: 130
石头: 4080
呼符: 244
体力: 25.430000000000007 / 138
友情点: 0 / 375100`
_2024-06-29 04:17:31_
--------
*3c95d5ea18a0c3e5afa60eb7102ecb22*
`登陆天数: 37天 / 674天
等级: 130
石头: 4109
呼符: 215
体力: 25.403333333333336 / 138
友情点: 0 / 375310`
_2024-06-29 04:17:39_
--------
*f2be3360cbd3e934490636e484f2ff1e*
`登陆天数: 37天 / 674天
等级: 130
石头: 4099
呼符: 320
体力: 25.373333333333335 / 138
友情点: 0 / 375140`
_2024-06-29 04:17:47_
--------
*18d99410ac22a2645efb41b6af0c1eb1*
`登陆天数: 37天 / 675天
等级: 130
石头: 4109
呼符: 172
体力: 25.340000000000003 / 138
友情点: 0 / 375765`
_2024-06-29 04:17:55_
--------
*9f0a0d72fae19f5bcbc3351e52c42ee4*
`登陆天数: 37天 / 675天
等级: 130
石头: 4094
呼符: 271
体力: 25.319999999999993 / 138
友情点: 0 / 376720`
_2024-06-29 04:18:04_
--------
*49bc7e0047e2d56f14ae4fef74268be1*
`登陆天数: 37天 / 674天
等级: 130
石头: 4102
呼符: 304
体力: 25.303333333333327 / 138
友情点: 0 / 375825`
_2024-06-29 04:18:12_
--------
*5422108ee210360aaf177108c239bf16*
`登陆天数: 37天 / 674天
等级: 130
石头: 4104
呼符: 248
体力: 25.273333333333326 / 138
友情点: 0 / 374230`
_2024-06-29 04:18:20_
--------
*2784ddd03912679de1baa38f27f0f0f6*
`登陆天数: 37天 / 674天
等级: 130
石头: 4104
呼符: 322
体力: 25.24333333333334 / 138
友情点: 0 / 376610`
_2024-06-29 04:18:29_
--------
*04832a11fa463d4b86f861ec3e0e8d47*
`登陆天数: 37天 / 674天
等级: 130
石头: 4102
呼符: 285
体力: 25.22 / 138
友情点: 0 / 374195`
_2024-06-29 04:18:37_
--------
*77c7bcee0ca27f10718f799d8d210992*
`登陆天数: 37天 / 675天
等级: 130
石头: 4095
呼符: 310
体力: 25.189999999999998 / 138
友情点: 0 / 374585`
_2024-06-29 04:18:45_
--------
*49a0af4df2f9b0b1352b491c26a5f91e*
`登陆天数: 37天 / 675天
等级: 130
石头: 4086
呼符: 309
体力: 25.16666666666667 / 138
友情点: 0 / 373935`
_2024-06-29 04:18:54_
--------
*31fab70708fc44393178111a7c8022f6*
`登陆天数: 37天 / 675天
等级: 130
石头: 4099
呼符: 234
体力: 25.13333333333334 / 138
友情点: 0 / 374945`
_2024-06-29 04:19:02_
--------
*06415322c4df70ec3f1563c7860ec61c*
`登陆天数: 37天 / 674天
等级: 130
石头: 4105
呼符: 249
体力: 25.10333333333334 / 138
友情点: 0 / 374870`
_2024-06-29 04:19:10_
--------
*7a9d141954314f8ddf7bde7bcca02a37*
`登陆天数: 37天 / 674天
等级: 130
石头: 4072
呼符: 286
体力: 25.073333333333338 / 138
友情点: 0 / 373605`
_2024-06-29 04:19:18_
--------
*ba0e05d2f8a5acf52cecd934898dce75*
`登陆天数: 37天 / 675天
等级: 130
石头: 4105
呼符: 157
体力: 25.043333333333337 / 138
友情点: 0 / 376425`
_2024-06-29 04:19:26_
--------
*969c5d020945c5baa71a2b86463802be*
`登陆天数: 37天 / 674天
等级: 130
石头: 4097
呼符: 235
体力: 25.019999999999996 / 138
友情点: 0 / 374445`
_2024-06-29 04:19:35_
--------
*48603db78368bc4e9a7349875167f11e*
`登陆天数: 37天 / 674天
等级: 130
石头: 4013
呼符: 234
体力: 22514.2 / 138
友情点: 0 / 468135`
_2024-06-29 04:19:43_
--------
*a6cb2b7ce54392cffd443b13e1d727e0*
`登陆天数: 1天 / 674天
等级: 130
石头: 4004
呼符: 182
体力: 22514.226666666666 / 138
友情点: 0 / 467165`
*連続ログイン1日目
※ログインが途切れるか、7日到達すると
1日目から再開されます*
`フレンドポイント X 2000
6月交換券(2024) X 1
`*FGO カルデア放送局 ライト版 FGO Fes. 2024＆ゲーム最新情報 放送記念 初回ログインボーナス*
*開催期間中、初回ログインで「聖晶石×14」をプレゼント！*
`聖晶石 X 14
`_2024-06-29 04:19:51_
--------
