【登录信息】
*90301b31ff737306eff5bc4c463524ec*
`登陆天数: 38天 / 676天
等级: 130
石头: 4091
呼符: 332
体力: 26.023333333333326 / 138
友情点: 0 / 368025`
_2024-06-30 04:11:39_
--------
*d627beaffe7ea26fa0ce70b982ed8711*
`登陆天数: 38天 / 676天
等级: 130
石头: 4102
呼符: 301
体力: 25.99333333333334 / 138
友情点: 0 / 369030`
_2024-06-30 04:11:47_
--------
*0bed67e05fde5e8a83ba7307e7205171*
`登陆天数: 38天 / 675天
等级: 130
石头: 4103
呼符: 334
体力: 25.96333333333334 / 138
友情点: 0 / 368730`
_2024-06-30 04:11:55_
--------
*024b07d9e6192253b4d33dd76dea8c5f*
`登陆天数: 38天 / 676天
等级: 130
石头: 4106
呼符: 163
体力: 25.936666666666667 / 138
友情点: 0 / 375070`
_2024-06-30 04:12:02_
--------
*4ec26b91e516487dc55ae6f2cff4ae4a*
`登陆天数: 38天 / 675天
等级: 130
石头: 4106
呼符: 158
体力: 25.913333333333327 / 138
友情点: 0 / 391030`
_2024-06-30 04:12:10_
--------
*acb9ab1e99e3456ea336f8ef1b260e65*
`登陆天数: 38天 / 675天
等级: 130
石头: 4105
呼符: 265
体力: 25.88333333333334 / 138
友情点: 0 / 368045`
_2024-06-30 04:12:18_
--------
*078bb44cfb86dac756da3684e84b9886*
`登陆天数: 38天 / 676天
等级: 130
石头: 4100
呼符: 289
体力: 25.85666666666667 / 138
友情点: 0 / 368095`
_2024-06-30 04:12:25_
--------
*bb97b3a67b6ff2424e674a1dbdde81f7*
`登陆天数: 38天 / 676天
等级: 130
石头: 4099
呼符: 332
体力: 25.826666666666668 / 138
友情点: 0 / 370620`
_2024-06-30 04:12:33_
--------
*652095a74b2c64f328d1f4cea9a00973*
`登陆天数: 38天 / 676天
等级: 130
石头: 4064
呼符: 86
体力: 25.799999999999997 / 138
友情点: 0 / 385765`
_2024-06-30 04:12:41_
--------
*6ceb088359e6b062de289ca0cefc362e*
`登陆天数: 38天 / 675天
等级: 130
石头: 4096
呼符: 231
体力: 25.77666666666667 / 138
友情点: 0 / 368600`
_2024-06-30 04:12:49_
--------
*28d7798f8c903152e0d92f3bc8f63c33*
`登陆天数: 38天 / 676天
等级: 130
石头: 4113
呼符: 291
体力: 25.75 / 138
友情点: 0 / 368580`
_2024-06-30 04:12:56_
--------
*ba76096a9cdc3452141b904867a19276*
`登陆天数: 38天 / 675天
等级: 130
石头: 4096
呼符: 143
体力: 25.72333333333333 / 138
友情点: 0 / 378660`
_2024-06-30 04:13:04_
--------
*2e2039f81bd4dda30e028207208c5dbd*
`登陆天数: 38天 / 675天
等级: 130
石头: 4088
呼符: 287
体力: 25.693333333333328 / 138
友情点: 0 / 370315`
_2024-06-30 04:13:12_
--------
*df04ab639f8dc708aa4aca95b9b1899a*
`登陆天数: 38天 / 676天
等级: 130
石头: 4099
呼符: 249
体力: 25.66666666666667 / 138
友情点: 0 / 370120`
_2024-06-30 04:13:19_
--------
*f1b51fa0aeeeb31221d2601de6270375*
`登陆天数: 38天 / 675天
等级: 130
石头: 4102
呼符: 228
体力: 25.64 / 138
友情点: 0 / 368610`
_2024-06-30 04:13:27_
--------
*575e1648626f6d7f217abd5c9a92ab0c*
`登陆天数: 38天 / 676天
等级: 130
石头: 4088
呼符: 332
体力: 25.61333333333333 / 138
友情点: 0 / 368735`
_2024-06-30 04:13:35_
--------
*1b6a1c2f7514792daa0659f60ddd3fb4*
`登陆天数: 38天 / 676天
等级: 130
石头: 4103
呼符: 229
体力: 25.586666666666673 / 138
友情点: 0 / 369230`
_2024-06-30 04:13:43_
--------
*ba6a0431edf4d1f2e78f3e1ce12776c2*
`登陆天数: 38天 / 675天
等级: 130
石头: 4096
呼符: 328
体力: 25.556666666666672 / 138
友情点: 0 / 369515`
_2024-06-30 04:13:51_
--------
*de8ff01719830a881ffdd5e805cb8ce9*
`登陆天数: 38天 / 675天
等级: 130
石头: 4105
呼符: 323
体力: 25.52666666666667 / 138
友情点: 0 / 367160`
_2024-06-30 04:13:59_
--------
*4f8c843fd29092eae7bbd5df4199358a*
`登陆天数: 38天 / 675天
等级: 130
石头: 4096
呼符: 248
体力: 25.49666666666667 / 138
友情点: 0 / 367800`
_2024-06-30 04:14:06_
--------
*edf4337a6f6115da4b675b8571f3c270*
`登陆天数: 38天 / 675天
等级: 130
石头: 4092
呼符: 312
体力: 25.46666666666667 / 138
友情点: 0 / 368145`
_2024-06-30 04:14:14_
--------
*e5659ab2c932702f7cde8e9800ff2df2*
`登陆天数: 38天 / 675天
等级: 130
石头: 4097
呼符: 312
体力: 25.439999999999998 / 138
友情点: 0 / 370550`
_2024-06-30 04:14:22_
--------
*dc0201d800fd7973e57bed9368e3669c*
`登陆天数: 38天 / 675天
等级: 130
石头: 4104
呼符: 257
体力: 25.413333333333327 / 138
友情点: 0 / 369730`
_2024-06-30 04:14:30_
--------
*a1d669971e16b1810f3d19886b03db4e*
`登陆天数: 38天 / 676天
等级: 130
石头: 4097
呼符: 291
体力: 25.38666666666667 / 138
友情点: 0 / 368265`
_2024-06-30 04:14:37_
--------
*3f9614d2b2be18cbb252d877de6e5976*
`登陆天数: 38天 / 676天
等级: 130
石头: 4096
呼符: 333
体力: 25.35666666666667 / 138
友情点: 0 / 369145`
_2024-06-30 04:14:46_
--------
*fbf90a2444f3e91414e127fe29878609*
`登陆天数: 38天 / 676天
等级: 130
石头: 4106
呼符: 179
体力: 25.33333333333333 / 138
友情点: 0 / 367590`
_2024-06-30 04:14:53_
--------
*22568b38f19b6f1e313be015f5781f36*
`登陆天数: 38天 / 676天
等级: 130
石头: 4057
呼符: 269
体力: 25.306666666666672 / 138
友情点: 0 / 368485`
_2024-06-30 04:15:01_
--------
*7d4c09c768073669c77eba8afcb79b94*
`登陆天数: 38天 / 676天
等级: 130
石头: 4102
呼符: 192
体力: 25.269999999999996 / 138
友情点: 0 / 369090`
_2024-06-30 04:15:09_
--------
*31f768b7e667ac351f7de7eb98f322e5*
`登陆天数: 38天 / 675天
等级: 130
石头: 4104
呼符: 290
体力: 25.24333333333334 / 138
友情点: 0 / 370185`
_2024-06-30 04:15:17_
--------
*8154268d3c8c393b3ae07867303ba088*
`登陆天数: 38天 / 675天
等级: 130
石头: 4089
呼符: 228
体力: 25.21333333333334 / 138
友情点: 0 / 368835`
_2024-06-30 04:15:25_
--------
*ba3256674349b0bce287aa0f33ccbb26*
`登陆天数: 38天 / 675天
等级: 130
石头: 4095
呼符: 258
体力: 25.186666666666667 / 138
友情点: 0 / 368825`
_2024-06-30 04:15:33_
--------
*4668a716582763efe9debb601b8f79a6*
`登陆天数: 38天 / 675天
等级: 130
石头: 4095
呼符: 290
体力: 25.159999999999997 / 138
友情点: 0 / 368560`
_2024-06-30 04:15:40_
--------
*951c1fe79d9afe9e37051c0f8bb69197*
`登陆天数: 38天 / 675天
等级: 130
石头: 4080
呼符: 244
体力: 25.129999999999995 / 138
友情点: 0 / 369100`
_2024-06-30 04:15:48_
--------
*3c95d5ea18a0c3e5afa60eb7102ecb22*
`登陆天数: 38天 / 675天
等级: 130
石头: 4109
呼符: 215
体力: 25.10333333333334 / 138
友情点: 0 / 373310`
_2024-06-30 04:15:57_
--------
*f2be3360cbd3e934490636e484f2ff1e*
`登陆天数: 38天 / 675天
等级: 130
石头: 4099
呼符: 320
体力: 25.08 / 138
友情点: 0 / 369140`
_2024-06-30 04:16:05_
--------
*18d99410ac22a2645efb41b6af0c1eb1*
`登陆天数: 38天 / 676天
等级: 130
石头: 4109
呼符: 172
体力: 25.053333333333327 / 138
友情点: 0 / 369765`
_2024-06-30 04:16:13_
--------
*9f0a0d72fae19f5bcbc3351e52c42ee4*
`登陆天数: 38天 / 676天
等级: 130
石头: 4094
呼符: 271
体力: 25.023333333333326 / 138
友情点: 0 / 370720`
_2024-06-30 04:16:20_
--------
*49bc7e0047e2d56f14ae4fef74268be1*
`登陆天数: 38天 / 675天
等级: 130
石头: 4102
呼符: 304
体力: 24.99666666666667 / 138
友情点: 0 / 369825`
_2024-06-30 04:16:28_
--------
*5422108ee210360aaf177108c239bf16*
`登陆天数: 38天 / 675天
等级: 130
石头: 4104
呼符: 248
体力: 24.97 / 138
友情点: 0 / 368230`
_2024-06-30 04:16:36_
--------
*2784ddd03912679de1baa38f27f0f0f6*
`登陆天数: 38天 / 675天
等级: 130
石头: 4104
呼符: 322
体力: 24.943333333333328 / 138
友情点: 0 / 370610`
_2024-06-30 04:16:43_
--------
*04832a11fa463d4b86f861ec3e0e8d47*
`登陆天数: 38天 / 675天
等级: 130
石头: 4102
呼符: 285
体力: 24.91666666666667 / 138
友情点: 0 / 368195`
_2024-06-30 04:16:51_
--------
*77c7bcee0ca27f10718f799d8d210992*
`登陆天数: 38天 / 676天
等级: 130
石头: 4095
呼符: 310
体力: 24.88666666666667 / 138
友情点: 0 / 368585`
_2024-06-30 04:16:59_
--------
*49a0af4df2f9b0b1352b491c26a5f91e*
`登陆天数: 38天 / 676天
等级: 130
石头: 4086
呼符: 309
体力: 24.86 / 138
友情点: 0 / 367935`
_2024-06-30 04:17:07_
--------
*31fab70708fc44393178111a7c8022f6*
`登陆天数: 38天 / 676天
等级: 130
石头: 4099
呼符: 234
体力: 24.83333333333333 / 138
友情点: 0 / 374945`
_2024-06-30 04:17:14_
--------
*06415322c4df70ec3f1563c7860ec61c*
`登陆天数: 38天 / 675天
等级: 130
石头: 4105
呼符: 249
体力: 24.810000000000002 / 138
友情点: 0 / 368870`
_2024-06-30 04:17:22_
--------
*7a9d141954314f8ddf7bde7bcca02a37*
`登陆天数: 38天 / 675天
等级: 130
石头: 4072
呼符: 286
体力: 24.77666666666667 / 138
友情点: 0 / 367605`
_2024-06-30 04:17:30_
--------
*ba0e05d2f8a5acf52cecd934898dce75*
`登陆天数: 38天 / 676天
等级: 130
石头: 4105
呼符: 157
体力: 24.75 / 138
友情点: 0 / 374425`
_2024-06-30 04:17:37_
--------
*969c5d020945c5baa71a2b86463802be*
`登陆天数: 38天 / 675天
等级: 130
石头: 4097
呼符: 235
体力: 24.726666666666674 / 138
友情点: 0 / 368445`
_2024-06-30 04:17:45_
--------
*48603db78368bc4e9a7349875167f11e*
`登陆天数: 38天 / 675天
等级: 130
石头: 4013
呼符: 234
体力: 22801.833333333332 / 138
友情点: 0 / 468135`
_2024-06-30 04:17:53_
--------
*a6cb2b7ce54392cffd443b13e1d727e0*
`登陆天数: 2天 / 675天
等级: 130
石头: 4004
呼符: 182
体力: 22801.856666666667 / 138
友情点: 0 / 467165`
*連続ログイン2日目
※ログインが途切れるか、7日到達すると
1日目から再開されます*
`聖晶石 X 1
6月交換券(2024) X 1
`*踊るドラゴン・キャッスル！ ～深海の姫君とふたつの宝玉～ 開幕記念 ログインボーナス*
*開催期間中、1日1回 最大21回 ログインボーナスをプレゼント！*
`白銀の果実 X 1
`_2024-06-30 04:18:01_
--------
